[2023-07-01 14:13:25] dev.ERROR: [Syntax Error] Expected Doctrine\Common\Annotations\DocLexer::T_CLOSE_PARENTHESIS, got '@' in \App\Http\Controllers\Api\AuthController->register() in D:\laragon\www\PuraniJeans\app\Http\Controllers\Api\AuthController.php on line 33:22 {"exception":"[object] (ErrorException(code: 0): [Syntax Error] Expected Doctrine\\Common\\Annotations\\DocLexer::T_CLOSE_PARENTHESIS, got '@' in \\App\\Http\\Controllers\\Api\\AuthController->register() in D:\\laragon\\www\\PuraniJeans\\app\\Http\\Controllers\\Api\\AuthController.php on line 33:22 at D:\\laragon\\www\\PuraniJeans\\vendor\\zircote\\swagger-php\\src\\Loggers\\DefaultLogger.php:31)
[stacktrace]
#0 D:\\laragon\\www\\PuraniJeans\\vendor\\laravel\\framework\\src\\Illuminate\\Foundation\\Bootstrap\\HandleExceptions.php(254): Illuminate\\Foundation\\Bootstrap\\HandleExceptions->handleError(512, '[Syntax Error] ...', 'D:\\\\laragon\\\\www\\\\...', 31)
#1 [internal function]: Illuminate\\Foundation\\Bootstrap\\HandleExceptions->Illuminate\\Foundation\\Bootstrap\\{closure}(512, '[Syntax Error] ...', 'D:\\\\laragon\\\\www\\\\...', 31)
#2 D:\\laragon\\www\\PuraniJeans\\vendor\\zircote\\swagger-php\\src\\Loggers\\DefaultLogger.php(31): trigger_error('[Syntax Error] ...', 512)
#3 D:\\laragon\\www\\PuraniJeans\\vendor\\psr\\log\\src\\LoggerTrait.php(70): OpenApi\\Loggers\\DefaultLogger->log('error', '[Syntax Error] ...', Array)
#4 D:\\laragon\\www\\PuraniJeans\\vendor\\zircote\\swagger-php\\src\\Analysers\\DocBlockParser.php(70): Psr\\Log\\AbstractLogger->error('[Syntax Error] ...', Array)
#5 D:\\laragon\\www\\PuraniJeans\\vendor\\zircote\\swagger-php\\src\\Analysers\\DocBlockAnnotationFactory.php(53): OpenApi\\Analysers\\DocBlockParser->fromComment('/**\\n     * @OA\\\\...', Object(OpenApi\\Context))
#6 D:\\laragon\\www\\PuraniJeans\\vendor\\zircote\\swagger-php\\src\\Analysers\\ReflectionAnalyser.php(133): OpenApi\\Analysers\\DocBlockAnnotationFactory->build(Object(ReflectionMethod), Object(OpenApi\\Context))
#7 D:\\laragon\\www\\PuraniJeans\\vendor\\zircote\\swagger-php\\src\\Analysers\\ReflectionAnalyser.php(57): OpenApi\\Analysers\\ReflectionAnalyser->analyzeFqdn('App\\\\Http\\\\Contro...', Object(OpenApi\\Analysis), Array)
#8 D:\\laragon\\www\\PuraniJeans\\vendor\\zircote\\swagger-php\\src\\Generator.php(493): OpenApi\\Analysers\\ReflectionAnalyser->fromFile('D:\\\\laragon\\\\www\\\\...', Object(OpenApi\\Context))
#9 D:\\laragon\\www\\PuraniJeans\\vendor\\zircote\\swagger-php\\src\\Generator.php(455): OpenApi\\Generator->scanSources(Object(Symfony\\Component\\Finder\\Finder), Object(OpenApi\\Analysis), Object(OpenApi\\Context))
#10 D:\\laragon\\www\\PuraniJeans\\vendor\\darkaonline\\l5-swagger\\src\\Generator.php(191): OpenApi\\Generator->generate(Object(Symfony\\Component\\Finder\\Finder), Object(OpenApi\\Analysis))
#11 D:\\laragon\\www\\PuraniJeans\\vendor\\darkaonline\\l5-swagger\\src\\Generator.php(132): L5Swagger\\Generator->scanFilesForDocumentation()
#12 D:\\laragon\\www\\PuraniJeans\\vendor\\darkaonline\\l5-swagger\\src\\Console\\GenerateDocsCommand.php(72): L5Swagger\\Generator->generateDocs()
#13 D:\\laragon\\www\\PuraniJeans\\vendor\\darkaonline\\l5-swagger\\src\\Console\\GenerateDocsCommand.php(58): L5Swagger\\Console\\GenerateDocsCommand->generateDocumentation(Object(L5Swagger\\GeneratorFactory), 'default')
#14 D:\\laragon\\www\\PuraniJeans\\vendor\\laravel\\framework\\src\\Illuminate\\Container\\BoundMethod.php(36): L5Swagger\\Console\\GenerateDocsCommand->handle(Object(L5Swagger\\GeneratorFactory))
#15 D:\\laragon\\www\\PuraniJeans\\vendor\\laravel\\framework\\src\\Illuminate\\Container\\Util.php(41): Illuminate\\Container\\BoundMethod::Illuminate\\Container\\{closure}()
#16 D:\\laragon\\www\\PuraniJeans\\vendor\\laravel\\framework\\src\\Illuminate\\Container\\BoundMethod.php(93): Illuminate\\Container\\Util::unwrapIfClosure(Object(Closure))
#17 D:\\laragon\\www\\PuraniJeans\\vendor\\laravel\\framework\\src\\Illuminate\\Container\\BoundMethod.php(37): Illuminate\\Container\\BoundMethod::callBoundMethod(Object(Illuminate\\Foundation\\Application), Array, Object(Closure))
#18 D:\\laragon\\www\\PuraniJeans\\vendor\\laravel\\framework\\src\\Illuminate\\Container\\Container.php(662): Illuminate\\Container\\BoundMethod::call(Object(Illuminate\\Foundation\\Application), Array, Array, NULL)
#19 D:\\laragon\\www\\PuraniJeans\\vendor\\laravel\\framework\\src\\Illuminate\\Console\\Command.php(208): Illuminate\\Container\\Container->call(Array)
#20 D:\\laragon\\www\\PuraniJeans\\vendor\\symfony\\console\\Command\\Command.php(326): Illuminate\\Console\\Command->execute(Object(Symfony\\Component\\Console\\Input\\ArgvInput), Object(Illuminate\\Console\\OutputStyle))
#21 D:\\laragon\\www\\PuraniJeans\\vendor\\laravel\\framework\\src\\Illuminate\\Console\\Command.php(178): Symfony\\Component\\Console\\Command\\Command->run(Object(Symfony\\Component\\Console\\Input\\ArgvInput), Object(Illuminate\\Console\\OutputStyle))
#22 D:\\laragon\\www\\PuraniJeans\\vendor\\symfony\\console\\Application.php(1081): Illuminate\\Console\\Command->run(Object(Symfony\\Component\\Console\\Input\\ArgvInput), Object(Symfony\\Component\\Console\\Output\\ConsoleOutput))
#23 D:\\laragon\\www\\PuraniJeans\\vendor\\symfony\\console\\Application.php(320): Symfony\\Component\\Console\\Application->doRunCommand(Object(L5Swagger\\Console\\GenerateDocsCommand), Object(Symfony\\Component\\Console\\Input\\ArgvInput), Object(Symfony\\Component\\Console\\Output\\ConsoleOutput))
#24 D:\\laragon\\www\\PuraniJeans\\vendor\\symfony\\console\\Application.php(174): Symfony\\Component\\Console\\Application->doRun(Object(Symfony\\Component\\Console\\Input\\ArgvInput), Object(Symfony\\Component\\Console\\Output\\ConsoleOutput))
#25 D:\\laragon\\www\\PuraniJeans\\vendor\\laravel\\framework\\src\\Illuminate\\Foundation\\Console\\Kernel.php(200): Symfony\\Component\\Console\\Application->run(Object(Symfony\\Component\\Console\\Input\\ArgvInput), Object(Symfony\\Component\\Console\\Output\\ConsoleOutput))
#26 D:\\laragon\\www\\PuraniJeans\\artisan(37): Illuminate\\Foundation\\Console\\Kernel->handle(Object(Symfony\\Component\\Console\\Input\\ArgvInput), Object(Symfony\\Component\\Console\\Output\\ConsoleOutput))
#27 {main}
"} 
[2023-07-01 14:13:30] dev.ERROR: ErrorException: [Syntax Error] Expected Doctrine\Common\Annotations\DocLexer::T_CLOSE_PARENTHESIS, got '@' in \App\Http\Controllers\Api\AuthController->register() in D:\laragon\www\PuraniJeans\app\Http\Controllers\Api\AuthController.php on line 33:22 in D:\laragon\www\PuraniJeans\vendor\zircote\swagger-php\src\Loggers\DefaultLogger.php:31
Stack trace:
#0 D:\laragon\www\PuraniJeans\vendor\laravel\framework\src\Illuminate\Foundation\Bootstrap\HandleExceptions.php(254): Illuminate\Foundation\Bootstrap\HandleExceptions->handleError(512, '[Syntax Error] ...', 'D:\\laragon\\www\\...', 31)
#1 [internal function]: Illuminate\Foundation\Bootstrap\HandleExceptions->Illuminate\Foundation\Bootstrap\{closure}(512, '[Syntax Error] ...', 'D:\\laragon\\www\\...', 31)
#2 D:\laragon\www\PuraniJeans\vendor\zircote\swagger-php\src\Loggers\DefaultLogger.php(31): trigger_error('[Syntax Error] ...', 512)
#3 D:\laragon\www\PuraniJeans\vendor\psr\log\src\LoggerTrait.php(70): OpenApi\Loggers\DefaultLogger->log('error', '[Syntax Error] ...', Array)
#4 D:\laragon\www\PuraniJeans\vendor\zircote\swagger-php\src\Analysers\DocBlockParser.php(70): Psr\Log\AbstractLogger->error('[Syntax Error] ...', Array)
#5 D:\laragon\www\PuraniJeans\vendor\zircote\swagger-php\src\Analysers\DocBlockAnnotationFactory.php(53): OpenApi\Analysers\DocBlockParser->fromComment('/**\n     * @OA\\...', Object(OpenApi\Context))
#6 D:\laragon\www\PuraniJeans\vendor\zircote\swagger-php\src\Analysers\ReflectionAnalyser.php(133): OpenApi\Analysers\DocBlockAnnotationFactory->build(Object(ReflectionMethod), Object(OpenApi\Context))
#7 D:\laragon\www\PuraniJeans\vendor\zircote\swagger-php\src\Analysers\ReflectionAnalyser.php(57): OpenApi\Analysers\ReflectionAnalyser->analyzeFqdn('App\\Http\\Contro...', Object(OpenApi\Analysis), Array)
#8 D:\laragon\www\PuraniJeans\vendor\zircote\swagger-php\src\Generator.php(493): OpenApi\Analysers\ReflectionAnalyser->fromFile('D:\\laragon\\www\\...', Object(OpenApi\Context))
#9 D:\laragon\www\PuraniJeans\vendor\zircote\swagger-php\src\Generator.php(455): OpenApi\Generator->scanSources(Object(Symfony\Component\Finder\Finder), Object(OpenApi\Analysis), Object(OpenApi\Context))
#10 D:\laragon\www\PuraniJeans\vendor\darkaonline\l5-swagger\src\Generator.php(191): OpenApi\Generator->generate(Object(Symfony\Component\Finder\Finder), Object(OpenApi\Analysis))
#11 D:\laragon\www\PuraniJeans\vendor\darkaonline\l5-swagger\src\Generator.php(132): L5Swagger\Generator->scanFilesForDocumentation()
#12 D:\laragon\www\PuraniJeans\vendor\darkaonline\l5-swagger\src\Http\Controllers\SwaggerController.php(64): L5Swagger\Generator->generateDocs()
#13 D:\laragon\www\PuraniJeans\vendor\laravel\framework\src\Illuminate\Routing\Controller.php(54): L5Swagger\Http\Controllers\SwaggerController->docs(Object(Illuminate\Http\Request), 'api-docs.json')
#14 D:\laragon\www\PuraniJeans\vendor\laravel\framework\src\Illuminate\Routing\ControllerDispatcher.php(43): Illuminate\Routing\Controller->callAction('docs', Array)
#15 D:\laragon\www\PuraniJeans\vendor\sentry\sentry-laravel\src\Sentry\Laravel\Tracing\Routing\TracingControllerDispatcherTracing.php(21): Illuminate\Routing\ControllerDispatcher->dispatch(Object(Illuminate\Routing\Route), Object(L5Swagger\Http\Controllers\SwaggerController), 'docs')
#16 D:\laragon\www\PuraniJeans\vendor\sentry\sentry-laravel\src\Sentry\Laravel\Tracing\Routing\TracingRoutingDispatcher.php(31): Sentry\Laravel\Tracing\Routing\TracingControllerDispatcherTracing->Sentry\Laravel\Tracing\Routing\{closure}()
#17 D:\laragon\www\PuraniJeans\vendor\sentry\sentry-laravel\src\Sentry\Laravel\Tracing\Routing\TracingControllerDispatcherTracing.php(20): Sentry\Laravel\Tracing\Routing\TracingRoutingDispatcher->wrapRouteDispatch(Object(Closure), Object(Illuminate\Routing\Route))
#18 D:\laragon\www\PuraniJeans\vendor\laravel\framework\src\Illuminate\Routing\Route.php(260): Sentry\Laravel\Tracing\Routing\TracingControllerDispatcherTracing->dispatch(Object(Illuminate\Routing\Route), Object(L5Swagger\Http\Controllers\SwaggerController), 'docs')
#19 D:\laragon\www\PuraniJeans\vendor\laravel\framework\src\Illuminate\Routing\Route.php(205): Illuminate\Routing\Route->runController()
#20 D:\laragon\www\PuraniJeans\vendor\laravel\framework\src\Illuminate\Routing\Router.php(799): Illuminate\Routing\Route->run()
#21 D:\laragon\www\PuraniJeans\vendor\laravel\framework\src\Illuminate\Pipeline\Pipeline.php(141): Illuminate\Routing\Router->Illuminate\Routing\{closure}(Object(Illuminate\Http\Request))
#22 D:\laragon\www\PuraniJeans\vendor\darkaonline\l5-swagger\src\Http\Middleware\Config.php(44): Illuminate\Pipeline\Pipeline->Illuminate\Pipeline\{closure}(Object(Illuminate\Http\Request))
#23 D:\laragon\www\PuraniJeans\vendor\laravel\framework\src\Illuminate\Pipeline\Pipeline.php(180): L5Swagger\Http\Middleware\Config->handle(Object(Illuminate\Http\Request), Object(Closure))
#24 D:\laragon\www\PuraniJeans\vendor\laravel\framework\src\Illuminate\Pipeline\Pipeline.php(116): Illuminate\Pipeline\Pipeline->Illuminate\Pipeline\{closure}(Object(Illuminate\Http\Request))
#25 D:\laragon\www\PuraniJeans\vendor\laravel\framework\src\Illuminate\Routing\Router.php(800): Illuminate\Pipeline\Pipeline->then(Object(Closure))
#26 D:\laragon\www\PuraniJeans\vendor\laravel\framework\src\Illuminate\Routing\Router.php(777): Illuminate\Routing\Router->runRouteWithinStack(Object(Illuminate\Routing\Route), Object(Illuminate\Http\Request))
#27 D:\laragon\www\PuraniJeans\vendor\laravel\framework\src\Illuminate\Routing\Router.php(741): Illuminate\Routing\Router->runRoute(Object(Illuminate\Http\Request), Object(Illuminate\Routing\Route))
#28 D:\laragon\www\PuraniJeans\vendor\laravel\framework\src\Illuminate\Routing\Router.php(730): Illuminate\Routing\Router->dispatchToRoute(Object(Illuminate\Http\Request))
#29 D:\laragon\www\PuraniJeans\vendor\laravel\framework\src\Illuminate\Foundation\Http\Kernel.php(200): Illuminate\Routing\Router->dispatch(Object(Illuminate\Http\Request))
#30 D:\laragon\www\PuraniJeans\vendor\laravel\framework\src\Illuminate\Pipeline\Pipeline.php(141): Illuminate\Foundation\Http\Kernel->Illuminate\Foundation\Http\{closure}(Object(Illuminate\Http\Request))
#31 D:\laragon\www\PuraniJeans\vendor\sentry\sentry-laravel\src\Sentry\Laravel\Http\SetRequestIpMiddleware.php(45): Illuminate\Pipeline\Pipeline->Illuminate\Pipeline\{closure}(Object(Illuminate\Http\Request))
#32 D:\laragon\www\PuraniJeans\vendor\laravel\framework\src\Illuminate\Pipeline\Pipeline.php(180): Sentry\Laravel\Http\SetRequestIpMiddleware->handle(Object(Illuminate\Http\Request), Object(Closure))
#33 D:\laragon\www\PuraniJeans\vendor\sentry\sentry-laravel\src\Sentry\Laravel\Http\SetRequestMiddleware.php(30): Illuminate\Pipeline\Pipeline->Illuminate\Pipeline\{closure}(Object(Illuminate\Http\Request))
#34 D:\laragon\www\PuraniJeans\vendor\laravel\framework\src\Illuminate\Pipeline\Pipeline.php(180): Sentry\Laravel\Http\SetRequestMiddleware->handle(Object(Illuminate\Http\Request), Object(Closure))
#35 D:\laragon\www\PuraniJeans\vendor\laravel\framework\src\Illuminate\Foundation\Http\Middleware\TransformsRequest.php(21): Illuminate\Pipeline\Pipeline->Illuminate\Pipeline\{closure}(Object(Illuminate\Http\Request))
#36 D:\laragon\www\PuraniJeans\vendor\laravel\framework\src\Illuminate\Foundation\Http\Middleware\ConvertEmptyStringsToNull.php(31): Illuminate\Foundation\Http\Middleware\TransformsRequest->handle(Object(Illuminate\Http\Request), Object(Closure))
#37 D:\laragon\www\PuraniJeans\vendor\laravel\framework\src\Illuminate\Pipeline\Pipeline.php(180): Illuminate\Foundation\Http\Middleware\ConvertEmptyStringsToNull->handle(Object(Illuminate\Http\Request), Object(Closure))
#38 D:\laragon\www\PuraniJeans\vendor\laravel\framework\src\Illuminate\Foundation\Http\Middleware\TransformsRequest.php(21): Illuminate\Pipeline\Pipeline->Illuminate\Pipeline\{closure}(Object(Illuminate\Http\Request))
#39 D:\laragon\www\PuraniJeans\vendor\laravel\framework\src\Illuminate\Foundation\Http\Middleware\TrimStrings.php(40): Illuminate\Foundation\Http\Middleware\TransformsRequest->handle(Object(Illuminate\Http\Request), Object(Closure))
#40 D:\laragon\www\PuraniJeans\vendor\laravel\framework\src\Illuminate\Pipeline\Pipeline.php(180): Illuminate\Foundation\Http\Middleware\TrimStrings->handle(Object(Illuminate\Http\Request), Object(Closure))
#41 D:\laragon\www\PuraniJeans\vendor\laravel\framework\src\Illuminate\Foundation\Http\Middleware\ValidatePostSize.php(27): Illuminate\Pipeline\Pipeline->Illuminate\Pipeline\{closure}(Object(Illuminate\Http\Request))
#42 D:\laragon\www\PuraniJeans\vendor\laravel\framework\src\Illuminate\Pipeline\Pipeline.php(180): Illuminate\Foundation\Http\Middleware\ValidatePostSize->handle(Object(Illuminate\Http\Request), Object(Closure))
#43 D:\laragon\www\PuraniJeans\vendor\laravel\framework\src\Illuminate\Foundation\Http\Middleware\PreventRequestsDuringMaintenance.php(86): Illuminate\Pipeline\Pipeline->Illuminate\Pipeline\{closure}(Object(Illuminate\Http\Request))
#44 D:\laragon\www\PuraniJeans\vendor\laravel\framework\src\Illuminate\Pipeline\Pipeline.php(180): Illuminate\Foundation\Http\Middleware\PreventRequestsDuringMaintenance->handle(Object(Illuminate\Http\Request), Object(Closure))
#45 D:\laragon\www\PuraniJeans\vendor\laravel\framework\src\Illuminate\Http\Middleware\HandleCors.php(49): Illuminate\Pipeline\Pipeline->Illuminate\Pipeline\{closure}(Object(Illuminate\Http\Request))
#46 D:\laragon\www\PuraniJeans\vendor\laravel\framework\src\Illuminate\Pipeline\Pipeline.php(180): Illuminate\Http\Middleware\HandleCors->handle(Object(Illuminate\Http\Request), Object(Closure))
#47 D:\laragon\www\PuraniJeans\vendor\laravel\framework\src\Illuminate\Http\Middleware\TrustProxies.php(39): Illuminate\Pipeline\Pipeline->Illuminate\Pipeline\{closure}(Object(Illuminate\Http\Request))
#48 D:\laragon\www\PuraniJeans\vendor\laravel\framework\src\Illuminate\Pipeline\Pipeline.php(180): Illuminate\Http\Middleware\TrustProxies->handle(Object(Illuminate\Http\Request), Object(Closure))
#49 D:\laragon\www\PuraniJeans\vendor\sentry\sentry-laravel\src\Sentry\Laravel\Tracing\Middleware.php(77): Illuminate\Pipeline\Pipeline->Illuminate\Pipeline\{closure}(Object(Illuminate\Http\Request))
#50 D:\laragon\www\PuraniJeans\vendor\laravel\framework\src\Illuminate\Pipeline\Pipeline.php(180): Sentry\Laravel\Tracing\Middleware->handle(Object(Illuminate\Http\Request), Object(Closure))
#51 D:\laragon\www\PuraniJeans\vendor\laravel\framework\src\Illuminate\Pipeline\Pipeline.php(116): Illuminate\Pipeline\Pipeline->Illuminate\Pipeline\{closure}(Object(Illuminate\Http\Request))
#52 D:\laragon\www\PuraniJeans\vendor\laravel\framework\src\Illuminate\Foundation\Http\Kernel.php(175): Illuminate\Pipeline\Pipeline->then(Object(Closure))
#53 D:\laragon\www\PuraniJeans\vendor\laravel\framework\src\Illuminate\Foundation\Http\Kernel.php(144): Illuminate\Foundation\Http\Kernel->sendRequestThroughRouter(Object(Illuminate\Http\Request))
#54 D:\laragon\www\PuraniJeans\public\index.php(52): Illuminate\Foundation\Http\Kernel->handle(Object(Illuminate\Http\Request))
#55 {main}  
[2023-07-01 14:14:20] dev.ERROR: ErrorException: [Syntax Error] Expected Doctrine\Common\Annotations\DocLexer::T_CLOSE_PARENTHESIS, got '@' in \App\Http\Controllers\Api\AuthController->register() in D:\laragon\www\PuraniJeans\app\Http\Controllers\Api\AuthController.php on line 33:22 in D:\laragon\www\PuraniJeans\vendor\zircote\swagger-php\src\Loggers\DefaultLogger.php:31
Stack trace:
#0 D:\laragon\www\PuraniJeans\vendor\laravel\framework\src\Illuminate\Foundation\Bootstrap\HandleExceptions.php(254): Illuminate\Foundation\Bootstrap\HandleExceptions->handleError(512, '[Syntax Error] ...', 'D:\\laragon\\www\\...', 31)
#1 [internal function]: Illuminate\Foundation\Bootstrap\HandleExceptions->Illuminate\Foundation\Bootstrap\{closure}(512, '[Syntax Error] ...', 'D:\\laragon\\www\\...', 31)
#2 D:\laragon\www\PuraniJeans\vendor\zircote\swagger-php\src\Loggers\DefaultLogger.php(31): trigger_error('[Syntax Error] ...', 512)
#3 D:\laragon\www\PuraniJeans\vendor\psr\log\src\LoggerTrait.php(70): OpenApi\Loggers\DefaultLogger->log('error', '[Syntax Error] ...', Array)
#4 D:\laragon\www\PuraniJeans\vendor\zircote\swagger-php\src\Analysers\DocBlockParser.php(70): Psr\Log\AbstractLogger->error('[Syntax Error] ...', Array)
#5 D:\laragon\www\PuraniJeans\vendor\zircote\swagger-php\src\Analysers\DocBlockAnnotationFactory.php(53): OpenApi\Analysers\DocBlockParser->fromComment('/**\n     * @OA\\...', Object(OpenApi\Context))
#6 D:\laragon\www\PuraniJeans\vendor\zircote\swagger-php\src\Analysers\ReflectionAnalyser.php(133): OpenApi\Analysers\DocBlockAnnotationFactory->build(Object(ReflectionMethod), Object(OpenApi\Context))
#7 D:\laragon\www\PuraniJeans\vendor\zircote\swagger-php\src\Analysers\ReflectionAnalyser.php(57): OpenApi\Analysers\ReflectionAnalyser->analyzeFqdn('App\\Http\\Contro...', Object(OpenApi\Analysis), Array)
#8 D:\laragon\www\PuraniJeans\vendor\zircote\swagger-php\src\Generator.php(493): OpenApi\Analysers\ReflectionAnalyser->fromFile('D:\\laragon\\www\\...', Object(OpenApi\Context))
#9 D:\laragon\www\PuraniJeans\vendor\zircote\swagger-php\src\Generator.php(455): OpenApi\Generator->scanSources(Object(Symfony\Component\Finder\Finder), Object(OpenApi\Analysis), Object(OpenApi\Context))
#10 D:\laragon\www\PuraniJeans\vendor\darkaonline\l5-swagger\src\Generator.php(191): OpenApi\Generator->generate(Object(Symfony\Component\Finder\Finder), Object(OpenApi\Analysis))
#11 D:\laragon\www\PuraniJeans\vendor\darkaonline\l5-swagger\src\Generator.php(132): L5Swagger\Generator->scanFilesForDocumentation()
#12 D:\laragon\www\PuraniJeans\vendor\darkaonline\l5-swagger\src\Http\Controllers\SwaggerController.php(64): L5Swagger\Generator->generateDocs()
#13 D:\laragon\www\PuraniJeans\vendor\laravel\framework\src\Illuminate\Routing\Controller.php(54): L5Swagger\Http\Controllers\SwaggerController->docs(Object(Illuminate\Http\Request), 'api-docs.json')
#14 D:\laragon\www\PuraniJeans\vendor\laravel\framework\src\Illuminate\Routing\ControllerDispatcher.php(43): Illuminate\Routing\Controller->callAction('docs', Array)
#15 D:\laragon\www\PuraniJeans\vendor\sentry\sentry-laravel\src\Sentry\Laravel\Tracing\Routing\TracingControllerDispatcherTracing.php(21): Illuminate\Routing\ControllerDispatcher->dispatch(Object(Illuminate\Routing\Route), Object(L5Swagger\Http\Controllers\SwaggerController), 'docs')
#16 D:\laragon\www\PuraniJeans\vendor\sentry\sentry-laravel\src\Sentry\Laravel\Tracing\Routing\TracingRoutingDispatcher.php(31): Sentry\Laravel\Tracing\Routing\TracingControllerDispatcherTracing->Sentry\Laravel\Tracing\Routing\{closure}()
#17 D:\laragon\www\PuraniJeans\vendor\sentry\sentry-laravel\src\Sentry\Laravel\Tracing\Routing\TracingControllerDispatcherTracing.php(20): Sentry\Laravel\Tracing\Routing\TracingRoutingDispatcher->wrapRouteDispatch(Object(Closure), Object(Illuminate\Routing\Route))
#18 D:\laragon\www\PuraniJeans\vendor\laravel\framework\src\Illuminate\Routing\Route.php(260): Sentry\Laravel\Tracing\Routing\TracingControllerDispatcherTracing->dispatch(Object(Illuminate\Routing\Route), Object(L5Swagger\Http\Controllers\SwaggerController), 'docs')
#19 D:\laragon\www\PuraniJeans\vendor\laravel\framework\src\Illuminate\Routing\Route.php(205): Illuminate\Routing\Route->runController()
#20 D:\laragon\www\PuraniJeans\vendor\laravel\framework\src\Illuminate\Routing\Router.php(799): Illuminate\Routing\Route->run()
#21 D:\laragon\www\PuraniJeans\vendor\laravel\framework\src\Illuminate\Pipeline\Pipeline.php(141): Illuminate\Routing\Router->Illuminate\Routing\{closure}(Object(Illuminate\Http\Request))
#22 D:\laragon\www\PuraniJeans\vendor\darkaonline\l5-swagger\src\Http\Middleware\Config.php(44): Illuminate\Pipeline\Pipeline->Illuminate\Pipeline\{closure}(Object(Illuminate\Http\Request))
#23 D:\laragon\www\PuraniJeans\vendor\laravel\framework\src\Illuminate\Pipeline\Pipeline.php(180): L5Swagger\Http\Middleware\Config->handle(Object(Illuminate\Http\Request), Object(Closure))
#24 D:\laragon\www\PuraniJeans\vendor\laravel\framework\src\Illuminate\Pipeline\Pipeline.php(116): Illuminate\Pipeline\Pipeline->Illuminate\Pipeline\{closure}(Object(Illuminate\Http\Request))
#25 D:\laragon\www\PuraniJeans\vendor\laravel\framework\src\Illuminate\Routing\Router.php(800): Illuminate\Pipeline\Pipeline->then(Object(Closure))
#26 D:\laragon\www\PuraniJeans\vendor\laravel\framework\src\Illuminate\Routing\Router.php(777): Illuminate\Routing\Router->runRouteWithinStack(Object(Illuminate\Routing\Route), Object(Illuminate\Http\Request))
#27 D:\laragon\www\PuraniJeans\vendor\laravel\framework\src\Illuminate\Routing\Router.php(741): Illuminate\Routing\Router->runRoute(Object(Illuminate\Http\Request), Object(Illuminate\Routing\Route))
#28 D:\laragon\www\PuraniJeans\vendor\laravel\framework\src\Illuminate\Routing\Router.php(730): Illuminate\Routing\Router->dispatchToRoute(Object(Illuminate\Http\Request))
#29 D:\laragon\www\PuraniJeans\vendor\laravel\framework\src\Illuminate\Foundation\Http\Kernel.php(200): Illuminate\Routing\Router->dispatch(Object(Illuminate\Http\Request))
#30 D:\laragon\www\PuraniJeans\vendor\laravel\framework\src\Illuminate\Pipeline\Pipeline.php(141): Illuminate\Foundation\Http\Kernel->Illuminate\Foundation\Http\{closure}(Object(Illuminate\Http\Request))
#31 D:\laragon\www\PuraniJeans\vendor\sentry\sentry-laravel\src\Sentry\Laravel\Http\SetRequestIpMiddleware.php(45): Illuminate\Pipeline\Pipeline->Illuminate\Pipeline\{closure}(Object(Illuminate\Http\Request))
#32 D:\laragon\www\PuraniJeans\vendor\laravel\framework\src\Illuminate\Pipeline\Pipeline.php(180): Sentry\Laravel\Http\SetRequestIpMiddleware->handle(Object(Illuminate\Http\Request), Object(Closure))
#33 D:\laragon\www\PuraniJeans\vendor\sentry\sentry-laravel\src\Sentry\Laravel\Http\SetRequestMiddleware.php(30): Illuminate\Pipeline\Pipeline->Illuminate\Pipeline\{closure}(Object(Illuminate\Http\Request))
#34 D:\laragon\www\PuraniJeans\vendor\laravel\framework\src\Illuminate\Pipeline\Pipeline.php(180): Sentry\Laravel\Http\SetRequestMiddleware->handle(Object(Illuminate\Http\Request), Object(Closure))
#35 D:\laragon\www\PuraniJeans\vendor\laravel\framework\src\Illuminate\Foundation\Http\Middleware\TransformsRequest.php(21): Illuminate\Pipeline\Pipeline->Illuminate\Pipeline\{closure}(Object(Illuminate\Http\Request))
#36 D:\laragon\www\PuraniJeans\vendor\laravel\framework\src\Illuminate\Foundation\Http\Middleware\ConvertEmptyStringsToNull.php(31): Illuminate\Foundation\Http\Middleware\TransformsRequest->handle(Object(Illuminate\Http\Request), Object(Closure))
#37 D:\laragon\www\PuraniJeans\vendor\laravel\framework\src\Illuminate\Pipeline\Pipeline.php(180): Illuminate\Foundation\Http\Middleware\ConvertEmptyStringsToNull->handle(Object(Illuminate\Http\Request), Object(Closure))
#38 D:\laragon\www\PuraniJeans\vendor\laravel\framework\src\Illuminate\Foundation\Http\Middleware\TransformsRequest.php(21): Illuminate\Pipeline\Pipeline->Illuminate\Pipeline\{closure}(Object(Illuminate\Http\Request))
#39 D:\laragon\www\PuraniJeans\vendor\laravel\framework\src\Illuminate\Foundation\Http\Middleware\TrimStrings.php(40): Illuminate\Foundation\Http\Middleware\TransformsRequest->handle(Object(Illuminate\Http\Request), Object(Closure))
#40 D:\laragon\www\PuraniJeans\vendor\laravel\framework\src\Illuminate\Pipeline\Pipeline.php(180): Illuminate\Foundation\Http\Middleware\TrimStrings->handle(Object(Illuminate\Http\Request), Object(Closure))
#41 D:\laragon\www\PuraniJeans\vendor\laravel\framework\src\Illuminate\Foundation\Http\Middleware\ValidatePostSize.php(27): Illuminate\Pipeline\Pipeline->Illuminate\Pipeline\{closure}(Object(Illuminate\Http\Request))
#42 D:\laragon\www\PuraniJeans\vendor\laravel\framework\src\Illuminate\Pipeline\Pipeline.php(180): Illuminate\Foundation\Http\Middleware\ValidatePostSize->handle(Object(Illuminate\Http\Request), Object(Closure))
#43 D:\laragon\www\PuraniJeans\vendor\laravel\framework\src\Illuminate\Foundation\Http\Middleware\PreventRequestsDuringMaintenance.php(86): Illuminate\Pipeline\Pipeline->Illuminate\Pipeline\{closure}(Object(Illuminate\Http\Request))
#44 D:\laragon\www\PuraniJeans\vendor\laravel\framework\src\Illuminate\Pipeline\Pipeline.php(180): Illuminate\Foundation\Http\Middleware\PreventRequestsDuringMaintenance->handle(Object(Illuminate\Http\Request), Object(Closure))
#45 D:\laragon\www\PuraniJeans\vendor\laravel\framework\src\Illuminate\Http\Middleware\HandleCors.php(49): Illuminate\Pipeline\Pipeline->Illuminate\Pipeline\{closure}(Object(Illuminate\Http\Request))
#46 D:\laragon\www\PuraniJeans\vendor\laravel\framework\src\Illuminate\Pipeline\Pipeline.php(180): Illuminate\Http\Middleware\HandleCors->handle(Object(Illuminate\Http\Request), Object(Closure))
#47 D:\laragon\www\PuraniJeans\vendor\laravel\framework\src\Illuminate\Http\Middleware\TrustProxies.php(39): Illuminate\Pipeline\Pipeline->Illuminate\Pipeline\{closure}(Object(Illuminate\Http\Request))
#48 D:\laragon\www\PuraniJeans\vendor\laravel\framework\src\Illuminate\Pipeline\Pipeline.php(180): Illuminate\Http\Middleware\TrustProxies->handle(Object(Illuminate\Http\Request), Object(Closure))
#49 D:\laragon\www\PuraniJeans\vendor\sentry\sentry-laravel\src\Sentry\Laravel\Tracing\Middleware.php(77): Illuminate\Pipeline\Pipeline->Illuminate\Pipeline\{closure}(Object(Illuminate\Http\Request))
#50 D:\laragon\www\PuraniJeans\vendor\laravel\framework\src\Illuminate\Pipeline\Pipeline.php(180): Sentry\Laravel\Tracing\Middleware->handle(Object(Illuminate\Http\Request), Object(Closure))
#51 D:\laragon\www\PuraniJeans\vendor\laravel\framework\src\Illuminate\Pipeline\Pipeline.php(116): Illuminate\Pipeline\Pipeline->Illuminate\Pipeline\{closure}(Object(Illuminate\Http\Request))
#52 D:\laragon\www\PuraniJeans\vendor\laravel\framework\src\Illuminate\Foundation\Http\Kernel.php(175): Illuminate\Pipeline\Pipeline->then(Object(Closure))
#53 D:\laragon\www\PuraniJeans\vendor\laravel\framework\src\Illuminate\Foundation\Http\Kernel.php(144): Illuminate\Foundation\Http\Kernel->sendRequestThroughRouter(Object(Illuminate\Http\Request))
#54 D:\laragon\www\PuraniJeans\public\index.php(52): Illuminate\Foundation\Http\Kernel->handle(Object(Illuminate\Http\Request))
#55 {main}  
[2023-07-01 14:14:29] dev.ERROR: [Syntax Error] Expected Doctrine\Common\Annotations\DocLexer::T_CLOSE_PARENTHESIS, got '@' in \App\Http\Controllers\Api\AuthController->register() in D:\laragon\www\PuraniJeans\app\Http\Controllers\Api\AuthController.php on line 33:22 {"exception":"[object] (ErrorException(code: 0): [Syntax Error] Expected Doctrine\\Common\\Annotations\\DocLexer::T_CLOSE_PARENTHESIS, got '@' in \\App\\Http\\Controllers\\Api\\AuthController->register() in D:\\laragon\\www\\PuraniJeans\\app\\Http\\Controllers\\Api\\AuthController.php on line 33:22 at D:\\laragon\\www\\PuraniJeans\\vendor\\zircote\\swagger-php\\src\\Loggers\\DefaultLogger.php:31)
[stacktrace]
#0 D:\\laragon\\www\\PuraniJeans\\vendor\\laravel\\framework\\src\\Illuminate\\Foundation\\Bootstrap\\HandleExceptions.php(254): Illuminate\\Foundation\\Bootstrap\\HandleExceptions->handleError(512, '[Syntax Error] ...', 'D:\\\\laragon\\\\www\\\\...', 31)
#1 [internal function]: Illuminate\\Foundation\\Bootstrap\\HandleExceptions->Illuminate\\Foundation\\Bootstrap\\{closure}(512, '[Syntax Error] ...', 'D:\\\\laragon\\\\www\\\\...', 31)
#2 D:\\laragon\\www\\PuraniJeans\\vendor\\zircote\\swagger-php\\src\\Loggers\\DefaultLogger.php(31): trigger_error('[Syntax Error] ...', 512)
#3 D:\\laragon\\www\\PuraniJeans\\vendor\\psr\\log\\src\\LoggerTrait.php(70): OpenApi\\Loggers\\DefaultLogger->log('error', '[Syntax Error] ...', Array)
#4 D:\\laragon\\www\\PuraniJeans\\vendor\\zircote\\swagger-php\\src\\Analysers\\DocBlockParser.php(70): Psr\\Log\\AbstractLogger->error('[Syntax Error] ...', Array)
#5 D:\\laragon\\www\\PuraniJeans\\vendor\\zircote\\swagger-php\\src\\Analysers\\DocBlockAnnotationFactory.php(53): OpenApi\\Analysers\\DocBlockParser->fromComment('/**\\n     * @OA\\\\...', Object(OpenApi\\Context))
#6 D:\\laragon\\www\\PuraniJeans\\vendor\\zircote\\swagger-php\\src\\Analysers\\ReflectionAnalyser.php(133): OpenApi\\Analysers\\DocBlockAnnotationFactory->build(Object(ReflectionMethod), Object(OpenApi\\Context))
#7 D:\\laragon\\www\\PuraniJeans\\vendor\\zircote\\swagger-php\\src\\Analysers\\ReflectionAnalyser.php(57): OpenApi\\Analysers\\ReflectionAnalyser->analyzeFqdn('App\\\\Http\\\\Contro...', Object(OpenApi\\Analysis), Array)
#8 D:\\laragon\\www\\PuraniJeans\\vendor\\zircote\\swagger-php\\src\\Generator.php(493): OpenApi\\Analysers\\ReflectionAnalyser->fromFile('D:\\\\laragon\\\\www\\\\...', Object(OpenApi\\Context))
#9 D:\\laragon\\www\\PuraniJeans\\vendor\\zircote\\swagger-php\\src\\Generator.php(455): OpenApi\\Generator->scanSources(Object(Symfony\\Component\\Finder\\Finder), Object(OpenApi\\Analysis), Object(OpenApi\\Context))
#10 D:\\laragon\\www\\PuraniJeans\\vendor\\darkaonline\\l5-swagger\\src\\Generator.php(191): OpenApi\\Generator->generate(Object(Symfony\\Component\\Finder\\Finder), Object(OpenApi\\Analysis))
#11 D:\\laragon\\www\\PuraniJeans\\vendor\\darkaonline\\l5-swagger\\src\\Generator.php(132): L5Swagger\\Generator->scanFilesForDocumentation()
#12 D:\\laragon\\www\\PuraniJeans\\vendor\\darkaonline\\l5-swagger\\src\\Console\\GenerateDocsCommand.php(72): L5Swagger\\Generator->generateDocs()
#13 D:\\laragon\\www\\PuraniJeans\\vendor\\darkaonline\\l5-swagger\\src\\Console\\GenerateDocsCommand.php(58): L5Swagger\\Console\\GenerateDocsCommand->generateDocumentation(Object(L5Swagger\\GeneratorFactory), 'default')
#14 D:\\laragon\\www\\PuraniJeans\\vendor\\laravel\\framework\\src\\Illuminate\\Container\\BoundMethod.php(36): L5Swagger\\Console\\GenerateDocsCommand->handle(Object(L5Swagger\\GeneratorFactory))
#15 D:\\laragon\\www\\PuraniJeans\\vendor\\laravel\\framework\\src\\Illuminate\\Container\\Util.php(41): Illuminate\\Container\\BoundMethod::Illuminate\\Container\\{closure}()
#16 D:\\laragon\\www\\PuraniJeans\\vendor\\laravel\\framework\\src\\Illuminate\\Container\\BoundMethod.php(93): Illuminate\\Container\\Util::unwrapIfClosure(Object(Closure))
#17 D:\\laragon\\www\\PuraniJeans\\vendor\\laravel\\framework\\src\\Illuminate\\Container\\BoundMethod.php(37): Illuminate\\Container\\BoundMethod::callBoundMethod(Object(Illuminate\\Foundation\\Application), Array, Object(Closure))
#18 D:\\laragon\\www\\PuraniJeans\\vendor\\laravel\\framework\\src\\Illuminate\\Container\\Container.php(662): Illuminate\\Container\\BoundMethod::call(Object(Illuminate\\Foundation\\Application), Array, Array, NULL)
#19 D:\\laragon\\www\\PuraniJeans\\vendor\\laravel\\framework\\src\\Illuminate\\Console\\Command.php(208): Illuminate\\Container\\Container->call(Array)
#20 D:\\laragon\\www\\PuraniJeans\\vendor\\symfony\\console\\Command\\Command.php(326): Illuminate\\Console\\Command->execute(Object(Symfony\\Component\\Console\\Input\\ArgvInput), Object(Illuminate\\Console\\OutputStyle))
#21 D:\\laragon\\www\\PuraniJeans\\vendor\\laravel\\framework\\src\\Illuminate\\Console\\Command.php(178): Symfony\\Component\\Console\\Command\\Command->run(Object(Symfony\\Component\\Console\\Input\\ArgvInput), Object(Illuminate\\Console\\OutputStyle))
#22 D:\\laragon\\www\\PuraniJeans\\vendor\\symfony\\console\\Application.php(1081): Illuminate\\Console\\Command->run(Object(Symfony\\Component\\Console\\Input\\ArgvInput), Object(Symfony\\Component\\Console\\Output\\ConsoleOutput))
#23 D:\\laragon\\www\\PuraniJeans\\vendor\\symfony\\console\\Application.php(320): Symfony\\Component\\Console\\Application->doRunCommand(Object(L5Swagger\\Console\\GenerateDocsCommand), Object(Symfony\\Component\\Console\\Input\\ArgvInput), Object(Symfony\\Component\\Console\\Output\\ConsoleOutput))
#24 D:\\laragon\\www\\PuraniJeans\\vendor\\symfony\\console\\Application.php(174): Symfony\\Component\\Console\\Application->doRun(Object(Symfony\\Component\\Console\\Input\\ArgvInput), Object(Symfony\\Component\\Console\\Output\\ConsoleOutput))
#25 D:\\laragon\\www\\PuraniJeans\\vendor\\laravel\\framework\\src\\Illuminate\\Foundation\\Console\\Kernel.php(200): Symfony\\Component\\Console\\Application->run(Object(Symfony\\Component\\Console\\Input\\ArgvInput), Object(Symfony\\Component\\Console\\Output\\ConsoleOutput))
#26 D:\\laragon\\www\\PuraniJeans\\artisan(37): Illuminate\\Foundation\\Console\\Kernel->handle(Object(Symfony\\Component\\Console\\Input\\ArgvInput), Object(Symfony\\Component\\Console\\Output\\ConsoleOutput))
#27 {main}
"} 
[2023-07-01 14:16:03] dev.ERROR: [Syntax Error] Expected Doctrine\Common\Annotations\DocLexer::T_CLOSE_PARENTHESIS, got '@' in \App\Http\Controllers\Api\AuthController->register() in D:\laragon\www\PuraniJeans\app\Http\Controllers\Api\AuthController.php on line 33:22 {"exception":"[object] (ErrorException(code: 0): [Syntax Error] Expected Doctrine\\Common\\Annotations\\DocLexer::T_CLOSE_PARENTHESIS, got '@' in \\App\\Http\\Controllers\\Api\\AuthController->register() in D:\\laragon\\www\\PuraniJeans\\app\\Http\\Controllers\\Api\\AuthController.php on line 33:22 at D:\\laragon\\www\\PuraniJeans\\vendor\\zircote\\swagger-php\\src\\Loggers\\DefaultLogger.php:31)
[stacktrace]
#0 D:\\laragon\\www\\PuraniJeans\\vendor\\laravel\\framework\\src\\Illuminate\\Foundation\\Bootstrap\\HandleExceptions.php(254): Illuminate\\Foundation\\Bootstrap\\HandleExceptions->handleError(512, '[Syntax Error] ...', 'D:\\\\laragon\\\\www\\\\...', 31)
#1 [internal function]: Illuminate\\Foundation\\Bootstrap\\HandleExceptions->Illuminate\\Foundation\\Bootstrap\\{closure}(512, '[Syntax Error] ...', 'D:\\\\laragon\\\\www\\\\...', 31)
#2 D:\\laragon\\www\\PuraniJeans\\vendor\\zircote\\swagger-php\\src\\Loggers\\DefaultLogger.php(31): trigger_error('[Syntax Error] ...', 512)
#3 D:\\laragon\\www\\PuraniJeans\\vendor\\psr\\log\\src\\LoggerTrait.php(70): OpenApi\\Loggers\\DefaultLogger->log('error', '[Syntax Error] ...', Array)
#4 D:\\laragon\\www\\PuraniJeans\\vendor\\zircote\\swagger-php\\src\\Analysers\\DocBlockParser.php(70): Psr\\Log\\AbstractLogger->error('[Syntax Error] ...', Array)
#5 D:\\laragon\\www\\PuraniJeans\\vendor\\zircote\\swagger-php\\src\\Analysers\\DocBlockAnnotationFactory.php(53): OpenApi\\Analysers\\DocBlockParser->fromComment('/**\\n     * @OA\\\\...', Object(OpenApi\\Context))
#6 D:\\laragon\\www\\PuraniJeans\\vendor\\zircote\\swagger-php\\src\\Analysers\\ReflectionAnalyser.php(133): OpenApi\\Analysers\\DocBlockAnnotationFactory->build(Object(ReflectionMethod), Object(OpenApi\\Context))
#7 D:\\laragon\\www\\PuraniJeans\\vendor\\zircote\\swagger-php\\src\\Analysers\\ReflectionAnalyser.php(57): OpenApi\\Analysers\\ReflectionAnalyser->analyzeFqdn('App\\\\Http\\\\Contro...', Object(OpenApi\\Analysis), Array)
#8 D:\\laragon\\www\\PuraniJeans\\vendor\\zircote\\swagger-php\\src\\Generator.php(493): OpenApi\\Analysers\\ReflectionAnalyser->fromFile('D:\\\\laragon\\\\www\\\\...', Object(OpenApi\\Context))
#9 D:\\laragon\\www\\PuraniJeans\\vendor\\zircote\\swagger-php\\src\\Generator.php(455): OpenApi\\Generator->scanSources(Object(Symfony\\Component\\Finder\\Finder), Object(OpenApi\\Analysis), Object(OpenApi\\Context))
#10 D:\\laragon\\www\\PuraniJeans\\vendor\\darkaonline\\l5-swagger\\src\\Generator.php(191): OpenApi\\Generator->generate(Object(Symfony\\Component\\Finder\\Finder), Object(OpenApi\\Analysis))
#11 D:\\laragon\\www\\PuraniJeans\\vendor\\darkaonline\\l5-swagger\\src\\Generator.php(132): L5Swagger\\Generator->scanFilesForDocumentation()
#12 D:\\laragon\\www\\PuraniJeans\\vendor\\darkaonline\\l5-swagger\\src\\Console\\GenerateDocsCommand.php(72): L5Swagger\\Generator->generateDocs()
#13 D:\\laragon\\www\\PuraniJeans\\vendor\\darkaonline\\l5-swagger\\src\\Console\\GenerateDocsCommand.php(58): L5Swagger\\Console\\GenerateDocsCommand->generateDocumentation(Object(L5Swagger\\GeneratorFactory), 'default')
#14 D:\\laragon\\www\\PuraniJeans\\vendor\\laravel\\framework\\src\\Illuminate\\Container\\BoundMethod.php(36): L5Swagger\\Console\\GenerateDocsCommand->handle(Object(L5Swagger\\GeneratorFactory))
#15 D:\\laragon\\www\\PuraniJeans\\vendor\\laravel\\framework\\src\\Illuminate\\Container\\Util.php(41): Illuminate\\Container\\BoundMethod::Illuminate\\Container\\{closure}()
#16 D:\\laragon\\www\\PuraniJeans\\vendor\\laravel\\framework\\src\\Illuminate\\Container\\BoundMethod.php(93): Illuminate\\Container\\Util::unwrapIfClosure(Object(Closure))
#17 D:\\laragon\\www\\PuraniJeans\\vendor\\laravel\\framework\\src\\Illuminate\\Container\\BoundMethod.php(37): Illuminate\\Container\\BoundMethod::callBoundMethod(Object(Illuminate\\Foundation\\Application), Array, Object(Closure))
#18 D:\\laragon\\www\\PuraniJeans\\vendor\\laravel\\framework\\src\\Illuminate\\Container\\Container.php(662): Illuminate\\Container\\BoundMethod::call(Object(Illuminate\\Foundation\\Application), Array, Array, NULL)
#19 D:\\laragon\\www\\PuraniJeans\\vendor\\laravel\\framework\\src\\Illuminate\\Console\\Command.php(208): Illuminate\\Container\\Container->call(Array)
#20 D:\\laragon\\www\\PuraniJeans\\vendor\\symfony\\console\\Command\\Command.php(326): Illuminate\\Console\\Command->execute(Object(Symfony\\Component\\Console\\Input\\ArgvInput), Object(Illuminate\\Console\\OutputStyle))
#21 D:\\laragon\\www\\PuraniJeans\\vendor\\laravel\\framework\\src\\Illuminate\\Console\\Command.php(178): Symfony\\Component\\Console\\Command\\Command->run(Object(Symfony\\Component\\Console\\Input\\ArgvInput), Object(Illuminate\\Console\\OutputStyle))
#22 D:\\laragon\\www\\PuraniJeans\\vendor\\symfony\\console\\Application.php(1081): Illuminate\\Console\\Command->run(Object(Symfony\\Component\\Console\\Input\\ArgvInput), Object(Symfony\\Component\\Console\\Output\\ConsoleOutput))
#23 D:\\laragon\\www\\PuraniJeans\\vendor\\symfony\\console\\Application.php(320): Symfony\\Component\\Console\\Application->doRunCommand(Object(L5Swagger\\Console\\GenerateDocsCommand), Object(Symfony\\Component\\Console\\Input\\ArgvInput), Object(Symfony\\Component\\Console\\Output\\ConsoleOutput))
#24 D:\\laragon\\www\\PuraniJeans\\vendor\\symfony\\console\\Application.php(174): Symfony\\Component\\Console\\Application->doRun(Object(Symfony\\Component\\Console\\Input\\ArgvInput), Object(Symfony\\Component\\Console\\Output\\ConsoleOutput))
#25 D:\\laragon\\www\\PuraniJeans\\vendor\\laravel\\framework\\src\\Illuminate\\Foundation\\Console\\Kernel.php(200): Symfony\\Component\\Console\\Application->run(Object(Symfony\\Component\\Console\\Input\\ArgvInput), Object(Symfony\\Component\\Console\\Output\\ConsoleOutput))
#26 D:\\laragon\\www\\PuraniJeans\\artisan(37): Illuminate\\Foundation\\Console\\Kernel->handle(Object(Symfony\\Component\\Console\\Input\\ArgvInput), Object(Symfony\\Component\\Console\\Output\\ConsoleOutput))
#27 {main}
"} 
