[2023-08-13 06:59:00] dev.ERROR: ErrorException: include(D:\laragon\www\PuraniJeans\vendor\composer/../../app/Http/Controllers/Api/BaseCustomerController.php): Failed to open stream: No such file or directory in D:\laragon\www\PuraniJeans\vendor\composer\ClassLoader.php:571
Stack trace:
#0 D:\laragon\www\PuraniJeans\vendor\laravel\framework\src\Illuminate\Foundation\Bootstrap\HandleExceptions.php(254): Illuminate\Foundation\Bootstrap\HandleExceptions->handleError(2, 'include(D:\\lara...', 'D:\\laragon\\www\\...', 571)
#1 D:\laragon\www\PuraniJeans\vendor\composer\ClassLoader.php(571): Illuminate\Foundation\Bootstrap\HandleExceptions->Illuminate\Foundation\Bootstrap\{closure}(2, 'include(D:\\lara...', 'D:\\laragon\\www\\...', 571)
#2 D:\laragon\www\PuraniJeans\vendor\composer\ClassLoader.php(571): include('D:\\laragon\\www\\...')
#3 D:\laragon\www\PuraniJeans\vendor\composer\ClassLoader.php(428): Composer\Autoload\includeFile('D:\\laragon\\www\\...')
#4 D:\laragon\www\PuraniJeans\app\Http\Controllers\Api\OtpController.php(22): Composer\Autoload\ClassLoader->loadClass('App\\Http\\Contro...')
#5 D:\laragon\www\PuraniJeans\vendor\composer\ClassLoader.php(571): include('D:\\laragon\\www\\...')
#6 D:\laragon\www\PuraniJeans\vendor\composer\ClassLoader.php(428): Composer\Autoload\includeFile('D:\\laragon\\www\\...')
#7 [internal function]: Composer\Autoload\ClassLoader->loadClass('App\\Http\\Contro...')
#8 D:\laragon\www\PuraniJeans\vendor\zircote\swagger-php\src\Analysers\ReflectionAnalyser.php(82): class_exists('App\\Http\\Contro...')
#9 D:\laragon\www\PuraniJeans\vendor\zircote\swagger-php\src\Analysers\ReflectionAnalyser.php(57): OpenApi\Analysers\ReflectionAnalyser->analyzeFqdn('App\\Http\\Contro...', Object(OpenApi\Analysis), Array)
#10 D:\laragon\www\PuraniJeans\vendor\zircote\swagger-php\src\Generator.php(493): OpenApi\Analysers\ReflectionAnalyser->fromFile('D:\\laragon\\www\\...', Object(OpenApi\Context))
#11 D:\laragon\www\PuraniJeans\vendor\zircote\swagger-php\src\Generator.php(455): OpenApi\Generator->scanSources(Object(Symfony\Component\Finder\Finder), Object(OpenApi\Analysis), Object(OpenApi\Context))
#12 D:\laragon\www\PuraniJeans\vendor\darkaonline\l5-swagger\src\Generator.php(191): OpenApi\Generator->generate(Object(Symfony\Component\Finder\Finder), Object(OpenApi\Analysis))
#13 D:\laragon\www\PuraniJeans\vendor\darkaonline\l5-swagger\src\Generator.php(132): L5Swagger\Generator->scanFilesForDocumentation()
#14 D:\laragon\www\PuraniJeans\vendor\darkaonline\l5-swagger\src\Http\Controllers\SwaggerController.php(64): L5Swagger\Generator->generateDocs()
#15 D:\laragon\www\PuraniJeans\vendor\laravel\framework\src\Illuminate\Routing\Controller.php(54): L5Swagger\Http\Controllers\SwaggerController->docs(Object(Illuminate\Http\Request), 'api-docs.json')
#16 D:\laragon\www\PuraniJeans\vendor\laravel\framework\src\Illuminate\Routing\ControllerDispatcher.php(43): Illuminate\Routing\Controller->callAction('docs', Array)
#17 D:\laragon\www\PuraniJeans\vendor\sentry\sentry-laravel\src\Sentry\Laravel\Tracing\Routing\TracingControllerDispatcherTracing.php(21): Illuminate\Routing\ControllerDispatcher->dispatch(Object(Illuminate\Routing\Route), Object(L5Swagger\Http\Controllers\SwaggerController), 'docs')
#18 D:\laragon\www\PuraniJeans\vendor\sentry\sentry-laravel\src\Sentry\Laravel\Tracing\Routing\TracingRoutingDispatcher.php(31): Sentry\Laravel\Tracing\Routing\TracingControllerDispatcherTracing->Sentry\Laravel\Tracing\Routing\{closure}()
#19 D:\laragon\www\PuraniJeans\vendor\sentry\sentry-laravel\src\Sentry\Laravel\Tracing\Routing\TracingControllerDispatcherTracing.php(20): Sentry\Laravel\Tracing\Routing\TracingRoutingDispatcher->wrapRouteDispatch(Object(Closure), Object(Illuminate\Routing\Route))
#20 D:\laragon\www\PuraniJeans\vendor\laravel\framework\src\Illuminate\Routing\Route.php(260): Sentry\Laravel\Tracing\Routing\TracingControllerDispatcherTracing->dispatch(Object(Illuminate\Routing\Route), Object(L5Swagger\Http\Controllers\SwaggerController), 'docs')
#21 D:\laragon\www\PuraniJeans\vendor\laravel\framework\src\Illuminate\Routing\Route.php(205): Illuminate\Routing\Route->runController()
#22 D:\laragon\www\PuraniJeans\vendor\laravel\framework\src\Illuminate\Routing\Router.php(799): Illuminate\Routing\Route->run()
#23 D:\laragon\www\PuraniJeans\vendor\laravel\framework\src\Illuminate\Pipeline\Pipeline.php(141): Illuminate\Routing\Router->Illuminate\Routing\{closure}(Object(Illuminate\Http\Request))
#24 D:\laragon\www\PuraniJeans\vendor\darkaonline\l5-swagger\src\Http\Middleware\Config.php(44): Illuminate\Pipeline\Pipeline->Illuminate\Pipeline\{closure}(Object(Illuminate\Http\Request))
#25 D:\laragon\www\PuraniJeans\vendor\laravel\framework\src\Illuminate\Pipeline\Pipeline.php(180): L5Swagger\Http\Middleware\Config->handle(Object(Illuminate\Http\Request), Object(Closure))
#26 D:\laragon\www\PuraniJeans\vendor\laravel\framework\src\Illuminate\Pipeline\Pipeline.php(116): Illuminate\Pipeline\Pipeline->Illuminate\Pipeline\{closure}(Object(Illuminate\Http\Request))
#27 D:\laragon\www\PuraniJeans\vendor\laravel\framework\src\Illuminate\Routing\Router.php(800): Illuminate\Pipeline\Pipeline->then(Object(Closure))
#28 D:\laragon\www\PuraniJeans\vendor\laravel\framework\src\Illuminate\Routing\Router.php(777): Illuminate\Routing\Router->runRouteWithinStack(Object(Illuminate\Routing\Route), Object(Illuminate\Http\Request))
#29 D:\laragon\www\PuraniJeans\vendor\laravel\framework\src\Illuminate\Routing\Router.php(741): Illuminate\Routing\Router->runRoute(Object(Illuminate\Http\Request), Object(Illuminate\Routing\Route))
#30 D:\laragon\www\PuraniJeans\vendor\laravel\framework\src\Illuminate\Routing\Router.php(730): Illuminate\Routing\Router->dispatchToRoute(Object(Illuminate\Http\Request))
#31 D:\laragon\www\PuraniJeans\vendor\laravel\framework\src\Illuminate\Foundation\Http\Kernel.php(200): Illuminate\Routing\Router->dispatch(Object(Illuminate\Http\Request))
#32 D:\laragon\www\PuraniJeans\vendor\laravel\framework\src\Illuminate\Pipeline\Pipeline.php(141): Illuminate\Foundation\Http\Kernel->Illuminate\Foundation\Http\{closure}(Object(Illuminate\Http\Request))
#33 D:\laragon\www\PuraniJeans\vendor\sentry\sentry-laravel\src\Sentry\Laravel\Http\SetRequestIpMiddleware.php(45): Illuminate\Pipeline\Pipeline->Illuminate\Pipeline\{closure}(Object(Illuminate\Http\Request))
#34 D:\laragon\www\PuraniJeans\vendor\laravel\framework\src\Illuminate\Pipeline\Pipeline.php(180): Sentry\Laravel\Http\SetRequestIpMiddleware->handle(Object(Illuminate\Http\Request), Object(Closure))
#35 D:\laragon\www\PuraniJeans\vendor\sentry\sentry-laravel\src\Sentry\Laravel\Http\SetRequestMiddleware.php(30): Illuminate\Pipeline\Pipeline->Illuminate\Pipeline\{closure}(Object(Illuminate\Http\Request))
#36 D:\laragon\www\PuraniJeans\vendor\laravel\framework\src\Illuminate\Pipeline\Pipeline.php(180): Sentry\Laravel\Http\SetRequestMiddleware->handle(Object(Illuminate\Http\Request), Object(Closure))
#37 D:\laragon\www\PuraniJeans\vendor\laravel\framework\src\Illuminate\Foundation\Http\Middleware\TransformsRequest.php(21): Illuminate\Pipeline\Pipeline->Illuminate\Pipeline\{closure}(Object(Illuminate\Http\Request))
#38 D:\laragon\www\PuraniJeans\vendor\laravel\framework\src\Illuminate\Foundation\Http\Middleware\ConvertEmptyStringsToNull.php(31): Illuminate\Foundation\Http\Middleware\TransformsRequest->handle(Object(Illuminate\Http\Request), Object(Closure))
#39 D:\laragon\www\PuraniJeans\vendor\laravel\framework\src\Illuminate\Pipeline\Pipeline.php(180): Illuminate\Foundation\Http\Middleware\ConvertEmptyStringsToNull->handle(Object(Illuminate\Http\Request), Object(Closure))
#40 D:\laragon\www\PuraniJeans\vendor\laravel\framework\src\Illuminate\Foundation\Http\Middleware\TransformsRequest.php(21): Illuminate\Pipeline\Pipeline->Illuminate\Pipeline\{closure}(Object(Illuminate\Http\Request))
#41 D:\laragon\www\PuraniJeans\vendor\laravel\framework\src\Illuminate\Foundation\Http\Middleware\TrimStrings.php(40): Illuminate\Foundation\Http\Middleware\TransformsRequest->handle(Object(Illuminate\Http\Request), Object(Closure))
#42 D:\laragon\www\PuraniJeans\vendor\laravel\framework\src\Illuminate\Pipeline\Pipeline.php(180): Illuminate\Foundation\Http\Middleware\TrimStrings->handle(Object(Illuminate\Http\Request), Object(Closure))
#43 D:\laragon\www\PuraniJeans\vendor\laravel\framework\src\Illuminate\Foundation\Http\Middleware\ValidatePostSize.php(27): Illuminate\Pipeline\Pipeline->Illuminate\Pipeline\{closure}(Object(Illuminate\Http\Request))
#44 D:\laragon\www\PuraniJeans\vendor\laravel\framework\src\Illuminate\Pipeline\Pipeline.php(180): Illuminate\Foundation\Http\Middleware\ValidatePostSize->handle(Object(Illuminate\Http\Request), Object(Closure))
#45 D:\laragon\www\PuraniJeans\vendor\laravel\framework\src\Illuminate\Foundation\Http\Middleware\PreventRequestsDuringMaintenance.php(86): Illuminate\Pipeline\Pipeline->Illuminate\Pipeline\{closure}(Object(Illuminate\Http\Request))
#46 D:\laragon\www\PuraniJeans\vendor\laravel\framework\src\Illuminate\Pipeline\Pipeline.php(180): Illuminate\Foundation\Http\Middleware\PreventRequestsDuringMaintenance->handle(Object(Illuminate\Http\Request), Object(Closure))
#47 D:\laragon\www\PuraniJeans\vendor\laravel\framework\src\Illuminate\Http\Middleware\HandleCors.php(49): Illuminate\Pipeline\Pipeline->Illuminate\Pipeline\{closure}(Object(Illuminate\Http\Request))
#48 D:\laragon\www\PuraniJeans\vendor\laravel\framework\src\Illuminate\Pipeline\Pipeline.php(180): Illuminate\Http\Middleware\HandleCors->handle(Object(Illuminate\Http\Request), Object(Closure))
#49 D:\laragon\www\PuraniJeans\vendor\laravel\framework\src\Illuminate\Http\Middleware\TrustProxies.php(39): Illuminate\Pipeline\Pipeline->Illuminate\Pipeline\{closure}(Object(Illuminate\Http\Request))
#50 D:\laragon\www\PuraniJeans\vendor\laravel\framework\src\Illuminate\Pipeline\Pipeline.php(180): Illuminate\Http\Middleware\TrustProxies->handle(Object(Illuminate\Http\Request), Object(Closure))
#51 D:\laragon\www\PuraniJeans\vendor\sentry\sentry-laravel\src\Sentry\Laravel\Tracing\Middleware.php(77): Illuminate\Pipeline\Pipeline->Illuminate\Pipeline\{closure}(Object(Illuminate\Http\Request))
#52 D:\laragon\www\PuraniJeans\vendor\laravel\framework\src\Illuminate\Pipeline\Pipeline.php(180): Sentry\Laravel\Tracing\Middleware->handle(Object(Illuminate\Http\Request), Object(Closure))
#53 D:\laragon\www\PuraniJeans\vendor\laravel\framework\src\Illuminate\Pipeline\Pipeline.php(116): Illuminate\Pipeline\Pipeline->Illuminate\Pipeline\{closure}(Object(Illuminate\Http\Request))
#54 D:\laragon\www\PuraniJeans\vendor\laravel\framework\src\Illuminate\Foundation\Http\Kernel.php(175): Illuminate\Pipeline\Pipeline->then(Object(Closure))
#55 D:\laragon\www\PuraniJeans\vendor\laravel\framework\src\Illuminate\Foundation\Http\Kernel.php(144): Illuminate\Foundation\Http\Kernel->sendRequestThroughRouter(Object(Illuminate\Http\Request))
#56 D:\laragon\www\PuraniJeans\public\index.php(52): Illuminate\Foundation\Http\Kernel->handle(Object(Illuminate\Http\Request))
#57 {main}  
