[2023-08-29 22:57:38] dev.ERROR: ErrorException: Undefined array key 0 in D:\laragon\www\PuraniJeans\app\Http\Controllers\Web\CustomerController.php:216
Stack trace:
#0 D:\laragon\www\PuraniJeans\vendor\laravel\framework\src\Illuminate\Foundation\Bootstrap\HandleExceptions.php(254): Illuminate\Foundation\Bootstrap\HandleExceptions->handleError(2, 'Undefined array...', 'D:\\laragon\\www\\...', 216)
#1 D:\laragon\www\PuraniJeans\app\Http\Controllers\Web\CustomerController.php(216): Illuminate\Foundation\Bootstrap\HandleExceptions->Illuminate\Foundation\Bootstrap\{closure}(2, 'Undefined array...', 'D:\\laragon\\www\\...', 216)
#2 D:\laragon\www\PuraniJeans\vendor\laravel\framework\src\Illuminate\Container\BoundMethod.php(36): App\Http\Controllers\Web\CustomerController->App\Http\Controllers\Web\{closure}(Object(App\Models\Customer))
#3 D:\laragon\www\PuraniJeans\vendor\laravel\framework\src\Illuminate\Container\Util.php(41): Illuminate\Container\BoundMethod::Illuminate\Container\{closure}()
#4 D:\laragon\www\PuraniJeans\vendor\laravel\framework\src\Illuminate\Container\BoundMethod.php(81): Illuminate\Container\Util::unwrapIfClosure(Object(Closure))
#5 D:\laragon\www\PuraniJeans\vendor\laravel\framework\src\Illuminate\Container\BoundMethod.php(37): Illuminate\Container\BoundMethod::callBoundMethod(Object(Illuminate\Foundation\Application), Object(Closure), Object(Closure))
#6 D:\laragon\www\PuraniJeans\vendor\laravel\framework\src\Illuminate\Container\Container.php(662): Illuminate\Container\BoundMethod::call(Object(Illuminate\Foundation\Application), Object(Closure), Array, NULL)
#7 D:\laragon\www\PuraniJeans\vendor\yajra\laravel-datatables-oracle\src\Utilities\Helper.php(107): Illuminate\Container\Container->call(Object(Closure), Array)
#8 D:\laragon\www\PuraniJeans\vendor\yajra\laravel-datatables-oracle\src\Processors\DataProcessor.php(151): Yajra\DataTables\Utilities\Helper::compileContent(Object(Closure), Array, Object(App\Models\Customer))
#9 D:\laragon\www\PuraniJeans\vendor\yajra\laravel-datatables-oracle\src\Processors\DataProcessor.php(116): Yajra\DataTables\Processors\DataProcessor->addColumns(Array, Object(App\Models\Customer))
#10 D:\laragon\www\PuraniJeans\vendor\yajra\laravel-datatables-oracle\src\DataTableAbstract.php(858): Yajra\DataTables\Processors\DataProcessor->process(true)
#11 D:\laragon\www\PuraniJeans\vendor\yajra\laravel-datatables-oracle\src\CollectionDataTable.php(172): Yajra\DataTables\DataTableAbstract->processResults(Object(Illuminate\Database\Eloquent\Collection), true)
#12 D:\laragon\www\PuraniJeans\app\Http\Controllers\Web\CustomerController.php(245): Yajra\DataTables\CollectionDataTable->make(true)
#13 D:\laragon\www\PuraniJeans\app\Http\Controllers\Web\CustomerController.php(162): App\Http\Controllers\Web\CustomerController->makeDatatable(Array)
#14 D:\laragon\www\PuraniJeans\vendor\laravel\framework\src\Illuminate\Routing\Controller.php(54): App\Http\Controllers\Web\CustomerController->getListingRecord(Object(Illuminate\Http\Request))
#15 D:\laragon\www\PuraniJeans\vendor\laravel\framework\src\Illuminate\Routing\ControllerDispatcher.php(43): Illuminate\Routing\Controller->callAction('getListingRecor...', Array)
#16 D:\laragon\www\PuraniJeans\vendor\sentry\sentry-laravel\src\Sentry\Laravel\Tracing\Routing\TracingControllerDispatcherTracing.php(21): Illuminate\Routing\ControllerDispatcher->dispatch(Object(Illuminate\Routing\Route), Object(App\Http\Controllers\Web\CustomerController), 'getListingRecor...')
#17 D:\laragon\www\PuraniJeans\vendor\sentry\sentry-laravel\src\Sentry\Laravel\Tracing\Routing\TracingRoutingDispatcher.php(31): Sentry\Laravel\Tracing\Routing\TracingControllerDispatcherTracing->Sentry\Laravel\Tracing\Routing\{closure}()
#18 D:\laragon\www\PuraniJeans\vendor\sentry\sentry-laravel\src\Sentry\Laravel\Tracing\Routing\TracingControllerDispatcherTracing.php(20): Sentry\Laravel\Tracing\Routing\TracingRoutingDispatcher->wrapRouteDispatch(Object(Closure), Object(Illuminate\Routing\Route))
#19 D:\laragon\www\PuraniJeans\vendor\laravel\framework\src\Illuminate\Routing\Route.php(260): Sentry\Laravel\Tracing\Routing\TracingControllerDispatcherTracing->dispatch(Object(Illuminate\Routing\Route), Object(App\Http\Controllers\Web\CustomerController), 'getListingRecor...')
#20 D:\laragon\www\PuraniJeans\vendor\laravel\framework\src\Illuminate\Routing\Route.php(205): Illuminate\Routing\Route->runController()
#21 D:\laragon\www\PuraniJeans\vendor\laravel\framework\src\Illuminate\Routing\Router.php(799): Illuminate\Routing\Route->run()
#22 D:\laragon\www\PuraniJeans\vendor\laravel\framework\src\Illuminate\Pipeline\Pipeline.php(141): Illuminate\Routing\Router->Illuminate\Routing\{closure}(Object(Illuminate\Http\Request))
#23 D:\laragon\www\PuraniJeans\vendor\laravel\framework\src\Illuminate\Routing\Middleware\SubstituteBindings.php(50): Illuminate\Pipeline\Pipeline->Illuminate\Pipeline\{closure}(Object(Illuminate\Http\Request))
#24 D:\laragon\www\PuraniJeans\vendor\laravel\framework\src\Illuminate\Pipeline\Pipeline.php(180): Illuminate\Routing\Middleware\SubstituteBindings->handle(Object(Illuminate\Http\Request), Object(Closure))
#25 D:\laragon\www\PuraniJeans\vendor\laravel\framework\src\Illuminate\Auth\Middleware\Authenticate.php(57): Illuminate\Pipeline\Pipeline->Illuminate\Pipeline\{closure}(Object(Illuminate\Http\Request))
#26 D:\laragon\www\PuraniJeans\vendor\laravel\framework\src\Illuminate\Pipeline\Pipeline.php(180): Illuminate\Auth\Middleware\Authenticate->handle(Object(Illuminate\Http\Request), Object(Closure))
#27 D:\laragon\www\PuraniJeans\vendor\laravel\framework\src\Illuminate\Foundation\Http\Middleware\VerifyCsrfToken.php(78): Illuminate\Pipeline\Pipeline->Illuminate\Pipeline\{closure}(Object(Illuminate\Http\Request))
#28 D:\laragon\www\PuraniJeans\vendor\laravel\framework\src\Illuminate\Pipeline\Pipeline.php(180): Illuminate\Foundation\Http\Middleware\VerifyCsrfToken->handle(Object(Illuminate\Http\Request), Object(Closure))
#29 D:\laragon\www\PuraniJeans\vendor\laravel\framework\src\Illuminate\View\Middleware\ShareErrorsFromSession.php(49): Illuminate\Pipeline\Pipeline->Illuminate\Pipeline\{closure}(Object(Illuminate\Http\Request))
#30 D:\laragon\www\PuraniJeans\vendor\laravel\framework\src\Illuminate\Pipeline\Pipeline.php(180): Illuminate\View\Middleware\ShareErrorsFromSession->handle(Object(Illuminate\Http\Request), Object(Closure))
#31 D:\laragon\www\PuraniJeans\vendor\laravel\framework\src\Illuminate\Session\Middleware\StartSession.php(121): Illuminate\Pipeline\Pipeline->Illuminate\Pipeline\{closure}(Object(Illuminate\Http\Request))
#32 D:\laragon\www\PuraniJeans\vendor\laravel\framework\src\Illuminate\Session\Middleware\StartSession.php(64): Illuminate\Session\Middleware\StartSession->handleStatefulRequest(Object(Illuminate\Http\Request), Object(Illuminate\Session\Store), Object(Closure))
#33 D:\laragon\www\PuraniJeans\vendor\laravel\framework\src\Illuminate\Pipeline\Pipeline.php(180): Illuminate\Session\Middleware\StartSession->handle(Object(Illuminate\Http\Request), Object(Closure))
#34 D:\laragon\www\PuraniJeans\vendor\laravel\framework\src\Illuminate\Cookie\Middleware\AddQueuedCookiesToResponse.php(37): Illuminate\Pipeline\Pipeline->Illuminate\Pipeline\{closure}(Object(Illuminate\Http\Request))
#35 D:\laragon\www\PuraniJeans\vendor\laravel\framework\src\Illuminate\Pipeline\Pipeline.php(180): Illuminate\Cookie\Middleware\AddQueuedCookiesToResponse->handle(Object(Illuminate\Http\Request), Object(Closure))
#36 D:\laragon\www\PuraniJeans\vendor\laravel\framework\src\Illuminate\Cookie\Middleware\EncryptCookies.php(67): Illuminate\Pipeline\Pipeline->Illuminate\Pipeline\{closure}(Object(Illuminate\Http\Request))
#37 D:\laragon\www\PuraniJeans\vendor\laravel\framework\src\Illuminate\Pipeline\Pipeline.php(180): Illuminate\Cookie\Middleware\EncryptCookies->handle(Object(Illuminate\Http\Request), Object(Closure))
#38 D:\laragon\www\PuraniJeans\vendor\laravel\framework\src\Illuminate\Pipeline\Pipeline.php(116): Illuminate\Pipeline\Pipeline->Illuminate\Pipeline\{closure}(Object(Illuminate\Http\Request))
#39 D:\laragon\www\PuraniJeans\vendor\laravel\framework\src\Illuminate\Routing\Router.php(800): Illuminate\Pipeline\Pipeline->then(Object(Closure))
#40 D:\laragon\www\PuraniJeans\vendor\laravel\framework\src\Illuminate\Routing\Router.php(777): Illuminate\Routing\Router->runRouteWithinStack(Object(Illuminate\Routing\Route), Object(Illuminate\Http\Request))
#41 D:\laragon\www\PuraniJeans\vendor\laravel\framework\src\Illuminate\Routing\Router.php(741): Illuminate\Routing\Router->runRoute(Object(Illuminate\Http\Request), Object(Illuminate\Routing\Route))
#42 D:\laragon\www\PuraniJeans\vendor\laravel\framework\src\Illuminate\Routing\Router.php(730): Illuminate\Routing\Router->dispatchToRoute(Object(Illuminate\Http\Request))
#43 D:\laragon\www\PuraniJeans\vendor\laravel\framework\src\Illuminate\Foundation\Http\Kernel.php(200): Illuminate\Routing\Router->dispatch(Object(Illuminate\Http\Request))
#44 D:\laragon\www\PuraniJeans\vendor\laravel\framework\src\Illuminate\Pipeline\Pipeline.php(141): Illuminate\Foundation\Http\Kernel->Illuminate\Foundation\Http\{closure}(Object(Illuminate\Http\Request))
#45 D:\laragon\www\PuraniJeans\vendor\sentry\sentry-laravel\src\Sentry\Laravel\Http\SetRequestIpMiddleware.php(45): Illuminate\Pipeline\Pipeline->Illuminate\Pipeline\{closure}(Object(Illuminate\Http\Request))
#46 D:\laragon\www\PuraniJeans\vendor\laravel\framework\src\Illuminate\Pipeline\Pipeline.php(180): Sentry\Laravel\Http\SetRequestIpMiddleware->handle(Object(Illuminate\Http\Request), Object(Closure))
#47 D:\laragon\www\PuraniJeans\vendor\sentry\sentry-laravel\src\Sentry\Laravel\Http\SetRequestMiddleware.php(30): Illuminate\Pipeline\Pipeline->Illuminate\Pipeline\{closure}(Object(Illuminate\Http\Request))
#48 D:\laragon\www\PuraniJeans\vendor\laravel\framework\src\Illuminate\Pipeline\Pipeline.php(180): Sentry\Laravel\Http\SetRequestMiddleware->handle(Object(Illuminate\Http\Request), Object(Closure))
#49 D:\laragon\www\PuraniJeans\vendor\laravel\framework\src\Illuminate\Foundation\Http\Middleware\TransformsRequest.php(21): Illuminate\Pipeline\Pipeline->Illuminate\Pipeline\{closure}(Object(Illuminate\Http\Request))
#50 D:\laragon\www\PuraniJeans\vendor\laravel\framework\src\Illuminate\Foundation\Http\Middleware\ConvertEmptyStringsToNull.php(31): Illuminate\Foundation\Http\Middleware\TransformsRequest->handle(Object(Illuminate\Http\Request), Object(Closure))
#51 D:\laragon\www\PuraniJeans\vendor\laravel\framework\src\Illuminate\Pipeline\Pipeline.php(180): Illuminate\Foundation\Http\Middleware\ConvertEmptyStringsToNull->handle(Object(Illuminate\Http\Request), Object(Closure))
#52 D:\laragon\www\PuraniJeans\vendor\laravel\framework\src\Illuminate\Foundation\Http\Middleware\TransformsRequest.php(21): Illuminate\Pipeline\Pipeline->Illuminate\Pipeline\{closure}(Object(Illuminate\Http\Request))
#53 D:\laragon\www\PuraniJeans\vendor\laravel\framework\src\Illuminate\Foundation\Http\Middleware\TrimStrings.php(40): Illuminate\Foundation\Http\Middleware\TransformsRequest->handle(Object(Illuminate\Http\Request), Object(Closure))
#54 D:\laragon\www\PuraniJeans\vendor\laravel\framework\src\Illuminate\Pipeline\Pipeline.php(180): Illuminate\Foundation\Http\Middleware\TrimStrings->handle(Object(Illuminate\Http\Request), Object(Closure))
#55 D:\laragon\www\PuraniJeans\vendor\laravel\framework\src\Illuminate\Foundation\Http\Middleware\ValidatePostSize.php(27): Illuminate\Pipeline\Pipeline->Illuminate\Pipeline\{closure}(Object(Illuminate\Http\Request))
#56 D:\laragon\www\PuraniJeans\vendor\laravel\framework\src\Illuminate\Pipeline\Pipeline.php(180): Illuminate\Foundation\Http\Middleware\ValidatePostSize->handle(Object(Illuminate\Http\Request), Object(Closure))
#57 D:\laragon\www\PuraniJeans\vendor\laravel\framework\src\Illuminate\Foundation\Http\Middleware\PreventRequestsDuringMaintenance.php(86): Illuminate\Pipeline\Pipeline->Illuminate\Pipeline\{closure}(Object(Illuminate\Http\Request))
#58 D:\laragon\www\PuraniJeans\vendor\laravel\framework\src\Illuminate\Pipeline\Pipeline.php(180): Illuminate\Foundation\Http\Middleware\PreventRequestsDuringMaintenance->handle(Object(Illuminate\Http\Request), Object(Closure))
#59 D:\laragon\www\PuraniJeans\vendor\laravel\framework\src\Illuminate\Http\Middleware\HandleCors.php(49): Illuminate\Pipeline\Pipeline->Illuminate\Pipeline\{closure}(Object(Illuminate\Http\Request))
#60 D:\laragon\www\PuraniJeans\vendor\laravel\framework\src\Illuminate\Pipeline\Pipeline.php(180): Illuminate\Http\Middleware\HandleCors->handle(Object(Illuminate\Http\Request), Object(Closure))
#61 D:\laragon\www\PuraniJeans\vendor\laravel\framework\src\Illuminate\Http\Middleware\TrustProxies.php(39): Illuminate\Pipeline\Pipeline->Illuminate\Pipeline\{closure}(Object(Illuminate\Http\Request))
#62 D:\laragon\www\PuraniJeans\vendor\laravel\framework\src\Illuminate\Pipeline\Pipeline.php(180): Illuminate\Http\Middleware\TrustProxies->handle(Object(Illuminate\Http\Request), Object(Closure))
#63 D:\laragon\www\PuraniJeans\vendor\sentry\sentry-laravel\src\Sentry\Laravel\Tracing\Middleware.php(77): Illuminate\Pipeline\Pipeline->Illuminate\Pipeline\{closure}(Object(Illuminate\Http\Request))
#64 D:\laragon\www\PuraniJeans\vendor\laravel\framework\src\Illuminate\Pipeline\Pipeline.php(180): Sentry\Laravel\Tracing\Middleware->handle(Object(Illuminate\Http\Request), Object(Closure))
#65 D:\laragon\www\PuraniJeans\vendor\laravel\framework\src\Illuminate\Pipeline\Pipeline.php(116): Illuminate\Pipeline\Pipeline->Illuminate\Pipeline\{closure}(Object(Illuminate\Http\Request))
#66 D:\laragon\www\PuraniJeans\vendor\laravel\framework\src\Illuminate\Foundation\Http\Kernel.php(175): Illuminate\Pipeline\Pipeline->then(Object(Closure))
#67 D:\laragon\www\PuraniJeans\vendor\laravel\framework\src\Illuminate\Foundation\Http\Kernel.php(144): Illuminate\Foundation\Http\Kernel->sendRequestThroughRouter(Object(Illuminate\Http\Request))
#68 D:\laragon\www\PuraniJeans\public\index.php(52): Illuminate\Foundation\Http\Kernel->handle(Object(Illuminate\Http\Request))
#69 {main}  
[2023-08-29 23:00:25] dev.ERROR: ErrorException: Undefined array key 0 in D:\laragon\www\PuraniJeans\app\Http\Controllers\Web\CustomerController.php:216
Stack trace:
#0 D:\laragon\www\PuraniJeans\vendor\laravel\framework\src\Illuminate\Foundation\Bootstrap\HandleExceptions.php(254): Illuminate\Foundation\Bootstrap\HandleExceptions->handleError(2, 'Undefined array...', 'D:\\laragon\\www\\...', 216)
#1 D:\laragon\www\PuraniJeans\app\Http\Controllers\Web\CustomerController.php(216): Illuminate\Foundation\Bootstrap\HandleExceptions->Illuminate\Foundation\Bootstrap\{closure}(2, 'Undefined array...', 'D:\\laragon\\www\\...', 216)
#2 D:\laragon\www\PuraniJeans\vendor\laravel\framework\src\Illuminate\Container\BoundMethod.php(36): App\Http\Controllers\Web\CustomerController->App\Http\Controllers\Web\{closure}(Object(App\Models\Customer))
#3 D:\laragon\www\PuraniJeans\vendor\laravel\framework\src\Illuminate\Container\Util.php(41): Illuminate\Container\BoundMethod::Illuminate\Container\{closure}()
#4 D:\laragon\www\PuraniJeans\vendor\laravel\framework\src\Illuminate\Container\BoundMethod.php(81): Illuminate\Container\Util::unwrapIfClosure(Object(Closure))
#5 D:\laragon\www\PuraniJeans\vendor\laravel\framework\src\Illuminate\Container\BoundMethod.php(37): Illuminate\Container\BoundMethod::callBoundMethod(Object(Illuminate\Foundation\Application), Object(Closure), Object(Closure))
#6 D:\laragon\www\PuraniJeans\vendor\laravel\framework\src\Illuminate\Container\Container.php(662): Illuminate\Container\BoundMethod::call(Object(Illuminate\Foundation\Application), Object(Closure), Array, NULL)
#7 D:\laragon\www\PuraniJeans\vendor\yajra\laravel-datatables-oracle\src\Utilities\Helper.php(107): Illuminate\Container\Container->call(Object(Closure), Array)
#8 D:\laragon\www\PuraniJeans\vendor\yajra\laravel-datatables-oracle\src\Processors\DataProcessor.php(151): Yajra\DataTables\Utilities\Helper::compileContent(Object(Closure), Array, Object(App\Models\Customer))
#9 D:\laragon\www\PuraniJeans\vendor\yajra\laravel-datatables-oracle\src\Processors\DataProcessor.php(116): Yajra\DataTables\Processors\DataProcessor->addColumns(Array, Object(App\Models\Customer))
#10 D:\laragon\www\PuraniJeans\vendor\yajra\laravel-datatables-oracle\src\DataTableAbstract.php(858): Yajra\DataTables\Processors\DataProcessor->process(true)
#11 D:\laragon\www\PuraniJeans\vendor\yajra\laravel-datatables-oracle\src\CollectionDataTable.php(172): Yajra\DataTables\DataTableAbstract->processResults(Object(Illuminate\Database\Eloquent\Collection), true)
#12 D:\laragon\www\PuraniJeans\app\Http\Controllers\Web\CustomerController.php(245): Yajra\DataTables\CollectionDataTable->make(true)
#13 D:\laragon\www\PuraniJeans\app\Http\Controllers\Web\CustomerController.php(162): App\Http\Controllers\Web\CustomerController->makeDatatable(Array)
#14 D:\laragon\www\PuraniJeans\vendor\laravel\framework\src\Illuminate\Routing\Controller.php(54): App\Http\Controllers\Web\CustomerController->getListingRecord(Object(Illuminate\Http\Request))
#15 D:\laragon\www\PuraniJeans\vendor\laravel\framework\src\Illuminate\Routing\ControllerDispatcher.php(43): Illuminate\Routing\Controller->callAction('getListingRecor...', Array)
#16 D:\laragon\www\PuraniJeans\vendor\sentry\sentry-laravel\src\Sentry\Laravel\Tracing\Routing\TracingControllerDispatcherTracing.php(21): Illuminate\Routing\ControllerDispatcher->dispatch(Object(Illuminate\Routing\Route), Object(App\Http\Controllers\Web\CustomerController), 'getListingRecor...')
#17 D:\laragon\www\PuraniJeans\vendor\sentry\sentry-laravel\src\Sentry\Laravel\Tracing\Routing\TracingRoutingDispatcher.php(31): Sentry\Laravel\Tracing\Routing\TracingControllerDispatcherTracing->Sentry\Laravel\Tracing\Routing\{closure}()
#18 D:\laragon\www\PuraniJeans\vendor\sentry\sentry-laravel\src\Sentry\Laravel\Tracing\Routing\TracingControllerDispatcherTracing.php(20): Sentry\Laravel\Tracing\Routing\TracingRoutingDispatcher->wrapRouteDispatch(Object(Closure), Object(Illuminate\Routing\Route))
#19 D:\laragon\www\PuraniJeans\vendor\laravel\framework\src\Illuminate\Routing\Route.php(260): Sentry\Laravel\Tracing\Routing\TracingControllerDispatcherTracing->dispatch(Object(Illuminate\Routing\Route), Object(App\Http\Controllers\Web\CustomerController), 'getListingRecor...')
#20 D:\laragon\www\PuraniJeans\vendor\laravel\framework\src\Illuminate\Routing\Route.php(205): Illuminate\Routing\Route->runController()
#21 D:\laragon\www\PuraniJeans\vendor\laravel\framework\src\Illuminate\Routing\Router.php(799): Illuminate\Routing\Route->run()
#22 D:\laragon\www\PuraniJeans\vendor\laravel\framework\src\Illuminate\Pipeline\Pipeline.php(141): Illuminate\Routing\Router->Illuminate\Routing\{closure}(Object(Illuminate\Http\Request))
#23 D:\laragon\www\PuraniJeans\vendor\laravel\framework\src\Illuminate\Routing\Middleware\SubstituteBindings.php(50): Illuminate\Pipeline\Pipeline->Illuminate\Pipeline\{closure}(Object(Illuminate\Http\Request))
#24 D:\laragon\www\PuraniJeans\vendor\laravel\framework\src\Illuminate\Pipeline\Pipeline.php(180): Illuminate\Routing\Middleware\SubstituteBindings->handle(Object(Illuminate\Http\Request), Object(Closure))
#25 D:\laragon\www\PuraniJeans\vendor\laravel\framework\src\Illuminate\Auth\Middleware\Authenticate.php(57): Illuminate\Pipeline\Pipeline->Illuminate\Pipeline\{closure}(Object(Illuminate\Http\Request))
#26 D:\laragon\www\PuraniJeans\vendor\laravel\framework\src\Illuminate\Pipeline\Pipeline.php(180): Illuminate\Auth\Middleware\Authenticate->handle(Object(Illuminate\Http\Request), Object(Closure))
#27 D:\laragon\www\PuraniJeans\vendor\laravel\framework\src\Illuminate\Foundation\Http\Middleware\VerifyCsrfToken.php(78): Illuminate\Pipeline\Pipeline->Illuminate\Pipeline\{closure}(Object(Illuminate\Http\Request))
#28 D:\laragon\www\PuraniJeans\vendor\laravel\framework\src\Illuminate\Pipeline\Pipeline.php(180): Illuminate\Foundation\Http\Middleware\VerifyCsrfToken->handle(Object(Illuminate\Http\Request), Object(Closure))
#29 D:\laragon\www\PuraniJeans\vendor\laravel\framework\src\Illuminate\View\Middleware\ShareErrorsFromSession.php(49): Illuminate\Pipeline\Pipeline->Illuminate\Pipeline\{closure}(Object(Illuminate\Http\Request))
#30 D:\laragon\www\PuraniJeans\vendor\laravel\framework\src\Illuminate\Pipeline\Pipeline.php(180): Illuminate\View\Middleware\ShareErrorsFromSession->handle(Object(Illuminate\Http\Request), Object(Closure))
#31 D:\laragon\www\PuraniJeans\vendor\laravel\framework\src\Illuminate\Session\Middleware\StartSession.php(121): Illuminate\Pipeline\Pipeline->Illuminate\Pipeline\{closure}(Object(Illuminate\Http\Request))
#32 D:\laragon\www\PuraniJeans\vendor\laravel\framework\src\Illuminate\Session\Middleware\StartSession.php(64): Illuminate\Session\Middleware\StartSession->handleStatefulRequest(Object(Illuminate\Http\Request), Object(Illuminate\Session\Store), Object(Closure))
#33 D:\laragon\www\PuraniJeans\vendor\laravel\framework\src\Illuminate\Pipeline\Pipeline.php(180): Illuminate\Session\Middleware\StartSession->handle(Object(Illuminate\Http\Request), Object(Closure))
#34 D:\laragon\www\PuraniJeans\vendor\laravel\framework\src\Illuminate\Cookie\Middleware\AddQueuedCookiesToResponse.php(37): Illuminate\Pipeline\Pipeline->Illuminate\Pipeline\{closure}(Object(Illuminate\Http\Request))
#35 D:\laragon\www\PuraniJeans\vendor\laravel\framework\src\Illuminate\Pipeline\Pipeline.php(180): Illuminate\Cookie\Middleware\AddQueuedCookiesToResponse->handle(Object(Illuminate\Http\Request), Object(Closure))
#36 D:\laragon\www\PuraniJeans\vendor\laravel\framework\src\Illuminate\Cookie\Middleware\EncryptCookies.php(67): Illuminate\Pipeline\Pipeline->Illuminate\Pipeline\{closure}(Object(Illuminate\Http\Request))
#37 D:\laragon\www\PuraniJeans\vendor\laravel\framework\src\Illuminate\Pipeline\Pipeline.php(180): Illuminate\Cookie\Middleware\EncryptCookies->handle(Object(Illuminate\Http\Request), Object(Closure))
#38 D:\laragon\www\PuraniJeans\vendor\laravel\framework\src\Illuminate\Pipeline\Pipeline.php(116): Illuminate\Pipeline\Pipeline->Illuminate\Pipeline\{closure}(Object(Illuminate\Http\Request))
#39 D:\laragon\www\PuraniJeans\vendor\laravel\framework\src\Illuminate\Routing\Router.php(800): Illuminate\Pipeline\Pipeline->then(Object(Closure))
#40 D:\laragon\www\PuraniJeans\vendor\laravel\framework\src\Illuminate\Routing\Router.php(777): Illuminate\Routing\Router->runRouteWithinStack(Object(Illuminate\Routing\Route), Object(Illuminate\Http\Request))
#41 D:\laragon\www\PuraniJeans\vendor\laravel\framework\src\Illuminate\Routing\Router.php(741): Illuminate\Routing\Router->runRoute(Object(Illuminate\Http\Request), Object(Illuminate\Routing\Route))
#42 D:\laragon\www\PuraniJeans\vendor\laravel\framework\src\Illuminate\Routing\Router.php(730): Illuminate\Routing\Router->dispatchToRoute(Object(Illuminate\Http\Request))
#43 D:\laragon\www\PuraniJeans\vendor\laravel\framework\src\Illuminate\Foundation\Http\Kernel.php(200): Illuminate\Routing\Router->dispatch(Object(Illuminate\Http\Request))
#44 D:\laragon\www\PuraniJeans\vendor\laravel\framework\src\Illuminate\Pipeline\Pipeline.php(141): Illuminate\Foundation\Http\Kernel->Illuminate\Foundation\Http\{closure}(Object(Illuminate\Http\Request))
#45 D:\laragon\www\PuraniJeans\vendor\sentry\sentry-laravel\src\Sentry\Laravel\Http\SetRequestIpMiddleware.php(45): Illuminate\Pipeline\Pipeline->Illuminate\Pipeline\{closure}(Object(Illuminate\Http\Request))
#46 D:\laragon\www\PuraniJeans\vendor\laravel\framework\src\Illuminate\Pipeline\Pipeline.php(180): Sentry\Laravel\Http\SetRequestIpMiddleware->handle(Object(Illuminate\Http\Request), Object(Closure))
#47 D:\laragon\www\PuraniJeans\vendor\sentry\sentry-laravel\src\Sentry\Laravel\Http\SetRequestMiddleware.php(30): Illuminate\Pipeline\Pipeline->Illuminate\Pipeline\{closure}(Object(Illuminate\Http\Request))
#48 D:\laragon\www\PuraniJeans\vendor\laravel\framework\src\Illuminate\Pipeline\Pipeline.php(180): Sentry\Laravel\Http\SetRequestMiddleware->handle(Object(Illuminate\Http\Request), Object(Closure))
#49 D:\laragon\www\PuraniJeans\vendor\laravel\framework\src\Illuminate\Foundation\Http\Middleware\TransformsRequest.php(21): Illuminate\Pipeline\Pipeline->Illuminate\Pipeline\{closure}(Object(Illuminate\Http\Request))
#50 D:\laragon\www\PuraniJeans\vendor\laravel\framework\src\Illuminate\Foundation\Http\Middleware\ConvertEmptyStringsToNull.php(31): Illuminate\Foundation\Http\Middleware\TransformsRequest->handle(Object(Illuminate\Http\Request), Object(Closure))
#51 D:\laragon\www\PuraniJeans\vendor\laravel\framework\src\Illuminate\Pipeline\Pipeline.php(180): Illuminate\Foundation\Http\Middleware\ConvertEmptyStringsToNull->handle(Object(Illuminate\Http\Request), Object(Closure))
#52 D:\laragon\www\PuraniJeans\vendor\laravel\framework\src\Illuminate\Foundation\Http\Middleware\TransformsRequest.php(21): Illuminate\Pipeline\Pipeline->Illuminate\Pipeline\{closure}(Object(Illuminate\Http\Request))
#53 D:\laragon\www\PuraniJeans\vendor\laravel\framework\src\Illuminate\Foundation\Http\Middleware\TrimStrings.php(40): Illuminate\Foundation\Http\Middleware\TransformsRequest->handle(Object(Illuminate\Http\Request), Object(Closure))
#54 D:\laragon\www\PuraniJeans\vendor\laravel\framework\src\Illuminate\Pipeline\Pipeline.php(180): Illuminate\Foundation\Http\Middleware\TrimStrings->handle(Object(Illuminate\Http\Request), Object(Closure))
#55 D:\laragon\www\PuraniJeans\vendor\laravel\framework\src\Illuminate\Foundation\Http\Middleware\ValidatePostSize.php(27): Illuminate\Pipeline\Pipeline->Illuminate\Pipeline\{closure}(Object(Illuminate\Http\Request))
#56 D:\laragon\www\PuraniJeans\vendor\laravel\framework\src\Illuminate\Pipeline\Pipeline.php(180): Illuminate\Foundation\Http\Middleware\ValidatePostSize->handle(Object(Illuminate\Http\Request), Object(Closure))
#57 D:\laragon\www\PuraniJeans\vendor\laravel\framework\src\Illuminate\Foundation\Http\Middleware\PreventRequestsDuringMaintenance.php(86): Illuminate\Pipeline\Pipeline->Illuminate\Pipeline\{closure}(Object(Illuminate\Http\Request))
#58 D:\laragon\www\PuraniJeans\vendor\laravel\framework\src\Illuminate\Pipeline\Pipeline.php(180): Illuminate\Foundation\Http\Middleware\PreventRequestsDuringMaintenance->handle(Object(Illuminate\Http\Request), Object(Closure))
#59 D:\laragon\www\PuraniJeans\vendor\laravel\framework\src\Illuminate\Http\Middleware\HandleCors.php(49): Illuminate\Pipeline\Pipeline->Illuminate\Pipeline\{closure}(Object(Illuminate\Http\Request))
#60 D:\laragon\www\PuraniJeans\vendor\laravel\framework\src\Illuminate\Pipeline\Pipeline.php(180): Illuminate\Http\Middleware\HandleCors->handle(Object(Illuminate\Http\Request), Object(Closure))
#61 D:\laragon\www\PuraniJeans\vendor\laravel\framework\src\Illuminate\Http\Middleware\TrustProxies.php(39): Illuminate\Pipeline\Pipeline->Illuminate\Pipeline\{closure}(Object(Illuminate\Http\Request))
#62 D:\laragon\www\PuraniJeans\vendor\laravel\framework\src\Illuminate\Pipeline\Pipeline.php(180): Illuminate\Http\Middleware\TrustProxies->handle(Object(Illuminate\Http\Request), Object(Closure))
#63 D:\laragon\www\PuraniJeans\vendor\sentry\sentry-laravel\src\Sentry\Laravel\Tracing\Middleware.php(77): Illuminate\Pipeline\Pipeline->Illuminate\Pipeline\{closure}(Object(Illuminate\Http\Request))
#64 D:\laragon\www\PuraniJeans\vendor\laravel\framework\src\Illuminate\Pipeline\Pipeline.php(180): Sentry\Laravel\Tracing\Middleware->handle(Object(Illuminate\Http\Request), Object(Closure))
#65 D:\laragon\www\PuraniJeans\vendor\laravel\framework\src\Illuminate\Pipeline\Pipeline.php(116): Illuminate\Pipeline\Pipeline->Illuminate\Pipeline\{closure}(Object(Illuminate\Http\Request))
#66 D:\laragon\www\PuraniJeans\vendor\laravel\framework\src\Illuminate\Foundation\Http\Kernel.php(175): Illuminate\Pipeline\Pipeline->then(Object(Closure))
#67 D:\laragon\www\PuraniJeans\vendor\laravel\framework\src\Illuminate\Foundation\Http\Kernel.php(144): Illuminate\Foundation\Http\Kernel->sendRequestThroughRouter(Object(Illuminate\Http\Request))
#68 D:\laragon\www\PuraniJeans\public\index.php(52): Illuminate\Foundation\Http\Kernel->handle(Object(Illuminate\Http\Request))
#69 {main}  
[2023-08-29 23:01:34] dev.ERROR: ErrorException: Undefined array key 0 in D:\laragon\www\PuraniJeans\app\Http\Controllers\Web\CustomerController.php:216
Stack trace:
#0 D:\laragon\www\PuraniJeans\vendor\laravel\framework\src\Illuminate\Foundation\Bootstrap\HandleExceptions.php(254): Illuminate\Foundation\Bootstrap\HandleExceptions->handleError(2, 'Undefined array...', 'D:\\laragon\\www\\...', 216)
#1 D:\laragon\www\PuraniJeans\app\Http\Controllers\Web\CustomerController.php(216): Illuminate\Foundation\Bootstrap\HandleExceptions->Illuminate\Foundation\Bootstrap\{closure}(2, 'Undefined array...', 'D:\\laragon\\www\\...', 216)
#2 D:\laragon\www\PuraniJeans\vendor\laravel\framework\src\Illuminate\Container\BoundMethod.php(36): App\Http\Controllers\Web\CustomerController->App\Http\Controllers\Web\{closure}(Object(App\Models\Customer))
#3 D:\laragon\www\PuraniJeans\vendor\laravel\framework\src\Illuminate\Container\Util.php(41): Illuminate\Container\BoundMethod::Illuminate\Container\{closure}()
#4 D:\laragon\www\PuraniJeans\vendor\laravel\framework\src\Illuminate\Container\BoundMethod.php(81): Illuminate\Container\Util::unwrapIfClosure(Object(Closure))
#5 D:\laragon\www\PuraniJeans\vendor\laravel\framework\src\Illuminate\Container\BoundMethod.php(37): Illuminate\Container\BoundMethod::callBoundMethod(Object(Illuminate\Foundation\Application), Object(Closure), Object(Closure))
#6 D:\laragon\www\PuraniJeans\vendor\laravel\framework\src\Illuminate\Container\Container.php(662): Illuminate\Container\BoundMethod::call(Object(Illuminate\Foundation\Application), Object(Closure), Array, NULL)
#7 D:\laragon\www\PuraniJeans\vendor\yajra\laravel-datatables-oracle\src\Utilities\Helper.php(107): Illuminate\Container\Container->call(Object(Closure), Array)
#8 D:\laragon\www\PuraniJeans\vendor\yajra\laravel-datatables-oracle\src\Processors\DataProcessor.php(151): Yajra\DataTables\Utilities\Helper::compileContent(Object(Closure), Array, Object(App\Models\Customer))
#9 D:\laragon\www\PuraniJeans\vendor\yajra\laravel-datatables-oracle\src\Processors\DataProcessor.php(116): Yajra\DataTables\Processors\DataProcessor->addColumns(Array, Object(App\Models\Customer))
#10 D:\laragon\www\PuraniJeans\vendor\yajra\laravel-datatables-oracle\src\DataTableAbstract.php(858): Yajra\DataTables\Processors\DataProcessor->process(true)
#11 D:\laragon\www\PuraniJeans\vendor\yajra\laravel-datatables-oracle\src\CollectionDataTable.php(172): Yajra\DataTables\DataTableAbstract->processResults(Object(Illuminate\Database\Eloquent\Collection), true)
#12 D:\laragon\www\PuraniJeans\app\Http\Controllers\Web\CustomerController.php(245): Yajra\DataTables\CollectionDataTable->make(true)
#13 D:\laragon\www\PuraniJeans\app\Http\Controllers\Web\CustomerController.php(162): App\Http\Controllers\Web\CustomerController->makeDatatable(Array)
#14 D:\laragon\www\PuraniJeans\vendor\laravel\framework\src\Illuminate\Routing\Controller.php(54): App\Http\Controllers\Web\CustomerController->getListingRecord(Object(Illuminate\Http\Request))
#15 D:\laragon\www\PuraniJeans\vendor\laravel\framework\src\Illuminate\Routing\ControllerDispatcher.php(43): Illuminate\Routing\Controller->callAction('getListingRecor...', Array)
#16 D:\laragon\www\PuraniJeans\vendor\sentry\sentry-laravel\src\Sentry\Laravel\Tracing\Routing\TracingControllerDispatcherTracing.php(21): Illuminate\Routing\ControllerDispatcher->dispatch(Object(Illuminate\Routing\Route), Object(App\Http\Controllers\Web\CustomerController), 'getListingRecor...')
#17 D:\laragon\www\PuraniJeans\vendor\sentry\sentry-laravel\src\Sentry\Laravel\Tracing\Routing\TracingRoutingDispatcher.php(31): Sentry\Laravel\Tracing\Routing\TracingControllerDispatcherTracing->Sentry\Laravel\Tracing\Routing\{closure}()
#18 D:\laragon\www\PuraniJeans\vendor\sentry\sentry-laravel\src\Sentry\Laravel\Tracing\Routing\TracingControllerDispatcherTracing.php(20): Sentry\Laravel\Tracing\Routing\TracingRoutingDispatcher->wrapRouteDispatch(Object(Closure), Object(Illuminate\Routing\Route))
#19 D:\laragon\www\PuraniJeans\vendor\laravel\framework\src\Illuminate\Routing\Route.php(260): Sentry\Laravel\Tracing\Routing\TracingControllerDispatcherTracing->dispatch(Object(Illuminate\Routing\Route), Object(App\Http\Controllers\Web\CustomerController), 'getListingRecor...')
#20 D:\laragon\www\PuraniJeans\vendor\laravel\framework\src\Illuminate\Routing\Route.php(205): Illuminate\Routing\Route->runController()
#21 D:\laragon\www\PuraniJeans\vendor\laravel\framework\src\Illuminate\Routing\Router.php(799): Illuminate\Routing\Route->run()
#22 D:\laragon\www\PuraniJeans\vendor\laravel\framework\src\Illuminate\Pipeline\Pipeline.php(141): Illuminate\Routing\Router->Illuminate\Routing\{closure}(Object(Illuminate\Http\Request))
#23 D:\laragon\www\PuraniJeans\vendor\laravel\framework\src\Illuminate\Routing\Middleware\SubstituteBindings.php(50): Illuminate\Pipeline\Pipeline->Illuminate\Pipeline\{closure}(Object(Illuminate\Http\Request))
#24 D:\laragon\www\PuraniJeans\vendor\laravel\framework\src\Illuminate\Pipeline\Pipeline.php(180): Illuminate\Routing\Middleware\SubstituteBindings->handle(Object(Illuminate\Http\Request), Object(Closure))
#25 D:\laragon\www\PuraniJeans\vendor\laravel\framework\src\Illuminate\Auth\Middleware\Authenticate.php(57): Illuminate\Pipeline\Pipeline->Illuminate\Pipeline\{closure}(Object(Illuminate\Http\Request))
#26 D:\laragon\www\PuraniJeans\vendor\laravel\framework\src\Illuminate\Pipeline\Pipeline.php(180): Illuminate\Auth\Middleware\Authenticate->handle(Object(Illuminate\Http\Request), Object(Closure))
#27 D:\laragon\www\PuraniJeans\vendor\laravel\framework\src\Illuminate\Foundation\Http\Middleware\VerifyCsrfToken.php(78): Illuminate\Pipeline\Pipeline->Illuminate\Pipeline\{closure}(Object(Illuminate\Http\Request))
#28 D:\laragon\www\PuraniJeans\vendor\laravel\framework\src\Illuminate\Pipeline\Pipeline.php(180): Illuminate\Foundation\Http\Middleware\VerifyCsrfToken->handle(Object(Illuminate\Http\Request), Object(Closure))
#29 D:\laragon\www\PuraniJeans\vendor\laravel\framework\src\Illuminate\View\Middleware\ShareErrorsFromSession.php(49): Illuminate\Pipeline\Pipeline->Illuminate\Pipeline\{closure}(Object(Illuminate\Http\Request))
#30 D:\laragon\www\PuraniJeans\vendor\laravel\framework\src\Illuminate\Pipeline\Pipeline.php(180): Illuminate\View\Middleware\ShareErrorsFromSession->handle(Object(Illuminate\Http\Request), Object(Closure))
#31 D:\laragon\www\PuraniJeans\vendor\laravel\framework\src\Illuminate\Session\Middleware\StartSession.php(121): Illuminate\Pipeline\Pipeline->Illuminate\Pipeline\{closure}(Object(Illuminate\Http\Request))
#32 D:\laragon\www\PuraniJeans\vendor\laravel\framework\src\Illuminate\Session\Middleware\StartSession.php(64): Illuminate\Session\Middleware\StartSession->handleStatefulRequest(Object(Illuminate\Http\Request), Object(Illuminate\Session\Store), Object(Closure))
#33 D:\laragon\www\PuraniJeans\vendor\laravel\framework\src\Illuminate\Pipeline\Pipeline.php(180): Illuminate\Session\Middleware\StartSession->handle(Object(Illuminate\Http\Request), Object(Closure))
#34 D:\laragon\www\PuraniJeans\vendor\laravel\framework\src\Illuminate\Cookie\Middleware\AddQueuedCookiesToResponse.php(37): Illuminate\Pipeline\Pipeline->Illuminate\Pipeline\{closure}(Object(Illuminate\Http\Request))
#35 D:\laragon\www\PuraniJeans\vendor\laravel\framework\src\Illuminate\Pipeline\Pipeline.php(180): Illuminate\Cookie\Middleware\AddQueuedCookiesToResponse->handle(Object(Illuminate\Http\Request), Object(Closure))
#36 D:\laragon\www\PuraniJeans\vendor\laravel\framework\src\Illuminate\Cookie\Middleware\EncryptCookies.php(67): Illuminate\Pipeline\Pipeline->Illuminate\Pipeline\{closure}(Object(Illuminate\Http\Request))
#37 D:\laragon\www\PuraniJeans\vendor\laravel\framework\src\Illuminate\Pipeline\Pipeline.php(180): Illuminate\Cookie\Middleware\EncryptCookies->handle(Object(Illuminate\Http\Request), Object(Closure))
#38 D:\laragon\www\PuraniJeans\vendor\laravel\framework\src\Illuminate\Pipeline\Pipeline.php(116): Illuminate\Pipeline\Pipeline->Illuminate\Pipeline\{closure}(Object(Illuminate\Http\Request))
#39 D:\laragon\www\PuraniJeans\vendor\laravel\framework\src\Illuminate\Routing\Router.php(800): Illuminate\Pipeline\Pipeline->then(Object(Closure))
#40 D:\laragon\www\PuraniJeans\vendor\laravel\framework\src\Illuminate\Routing\Router.php(777): Illuminate\Routing\Router->runRouteWithinStack(Object(Illuminate\Routing\Route), Object(Illuminate\Http\Request))
#41 D:\laragon\www\PuraniJeans\vendor\laravel\framework\src\Illuminate\Routing\Router.php(741): Illuminate\Routing\Router->runRoute(Object(Illuminate\Http\Request), Object(Illuminate\Routing\Route))
#42 D:\laragon\www\PuraniJeans\vendor\laravel\framework\src\Illuminate\Routing\Router.php(730): Illuminate\Routing\Router->dispatchToRoute(Object(Illuminate\Http\Request))
#43 D:\laragon\www\PuraniJeans\vendor\laravel\framework\src\Illuminate\Foundation\Http\Kernel.php(200): Illuminate\Routing\Router->dispatch(Object(Illuminate\Http\Request))
#44 D:\laragon\www\PuraniJeans\vendor\laravel\framework\src\Illuminate\Pipeline\Pipeline.php(141): Illuminate\Foundation\Http\Kernel->Illuminate\Foundation\Http\{closure}(Object(Illuminate\Http\Request))
#45 D:\laragon\www\PuraniJeans\vendor\sentry\sentry-laravel\src\Sentry\Laravel\Http\SetRequestIpMiddleware.php(45): Illuminate\Pipeline\Pipeline->Illuminate\Pipeline\{closure}(Object(Illuminate\Http\Request))
#46 D:\laragon\www\PuraniJeans\vendor\laravel\framework\src\Illuminate\Pipeline\Pipeline.php(180): Sentry\Laravel\Http\SetRequestIpMiddleware->handle(Object(Illuminate\Http\Request), Object(Closure))
#47 D:\laragon\www\PuraniJeans\vendor\sentry\sentry-laravel\src\Sentry\Laravel\Http\SetRequestMiddleware.php(30): Illuminate\Pipeline\Pipeline->Illuminate\Pipeline\{closure}(Object(Illuminate\Http\Request))
#48 D:\laragon\www\PuraniJeans\vendor\laravel\framework\src\Illuminate\Pipeline\Pipeline.php(180): Sentry\Laravel\Http\SetRequestMiddleware->handle(Object(Illuminate\Http\Request), Object(Closure))
#49 D:\laragon\www\PuraniJeans\vendor\laravel\framework\src\Illuminate\Foundation\Http\Middleware\TransformsRequest.php(21): Illuminate\Pipeline\Pipeline->Illuminate\Pipeline\{closure}(Object(Illuminate\Http\Request))
#50 D:\laragon\www\PuraniJeans\vendor\laravel\framework\src\Illuminate\Foundation\Http\Middleware\ConvertEmptyStringsToNull.php(31): Illuminate\Foundation\Http\Middleware\TransformsRequest->handle(Object(Illuminate\Http\Request), Object(Closure))
#51 D:\laragon\www\PuraniJeans\vendor\laravel\framework\src\Illuminate\Pipeline\Pipeline.php(180): Illuminate\Foundation\Http\Middleware\ConvertEmptyStringsToNull->handle(Object(Illuminate\Http\Request), Object(Closure))
#52 D:\laragon\www\PuraniJeans\vendor\laravel\framework\src\Illuminate\Foundation\Http\Middleware\TransformsRequest.php(21): Illuminate\Pipeline\Pipeline->Illuminate\Pipeline\{closure}(Object(Illuminate\Http\Request))
#53 D:\laragon\www\PuraniJeans\vendor\laravel\framework\src\Illuminate\Foundation\Http\Middleware\TrimStrings.php(40): Illuminate\Foundation\Http\Middleware\TransformsRequest->handle(Object(Illuminate\Http\Request), Object(Closure))
#54 D:\laragon\www\PuraniJeans\vendor\laravel\framework\src\Illuminate\Pipeline\Pipeline.php(180): Illuminate\Foundation\Http\Middleware\TrimStrings->handle(Object(Illuminate\Http\Request), Object(Closure))
#55 D:\laragon\www\PuraniJeans\vendor\laravel\framework\src\Illuminate\Foundation\Http\Middleware\ValidatePostSize.php(27): Illuminate\Pipeline\Pipeline->Illuminate\Pipeline\{closure}(Object(Illuminate\Http\Request))
#56 D:\laragon\www\PuraniJeans\vendor\laravel\framework\src\Illuminate\Pipeline\Pipeline.php(180): Illuminate\Foundation\Http\Middleware\ValidatePostSize->handle(Object(Illuminate\Http\Request), Object(Closure))
#57 D:\laragon\www\PuraniJeans\vendor\laravel\framework\src\Illuminate\Foundation\Http\Middleware\PreventRequestsDuringMaintenance.php(86): Illuminate\Pipeline\Pipeline->Illuminate\Pipeline\{closure}(Object(Illuminate\Http\Request))
#58 D:\laragon\www\PuraniJeans\vendor\laravel\framework\src\Illuminate\Pipeline\Pipeline.php(180): Illuminate\Foundation\Http\Middleware\PreventRequestsDuringMaintenance->handle(Object(Illuminate\Http\Request), Object(Closure))
#59 D:\laragon\www\PuraniJeans\vendor\laravel\framework\src\Illuminate\Http\Middleware\HandleCors.php(49): Illuminate\Pipeline\Pipeline->Illuminate\Pipeline\{closure}(Object(Illuminate\Http\Request))
#60 D:\laragon\www\PuraniJeans\vendor\laravel\framework\src\Illuminate\Pipeline\Pipeline.php(180): Illuminate\Http\Middleware\HandleCors->handle(Object(Illuminate\Http\Request), Object(Closure))
#61 D:\laragon\www\PuraniJeans\vendor\laravel\framework\src\Illuminate\Http\Middleware\TrustProxies.php(39): Illuminate\Pipeline\Pipeline->Illuminate\Pipeline\{closure}(Object(Illuminate\Http\Request))
#62 D:\laragon\www\PuraniJeans\vendor\laravel\framework\src\Illuminate\Pipeline\Pipeline.php(180): Illuminate\Http\Middleware\TrustProxies->handle(Object(Illuminate\Http\Request), Object(Closure))
#63 D:\laragon\www\PuraniJeans\vendor\sentry\sentry-laravel\src\Sentry\Laravel\Tracing\Middleware.php(77): Illuminate\Pipeline\Pipeline->Illuminate\Pipeline\{closure}(Object(Illuminate\Http\Request))
#64 D:\laragon\www\PuraniJeans\vendor\laravel\framework\src\Illuminate\Pipeline\Pipeline.php(180): Sentry\Laravel\Tracing\Middleware->handle(Object(Illuminate\Http\Request), Object(Closure))
#65 D:\laragon\www\PuraniJeans\vendor\laravel\framework\src\Illuminate\Pipeline\Pipeline.php(116): Illuminate\Pipeline\Pipeline->Illuminate\Pipeline\{closure}(Object(Illuminate\Http\Request))
#66 D:\laragon\www\PuraniJeans\vendor\laravel\framework\src\Illuminate\Foundation\Http\Kernel.php(175): Illuminate\Pipeline\Pipeline->then(Object(Closure))
#67 D:\laragon\www\PuraniJeans\vendor\laravel\framework\src\Illuminate\Foundation\Http\Kernel.php(144): Illuminate\Foundation\Http\Kernel->sendRequestThroughRouter(Object(Illuminate\Http\Request))
#68 D:\laragon\www\PuraniJeans\public\index.php(52): Illuminate\Foundation\Http\Kernel->handle(Object(Illuminate\Http\Request))
#69 {main}  
[2023-08-29 23:02:07] dev.ERROR: ErrorException: Undefined array key "danger" in D:\laragon\www\PuraniJeans\app\Http\Controllers\Web\CustomerController.php:216
Stack trace:
#0 D:\laragon\www\PuraniJeans\vendor\laravel\framework\src\Illuminate\Foundation\Bootstrap\HandleExceptions.php(254): Illuminate\Foundation\Bootstrap\HandleExceptions->handleError(2, 'Undefined array...', 'D:\\laragon\\www\\...', 216)
#1 D:\laragon\www\PuraniJeans\app\Http\Controllers\Web\CustomerController.php(216): Illuminate\Foundation\Bootstrap\HandleExceptions->Illuminate\Foundation\Bootstrap\{closure}(2, 'Undefined array...', 'D:\\laragon\\www\\...', 216)
#2 D:\laragon\www\PuraniJeans\vendor\laravel\framework\src\Illuminate\Container\BoundMethod.php(36): App\Http\Controllers\Web\CustomerController->App\Http\Controllers\Web\{closure}(Object(App\Models\Customer))
#3 D:\laragon\www\PuraniJeans\vendor\laravel\framework\src\Illuminate\Container\Util.php(41): Illuminate\Container\BoundMethod::Illuminate\Container\{closure}()
#4 D:\laragon\www\PuraniJeans\vendor\laravel\framework\src\Illuminate\Container\BoundMethod.php(81): Illuminate\Container\Util::unwrapIfClosure(Object(Closure))
#5 D:\laragon\www\PuraniJeans\vendor\laravel\framework\src\Illuminate\Container\BoundMethod.php(37): Illuminate\Container\BoundMethod::callBoundMethod(Object(Illuminate\Foundation\Application), Object(Closure), Object(Closure))
#6 D:\laragon\www\PuraniJeans\vendor\laravel\framework\src\Illuminate\Container\Container.php(662): Illuminate\Container\BoundMethod::call(Object(Illuminate\Foundation\Application), Object(Closure), Array, NULL)
#7 D:\laragon\www\PuraniJeans\vendor\yajra\laravel-datatables-oracle\src\Utilities\Helper.php(107): Illuminate\Container\Container->call(Object(Closure), Array)
#8 D:\laragon\www\PuraniJeans\vendor\yajra\laravel-datatables-oracle\src\Processors\DataProcessor.php(151): Yajra\DataTables\Utilities\Helper::compileContent(Object(Closure), Array, Object(App\Models\Customer))
#9 D:\laragon\www\PuraniJeans\vendor\yajra\laravel-datatables-oracle\src\Processors\DataProcessor.php(116): Yajra\DataTables\Processors\DataProcessor->addColumns(Array, Object(App\Models\Customer))
#10 D:\laragon\www\PuraniJeans\vendor\yajra\laravel-datatables-oracle\src\DataTableAbstract.php(858): Yajra\DataTables\Processors\DataProcessor->process(true)
#11 D:\laragon\www\PuraniJeans\vendor\yajra\laravel-datatables-oracle\src\CollectionDataTable.php(172): Yajra\DataTables\DataTableAbstract->processResults(Object(Illuminate\Database\Eloquent\Collection), true)
#12 D:\laragon\www\PuraniJeans\app\Http\Controllers\Web\CustomerController.php(245): Yajra\DataTables\CollectionDataTable->make(true)
#13 D:\laragon\www\PuraniJeans\app\Http\Controllers\Web\CustomerController.php(162): App\Http\Controllers\Web\CustomerController->makeDatatable(Array)
#14 D:\laragon\www\PuraniJeans\vendor\laravel\framework\src\Illuminate\Routing\Controller.php(54): App\Http\Controllers\Web\CustomerController->getListingRecord(Object(Illuminate\Http\Request))
#15 D:\laragon\www\PuraniJeans\vendor\laravel\framework\src\Illuminate\Routing\ControllerDispatcher.php(43): Illuminate\Routing\Controller->callAction('getListingRecor...', Array)
#16 D:\laragon\www\PuraniJeans\vendor\sentry\sentry-laravel\src\Sentry\Laravel\Tracing\Routing\TracingControllerDispatcherTracing.php(21): Illuminate\Routing\ControllerDispatcher->dispatch(Object(Illuminate\Routing\Route), Object(App\Http\Controllers\Web\CustomerController), 'getListingRecor...')
#17 D:\laragon\www\PuraniJeans\vendor\sentry\sentry-laravel\src\Sentry\Laravel\Tracing\Routing\TracingRoutingDispatcher.php(31): Sentry\Laravel\Tracing\Routing\TracingControllerDispatcherTracing->Sentry\Laravel\Tracing\Routing\{closure}()
#18 D:\laragon\www\PuraniJeans\vendor\sentry\sentry-laravel\src\Sentry\Laravel\Tracing\Routing\TracingControllerDispatcherTracing.php(20): Sentry\Laravel\Tracing\Routing\TracingRoutingDispatcher->wrapRouteDispatch(Object(Closure), Object(Illuminate\Routing\Route))
#19 D:\laragon\www\PuraniJeans\vendor\laravel\framework\src\Illuminate\Routing\Route.php(260): Sentry\Laravel\Tracing\Routing\TracingControllerDispatcherTracing->dispatch(Object(Illuminate\Routing\Route), Object(App\Http\Controllers\Web\CustomerController), 'getListingRecor...')
#20 D:\laragon\www\PuraniJeans\vendor\laravel\framework\src\Illuminate\Routing\Route.php(205): Illuminate\Routing\Route->runController()
#21 D:\laragon\www\PuraniJeans\vendor\laravel\framework\src\Illuminate\Routing\Router.php(799): Illuminate\Routing\Route->run()
#22 D:\laragon\www\PuraniJeans\vendor\laravel\framework\src\Illuminate\Pipeline\Pipeline.php(141): Illuminate\Routing\Router->Illuminate\Routing\{closure}(Object(Illuminate\Http\Request))
#23 D:\laragon\www\PuraniJeans\vendor\laravel\framework\src\Illuminate\Routing\Middleware\SubstituteBindings.php(50): Illuminate\Pipeline\Pipeline->Illuminate\Pipeline\{closure}(Object(Illuminate\Http\Request))
#24 D:\laragon\www\PuraniJeans\vendor\laravel\framework\src\Illuminate\Pipeline\Pipeline.php(180): Illuminate\Routing\Middleware\SubstituteBindings->handle(Object(Illuminate\Http\Request), Object(Closure))
#25 D:\laragon\www\PuraniJeans\vendor\laravel\framework\src\Illuminate\Auth\Middleware\Authenticate.php(57): Illuminate\Pipeline\Pipeline->Illuminate\Pipeline\{closure}(Object(Illuminate\Http\Request))
#26 D:\laragon\www\PuraniJeans\vendor\laravel\framework\src\Illuminate\Pipeline\Pipeline.php(180): Illuminate\Auth\Middleware\Authenticate->handle(Object(Illuminate\Http\Request), Object(Closure))
#27 D:\laragon\www\PuraniJeans\vendor\laravel\framework\src\Illuminate\Foundation\Http\Middleware\VerifyCsrfToken.php(78): Illuminate\Pipeline\Pipeline->Illuminate\Pipeline\{closure}(Object(Illuminate\Http\Request))
#28 D:\laragon\www\PuraniJeans\vendor\laravel\framework\src\Illuminate\Pipeline\Pipeline.php(180): Illuminate\Foundation\Http\Middleware\VerifyCsrfToken->handle(Object(Illuminate\Http\Request), Object(Closure))
#29 D:\laragon\www\PuraniJeans\vendor\laravel\framework\src\Illuminate\View\Middleware\ShareErrorsFromSession.php(49): Illuminate\Pipeline\Pipeline->Illuminate\Pipeline\{closure}(Object(Illuminate\Http\Request))
#30 D:\laragon\www\PuraniJeans\vendor\laravel\framework\src\Illuminate\Pipeline\Pipeline.php(180): Illuminate\View\Middleware\ShareErrorsFromSession->handle(Object(Illuminate\Http\Request), Object(Closure))
#31 D:\laragon\www\PuraniJeans\vendor\laravel\framework\src\Illuminate\Session\Middleware\StartSession.php(121): Illuminate\Pipeline\Pipeline->Illuminate\Pipeline\{closure}(Object(Illuminate\Http\Request))
#32 D:\laragon\www\PuraniJeans\vendor\laravel\framework\src\Illuminate\Session\Middleware\StartSession.php(64): Illuminate\Session\Middleware\StartSession->handleStatefulRequest(Object(Illuminate\Http\Request), Object(Illuminate\Session\Store), Object(Closure))
#33 D:\laragon\www\PuraniJeans\vendor\laravel\framework\src\Illuminate\Pipeline\Pipeline.php(180): Illuminate\Session\Middleware\StartSession->handle(Object(Illuminate\Http\Request), Object(Closure))
#34 D:\laragon\www\PuraniJeans\vendor\laravel\framework\src\Illuminate\Cookie\Middleware\AddQueuedCookiesToResponse.php(37): Illuminate\Pipeline\Pipeline->Illuminate\Pipeline\{closure}(Object(Illuminate\Http\Request))
#35 D:\laragon\www\PuraniJeans\vendor\laravel\framework\src\Illuminate\Pipeline\Pipeline.php(180): Illuminate\Cookie\Middleware\AddQueuedCookiesToResponse->handle(Object(Illuminate\Http\Request), Object(Closure))
#36 D:\laragon\www\PuraniJeans\vendor\laravel\framework\src\Illuminate\Cookie\Middleware\EncryptCookies.php(67): Illuminate\Pipeline\Pipeline->Illuminate\Pipeline\{closure}(Object(Illuminate\Http\Request))
#37 D:\laragon\www\PuraniJeans\vendor\laravel\framework\src\Illuminate\Pipeline\Pipeline.php(180): Illuminate\Cookie\Middleware\EncryptCookies->handle(Object(Illuminate\Http\Request), Object(Closure))
#38 D:\laragon\www\PuraniJeans\vendor\laravel\framework\src\Illuminate\Pipeline\Pipeline.php(116): Illuminate\Pipeline\Pipeline->Illuminate\Pipeline\{closure}(Object(Illuminate\Http\Request))
#39 D:\laragon\www\PuraniJeans\vendor\laravel\framework\src\Illuminate\Routing\Router.php(800): Illuminate\Pipeline\Pipeline->then(Object(Closure))
#40 D:\laragon\www\PuraniJeans\vendor\laravel\framework\src\Illuminate\Routing\Router.php(777): Illuminate\Routing\Router->runRouteWithinStack(Object(Illuminate\Routing\Route), Object(Illuminate\Http\Request))
#41 D:\laragon\www\PuraniJeans\vendor\laravel\framework\src\Illuminate\Routing\Router.php(741): Illuminate\Routing\Router->runRoute(Object(Illuminate\Http\Request), Object(Illuminate\Routing\Route))
#42 D:\laragon\www\PuraniJeans\vendor\laravel\framework\src\Illuminate\Routing\Router.php(730): Illuminate\Routing\Router->dispatchToRoute(Object(Illuminate\Http\Request))
#43 D:\laragon\www\PuraniJeans\vendor\laravel\framework\src\Illuminate\Foundation\Http\Kernel.php(200): Illuminate\Routing\Router->dispatch(Object(Illuminate\Http\Request))
#44 D:\laragon\www\PuraniJeans\vendor\laravel\framework\src\Illuminate\Pipeline\Pipeline.php(141): Illuminate\Foundation\Http\Kernel->Illuminate\Foundation\Http\{closure}(Object(Illuminate\Http\Request))
#45 D:\laragon\www\PuraniJeans\vendor\sentry\sentry-laravel\src\Sentry\Laravel\Http\SetRequestIpMiddleware.php(45): Illuminate\Pipeline\Pipeline->Illuminate\Pipeline\{closure}(Object(Illuminate\Http\Request))
#46 D:\laragon\www\PuraniJeans\vendor\laravel\framework\src\Illuminate\Pipeline\Pipeline.php(180): Sentry\Laravel\Http\SetRequestIpMiddleware->handle(Object(Illuminate\Http\Request), Object(Closure))
#47 D:\laragon\www\PuraniJeans\vendor\sentry\sentry-laravel\src\Sentry\Laravel\Http\SetRequestMiddleware.php(30): Illuminate\Pipeline\Pipeline->Illuminate\Pipeline\{closure}(Object(Illuminate\Http\Request))
#48 D:\laragon\www\PuraniJeans\vendor\laravel\framework\src\Illuminate\Pipeline\Pipeline.php(180): Sentry\Laravel\Http\SetRequestMiddleware->handle(Object(Illuminate\Http\Request), Object(Closure))
#49 D:\laragon\www\PuraniJeans\vendor\laravel\framework\src\Illuminate\Foundation\Http\Middleware\TransformsRequest.php(21): Illuminate\Pipeline\Pipeline->Illuminate\Pipeline\{closure}(Object(Illuminate\Http\Request))
#50 D:\laragon\www\PuraniJeans\vendor\laravel\framework\src\Illuminate\Foundation\Http\Middleware\ConvertEmptyStringsToNull.php(31): Illuminate\Foundation\Http\Middleware\TransformsRequest->handle(Object(Illuminate\Http\Request), Object(Closure))
#51 D:\laragon\www\PuraniJeans\vendor\laravel\framework\src\Illuminate\Pipeline\Pipeline.php(180): Illuminate\Foundation\Http\Middleware\ConvertEmptyStringsToNull->handle(Object(Illuminate\Http\Request), Object(Closure))
#52 D:\laragon\www\PuraniJeans\vendor\laravel\framework\src\Illuminate\Foundation\Http\Middleware\TransformsRequest.php(21): Illuminate\Pipeline\Pipeline->Illuminate\Pipeline\{closure}(Object(Illuminate\Http\Request))
#53 D:\laragon\www\PuraniJeans\vendor\laravel\framework\src\Illuminate\Foundation\Http\Middleware\TrimStrings.php(40): Illuminate\Foundation\Http\Middleware\TransformsRequest->handle(Object(Illuminate\Http\Request), Object(Closure))
#54 D:\laragon\www\PuraniJeans\vendor\laravel\framework\src\Illuminate\Pipeline\Pipeline.php(180): Illuminate\Foundation\Http\Middleware\TrimStrings->handle(Object(Illuminate\Http\Request), Object(Closure))
#55 D:\laragon\www\PuraniJeans\vendor\laravel\framework\src\Illuminate\Foundation\Http\Middleware\ValidatePostSize.php(27): Illuminate\Pipeline\Pipeline->Illuminate\Pipeline\{closure}(Object(Illuminate\Http\Request))
#56 D:\laragon\www\PuraniJeans\vendor\laravel\framework\src\Illuminate\Pipeline\Pipeline.php(180): Illuminate\Foundation\Http\Middleware\ValidatePostSize->handle(Object(Illuminate\Http\Request), Object(Closure))
#57 D:\laragon\www\PuraniJeans\vendor\laravel\framework\src\Illuminate\Foundation\Http\Middleware\PreventRequestsDuringMaintenance.php(86): Illuminate\Pipeline\Pipeline->Illuminate\Pipeline\{closure}(Object(Illuminate\Http\Request))
#58 D:\laragon\www\PuraniJeans\vendor\laravel\framework\src\Illuminate\Pipeline\Pipeline.php(180): Illuminate\Foundation\Http\Middleware\PreventRequestsDuringMaintenance->handle(Object(Illuminate\Http\Request), Object(Closure))
#59 D:\laragon\www\PuraniJeans\vendor\laravel\framework\src\Illuminate\Http\Middleware\HandleCors.php(49): Illuminate\Pipeline\Pipeline->Illuminate\Pipeline\{closure}(Object(Illuminate\Http\Request))
#60 D:\laragon\www\PuraniJeans\vendor\laravel\framework\src\Illuminate\Pipeline\Pipeline.php(180): Illuminate\Http\Middleware\HandleCors->handle(Object(Illuminate\Http\Request), Object(Closure))
#61 D:\laragon\www\PuraniJeans\vendor\laravel\framework\src\Illuminate\Http\Middleware\TrustProxies.php(39): Illuminate\Pipeline\Pipeline->Illuminate\Pipeline\{closure}(Object(Illuminate\Http\Request))
#62 D:\laragon\www\PuraniJeans\vendor\laravel\framework\src\Illuminate\Pipeline\Pipeline.php(180): Illuminate\Http\Middleware\TrustProxies->handle(Object(Illuminate\Http\Request), Object(Closure))
#63 D:\laragon\www\PuraniJeans\vendor\sentry\sentry-laravel\src\Sentry\Laravel\Tracing\Middleware.php(77): Illuminate\Pipeline\Pipeline->Illuminate\Pipeline\{closure}(Object(Illuminate\Http\Request))
#64 D:\laragon\www\PuraniJeans\vendor\laravel\framework\src\Illuminate\Pipeline\Pipeline.php(180): Sentry\Laravel\Tracing\Middleware->handle(Object(Illuminate\Http\Request), Object(Closure))
#65 D:\laragon\www\PuraniJeans\vendor\laravel\framework\src\Illuminate\Pipeline\Pipeline.php(116): Illuminate\Pipeline\Pipeline->Illuminate\Pipeline\{closure}(Object(Illuminate\Http\Request))
#66 D:\laragon\www\PuraniJeans\vendor\laravel\framework\src\Illuminate\Foundation\Http\Kernel.php(175): Illuminate\Pipeline\Pipeline->then(Object(Closure))
#67 D:\laragon\www\PuraniJeans\vendor\laravel\framework\src\Illuminate\Foundation\Http\Kernel.php(144): Illuminate\Foundation\Http\Kernel->sendRequestThroughRouter(Object(Illuminate\Http\Request))
#68 D:\laragon\www\PuraniJeans\public\index.php(52): Illuminate\Foundation\Http\Kernel->handle(Object(Illuminate\Http\Request))
#69 {main}  
