[2023-09-02 04:20:36] dev.ERROR: Unparenthesized `a ? b : c ? d : e` is not supported. Use either `(a ? b : c) ? d : e` or `a ? b : (c ? d : e)` {"userId":1,"exception":"[object] (Symfony\\Component\\ErrorHandler\\Error\\FatalError(code: 0): Unparenthesized `a ? b : c ? d : e` is not supported. Use either `(a ? b : c) ? d : e` or `a ? b : (c ? d : e)` at D:\\laragon\\www\\PuraniJeans\\storage\\framework\\views\\c07c6fe6dc21b575d95a1c160c780d6f.php:47)
[stacktrace]
#0 {main}
"} 
[2023-09-02 04:21:23] dev.ERROR: Unparenthesized `a ? b : c ? d : e` is not supported. Use either `(a ? b : c) ? d : e` or `a ? b : (c ? d : e)` {"userId":1,"exception":"[object] (Symfony\\Component\\ErrorHandler\\Error\\FatalError(code: 0): Unparenthesized `a ? b : c ? d : e` is not supported. Use either `(a ? b : c) ? d : e` or `a ? b : (c ? d : e)` at D:\\laragon\\www\\PuraniJeans\\storage\\framework\\views\\c07c6fe6dc21b575d95a1c160c780d6f.php:90)
[stacktrace]
#0 {main}
"} 
[2023-09-02 04:24:22] dev.ERROR: Class "Form" not found {"view":{"view":"D:\\laragon\\www\\PuraniJeans\\resources\\views\\users\\create.blade.php","data":{"errors":"<pre class=sf-dump id=sf-dump-1020704367 data-indent-pad=\"  \"><span class=sf-dump-note>Illuminate\\Support\\ViewErrorBag</span> {<a class=sf-dump-ref>#582</a><samp data-depth=1 class=sf-dump-expanded>
  #<span class=sf-dump-protected title=\"Protected property\">bags</span>: []
</samp>}
</pre><script>Sfdump(\"sf-dump-1020704367\", {\"maxDepth\":3,\"maxStringLength\":160})</script>
","__sentry_tracing_view_name":"<pre class=sf-dump id=sf-dump-1398349578 data-indent-pad=\"  \">\"<span class=sf-dump-str title=\"12 characters\">users.create</span>\"
</pre><script>Sfdump(\"sf-dump-1398349578\", {\"maxDepth\":3,\"maxStringLength\":160})</script>
","status":"<pre class=sf-dump id=sf-dump-1900729725 data-indent-pad=\"  \"><span class=sf-dump-note>array:2</span> [<samp data-depth=1 class=sf-dump-expanded>
  \"<span class=sf-dump-key>InActive</span>\" => <span class=sf-dump-num>0</span>
  \"<span class=sf-dump-key>Active</span>\" => <span class=sf-dump-num>1</span>
</samp>]
</pre><script>Sfdump(\"sf-dump-1900729725\", {\"maxDepth\":3,\"maxStringLength\":160})</script>
","user":"<pre class=sf-dump id=sf-dump-1404755137 data-indent-pad=\"  \">[]
</pre><script>Sfdump(\"sf-dump-1404755137\", {\"maxDepth\":3,\"maxStringLength\":160})</script>
"}},"userId":1,"exception":"[object] (Spatie\\LaravelIgnition\\Exceptions\\ViewException(code: 0): Class \"Form\" not found at D:\\laragon\\www\\PuraniJeans\\resources\\views\\users\\create.blade.php:132)
[stacktrace]
#0 D:\\laragon\\www\\PuraniJeans\\vendor\\laravel\\framework\\src\\Illuminate\\Filesystem\\Filesystem.php(124): require()
#1 D:\\laragon\\www\\PuraniJeans\\vendor\\laravel\\framework\\src\\Illuminate\\Filesystem\\Filesystem.php(125): Illuminate\\Filesystem\\Filesystem::Illuminate\\Filesystem\\{closure}()
#2 D:\\laragon\\www\\PuraniJeans\\vendor\\laravel\\framework\\src\\Illuminate\\View\\Engines\\PhpEngine.php(58): Illuminate\\Filesystem\\Filesystem->getRequire('D:\\\\laragon\\\\www\\\\...', Array)
#3 D:\\laragon\\www\\PuraniJeans\\vendor\\laravel\\framework\\src\\Illuminate\\View\\Engines\\CompilerEngine.php(70): Illuminate\\View\\Engines\\PhpEngine->evaluatePath('D:\\\\laragon\\\\www\\\\...', Array)
#4 D:\\laragon\\www\\PuraniJeans\\vendor\\sentry\\sentry-laravel\\src\\Sentry\\Laravel\\Tracing\\ViewEngineDecorator.php(45): Illuminate\\View\\Engines\\CompilerEngine->get('D:\\\\laragon\\\\www\\\\...', Array)
#5 D:\\laragon\\www\\PuraniJeans\\vendor\\laravel\\framework\\src\\Illuminate\\View\\View.php(195): Sentry\\Laravel\\Tracing\\ViewEngineDecorator->get('D:\\\\laragon\\\\www\\\\...', Array)
#6 D:\\laragon\\www\\PuraniJeans\\vendor\\laravel\\framework\\src\\Illuminate\\View\\View.php(178): Illuminate\\View\\View->getContents()
#7 D:\\laragon\\www\\PuraniJeans\\vendor\\laravel\\framework\\src\\Illuminate\\View\\View.php(147): Illuminate\\View\\View->renderContents()
#8 D:\\laragon\\www\\PuraniJeans\\vendor\\laravel\\framework\\src\\Illuminate\\Http\\Response.php(69): Illuminate\\View\\View->render()
#9 D:\\laragon\\www\\PuraniJeans\\vendor\\laravel\\framework\\src\\Illuminate\\Http\\Response.php(35): Illuminate\\Http\\Response->setContent(Object(Illuminate\\View\\View))
#10 D:\\laragon\\www\\PuraniJeans\\vendor\\laravel\\framework\\src\\Illuminate\\Routing\\Router.php(911): Illuminate\\Http\\Response->__construct(Object(Illuminate\\View\\View), 200, Array)
#11 D:\\laragon\\www\\PuraniJeans\\vendor\\laravel\\framework\\src\\Illuminate\\Routing\\Router.php(878): Illuminate\\Routing\\Router::toResponse(Object(Illuminate\\Http\\Request), Object(Illuminate\\View\\View))
#12 D:\\laragon\\www\\PuraniJeans\\vendor\\laravel\\framework\\src\\Illuminate\\Routing\\Router.php(799): Illuminate\\Routing\\Router->prepareResponse(Object(Illuminate\\Http\\Request), Object(Illuminate\\View\\View))
#13 D:\\laragon\\www\\PuraniJeans\\vendor\\laravel\\framework\\src\\Illuminate\\Pipeline\\Pipeline.php(141): Illuminate\\Routing\\Router->Illuminate\\Routing\\{closure}(Object(Illuminate\\Http\\Request))
#14 D:\\laragon\\www\\PuraniJeans\\vendor\\laravel\\framework\\src\\Illuminate\\Routing\\Middleware\\SubstituteBindings.php(50): Illuminate\\Pipeline\\Pipeline->Illuminate\\Pipeline\\{closure}(Object(Illuminate\\Http\\Request))
#15 D:\\laragon\\www\\PuraniJeans\\vendor\\laravel\\framework\\src\\Illuminate\\Pipeline\\Pipeline.php(180): Illuminate\\Routing\\Middleware\\SubstituteBindings->handle(Object(Illuminate\\Http\\Request), Object(Closure))
#16 D:\\laragon\\www\\PuraniJeans\\vendor\\laravel\\framework\\src\\Illuminate\\Auth\\Middleware\\Authenticate.php(57): Illuminate\\Pipeline\\Pipeline->Illuminate\\Pipeline\\{closure}(Object(Illuminate\\Http\\Request))
#17 D:\\laragon\\www\\PuraniJeans\\vendor\\laravel\\framework\\src\\Illuminate\\Pipeline\\Pipeline.php(180): Illuminate\\Auth\\Middleware\\Authenticate->handle(Object(Illuminate\\Http\\Request), Object(Closure))
#18 D:\\laragon\\www\\PuraniJeans\\vendor\\laravel\\framework\\src\\Illuminate\\Foundation\\Http\\Middleware\\VerifyCsrfToken.php(78): Illuminate\\Pipeline\\Pipeline->Illuminate\\Pipeline\\{closure}(Object(Illuminate\\Http\\Request))
#19 D:\\laragon\\www\\PuraniJeans\\vendor\\laravel\\framework\\src\\Illuminate\\Pipeline\\Pipeline.php(180): Illuminate\\Foundation\\Http\\Middleware\\VerifyCsrfToken->handle(Object(Illuminate\\Http\\Request), Object(Closure))
#20 D:\\laragon\\www\\PuraniJeans\\vendor\\laravel\\framework\\src\\Illuminate\\View\\Middleware\\ShareErrorsFromSession.php(49): Illuminate\\Pipeline\\Pipeline->Illuminate\\Pipeline\\{closure}(Object(Illuminate\\Http\\Request))
#21 D:\\laragon\\www\\PuraniJeans\\vendor\\laravel\\framework\\src\\Illuminate\\Pipeline\\Pipeline.php(180): Illuminate\\View\\Middleware\\ShareErrorsFromSession->handle(Object(Illuminate\\Http\\Request), Object(Closure))
#22 D:\\laragon\\www\\PuraniJeans\\vendor\\laravel\\framework\\src\\Illuminate\\Session\\Middleware\\StartSession.php(121): Illuminate\\Pipeline\\Pipeline->Illuminate\\Pipeline\\{closure}(Object(Illuminate\\Http\\Request))
#23 D:\\laragon\\www\\PuraniJeans\\vendor\\laravel\\framework\\src\\Illuminate\\Session\\Middleware\\StartSession.php(64): Illuminate\\Session\\Middleware\\StartSession->handleStatefulRequest(Object(Illuminate\\Http\\Request), Object(Illuminate\\Session\\Store), Object(Closure))
#24 D:\\laragon\\www\\PuraniJeans\\vendor\\laravel\\framework\\src\\Illuminate\\Pipeline\\Pipeline.php(180): Illuminate\\Session\\Middleware\\StartSession->handle(Object(Illuminate\\Http\\Request), Object(Closure))
#25 D:\\laragon\\www\\PuraniJeans\\vendor\\laravel\\framework\\src\\Illuminate\\Cookie\\Middleware\\AddQueuedCookiesToResponse.php(37): Illuminate\\Pipeline\\Pipeline->Illuminate\\Pipeline\\{closure}(Object(Illuminate\\Http\\Request))
#26 D:\\laragon\\www\\PuraniJeans\\vendor\\laravel\\framework\\src\\Illuminate\\Pipeline\\Pipeline.php(180): Illuminate\\Cookie\\Middleware\\AddQueuedCookiesToResponse->handle(Object(Illuminate\\Http\\Request), Object(Closure))
#27 D:\\laragon\\www\\PuraniJeans\\vendor\\laravel\\framework\\src\\Illuminate\\Cookie\\Middleware\\EncryptCookies.php(67): Illuminate\\Pipeline\\Pipeline->Illuminate\\Pipeline\\{closure}(Object(Illuminate\\Http\\Request))
#28 D:\\laragon\\www\\PuraniJeans\\vendor\\laravel\\framework\\src\\Illuminate\\Pipeline\\Pipeline.php(180): Illuminate\\Cookie\\Middleware\\EncryptCookies->handle(Object(Illuminate\\Http\\Request), Object(Closure))
#29 D:\\laragon\\www\\PuraniJeans\\vendor\\laravel\\framework\\src\\Illuminate\\Pipeline\\Pipeline.php(116): Illuminate\\Pipeline\\Pipeline->Illuminate\\Pipeline\\{closure}(Object(Illuminate\\Http\\Request))
#30 D:\\laragon\\www\\PuraniJeans\\vendor\\laravel\\framework\\src\\Illuminate\\Routing\\Router.php(800): Illuminate\\Pipeline\\Pipeline->then(Object(Closure))
#31 D:\\laragon\\www\\PuraniJeans\\vendor\\laravel\\framework\\src\\Illuminate\\Routing\\Router.php(777): Illuminate\\Routing\\Router->runRouteWithinStack(Object(Illuminate\\Routing\\Route), Object(Illuminate\\Http\\Request))
#32 D:\\laragon\\www\\PuraniJeans\\vendor\\laravel\\framework\\src\\Illuminate\\Routing\\Router.php(741): Illuminate\\Routing\\Router->runRoute(Object(Illuminate\\Http\\Request), Object(Illuminate\\Routing\\Route))
#33 D:\\laragon\\www\\PuraniJeans\\vendor\\laravel\\framework\\src\\Illuminate\\Routing\\Router.php(730): Illuminate\\Routing\\Router->dispatchToRoute(Object(Illuminate\\Http\\Request))
#34 D:\\laragon\\www\\PuraniJeans\\vendor\\laravel\\framework\\src\\Illuminate\\Foundation\\Http\\Kernel.php(200): Illuminate\\Routing\\Router->dispatch(Object(Illuminate\\Http\\Request))
#35 D:\\laragon\\www\\PuraniJeans\\vendor\\laravel\\framework\\src\\Illuminate\\Pipeline\\Pipeline.php(141): Illuminate\\Foundation\\Http\\Kernel->Illuminate\\Foundation\\Http\\{closure}(Object(Illuminate\\Http\\Request))
#36 D:\\laragon\\www\\PuraniJeans\\vendor\\sentry\\sentry-laravel\\src\\Sentry\\Laravel\\Http\\SetRequestIpMiddleware.php(45): Illuminate\\Pipeline\\Pipeline->Illuminate\\Pipeline\\{closure}(Object(Illuminate\\Http\\Request))
#37 D:\\laragon\\www\\PuraniJeans\\vendor\\laravel\\framework\\src\\Illuminate\\Pipeline\\Pipeline.php(180): Sentry\\Laravel\\Http\\SetRequestIpMiddleware->handle(Object(Illuminate\\Http\\Request), Object(Closure))
#38 D:\\laragon\\www\\PuraniJeans\\vendor\\sentry\\sentry-laravel\\src\\Sentry\\Laravel\\Http\\SetRequestMiddleware.php(30): Illuminate\\Pipeline\\Pipeline->Illuminate\\Pipeline\\{closure}(Object(Illuminate\\Http\\Request))
#39 D:\\laragon\\www\\PuraniJeans\\vendor\\laravel\\framework\\src\\Illuminate\\Pipeline\\Pipeline.php(180): Sentry\\Laravel\\Http\\SetRequestMiddleware->handle(Object(Illuminate\\Http\\Request), Object(Closure))
#40 D:\\laragon\\www\\PuraniJeans\\vendor\\laravel\\framework\\src\\Illuminate\\Foundation\\Http\\Middleware\\TransformsRequest.php(21): Illuminate\\Pipeline\\Pipeline->Illuminate\\Pipeline\\{closure}(Object(Illuminate\\Http\\Request))
#41 D:\\laragon\\www\\PuraniJeans\\vendor\\laravel\\framework\\src\\Illuminate\\Foundation\\Http\\Middleware\\ConvertEmptyStringsToNull.php(31): Illuminate\\Foundation\\Http\\Middleware\\TransformsRequest->handle(Object(Illuminate\\Http\\Request), Object(Closure))
#42 D:\\laragon\\www\\PuraniJeans\\vendor\\laravel\\framework\\src\\Illuminate\\Pipeline\\Pipeline.php(180): Illuminate\\Foundation\\Http\\Middleware\\ConvertEmptyStringsToNull->handle(Object(Illuminate\\Http\\Request), Object(Closure))
#43 D:\\laragon\\www\\PuraniJeans\\vendor\\laravel\\framework\\src\\Illuminate\\Foundation\\Http\\Middleware\\TransformsRequest.php(21): Illuminate\\Pipeline\\Pipeline->Illuminate\\Pipeline\\{closure}(Object(Illuminate\\Http\\Request))
#44 D:\\laragon\\www\\PuraniJeans\\vendor\\laravel\\framework\\src\\Illuminate\\Foundation\\Http\\Middleware\\TrimStrings.php(40): Illuminate\\Foundation\\Http\\Middleware\\TransformsRequest->handle(Object(Illuminate\\Http\\Request), Object(Closure))
#45 D:\\laragon\\www\\PuraniJeans\\vendor\\laravel\\framework\\src\\Illuminate\\Pipeline\\Pipeline.php(180): Illuminate\\Foundation\\Http\\Middleware\\TrimStrings->handle(Object(Illuminate\\Http\\Request), Object(Closure))
#46 D:\\laragon\\www\\PuraniJeans\\vendor\\laravel\\framework\\src\\Illuminate\\Foundation\\Http\\Middleware\\ValidatePostSize.php(27): Illuminate\\Pipeline\\Pipeline->Illuminate\\Pipeline\\{closure}(Object(Illuminate\\Http\\Request))
#47 D:\\laragon\\www\\PuraniJeans\\vendor\\laravel\\framework\\src\\Illuminate\\Pipeline\\Pipeline.php(180): Illuminate\\Foundation\\Http\\Middleware\\ValidatePostSize->handle(Object(Illuminate\\Http\\Request), Object(Closure))
#48 D:\\laragon\\www\\PuraniJeans\\vendor\\laravel\\framework\\src\\Illuminate\\Foundation\\Http\\Middleware\\PreventRequestsDuringMaintenance.php(86): Illuminate\\Pipeline\\Pipeline->Illuminate\\Pipeline\\{closure}(Object(Illuminate\\Http\\Request))
#49 D:\\laragon\\www\\PuraniJeans\\vendor\\laravel\\framework\\src\\Illuminate\\Pipeline\\Pipeline.php(180): Illuminate\\Foundation\\Http\\Middleware\\PreventRequestsDuringMaintenance->handle(Object(Illuminate\\Http\\Request), Object(Closure))
#50 D:\\laragon\\www\\PuraniJeans\\vendor\\laravel\\framework\\src\\Illuminate\\Http\\Middleware\\HandleCors.php(49): Illuminate\\Pipeline\\Pipeline->Illuminate\\Pipeline\\{closure}(Object(Illuminate\\Http\\Request))
#51 D:\\laragon\\www\\PuraniJeans\\vendor\\laravel\\framework\\src\\Illuminate\\Pipeline\\Pipeline.php(180): Illuminate\\Http\\Middleware\\HandleCors->handle(Object(Illuminate\\Http\\Request), Object(Closure))
#52 D:\\laragon\\www\\PuraniJeans\\vendor\\laravel\\framework\\src\\Illuminate\\Http\\Middleware\\TrustProxies.php(39): Illuminate\\Pipeline\\Pipeline->Illuminate\\Pipeline\\{closure}(Object(Illuminate\\Http\\Request))
#53 D:\\laragon\\www\\PuraniJeans\\vendor\\laravel\\framework\\src\\Illuminate\\Pipeline\\Pipeline.php(180): Illuminate\\Http\\Middleware\\TrustProxies->handle(Object(Illuminate\\Http\\Request), Object(Closure))
#54 D:\\laragon\\www\\PuraniJeans\\vendor\\sentry\\sentry-laravel\\src\\Sentry\\Laravel\\Tracing\\Middleware.php(77): Illuminate\\Pipeline\\Pipeline->Illuminate\\Pipeline\\{closure}(Object(Illuminate\\Http\\Request))
#55 D:\\laragon\\www\\PuraniJeans\\vendor\\laravel\\framework\\src\\Illuminate\\Pipeline\\Pipeline.php(180): Sentry\\Laravel\\Tracing\\Middleware->handle(Object(Illuminate\\Http\\Request), Object(Closure))
#56 D:\\laragon\\www\\PuraniJeans\\vendor\\laravel\\framework\\src\\Illuminate\\Pipeline\\Pipeline.php(116): Illuminate\\Pipeline\\Pipeline->Illuminate\\Pipeline\\{closure}(Object(Illuminate\\Http\\Request))
#57 D:\\laragon\\www\\PuraniJeans\\vendor\\laravel\\framework\\src\\Illuminate\\Foundation\\Http\\Kernel.php(175): Illuminate\\Pipeline\\Pipeline->then(Object(Closure))
#58 D:\\laragon\\www\\PuraniJeans\\vendor\\laravel\\framework\\src\\Illuminate\\Foundation\\Http\\Kernel.php(144): Illuminate\\Foundation\\Http\\Kernel->sendRequestThroughRouter(Object(Illuminate\\Http\\Request))
#59 D:\\laragon\\www\\PuraniJeans\\public\\index.php(52): Illuminate\\Foundation\\Http\\Kernel->handle(Object(Illuminate\\Http\\Request))
#60 {main}

[previous exception] [object] (Error(code: 0): Class \"Form\" not found at D:\\laragon\\www\\PuraniJeans\\storage\\framework\\views\\c07c6fe6dc21b575d95a1c160c780d6f.php:132)
[stacktrace]
#0 D:\\laragon\\www\\PuraniJeans\\vendor\\laravel\\framework\\src\\Illuminate\\Filesystem\\Filesystem.php(124): require()
#1 D:\\laragon\\www\\PuraniJeans\\vendor\\laravel\\framework\\src\\Illuminate\\Filesystem\\Filesystem.php(125): Illuminate\\Filesystem\\Filesystem::Illuminate\\Filesystem\\{closure}()
#2 D:\\laragon\\www\\PuraniJeans\\vendor\\laravel\\framework\\src\\Illuminate\\View\\Engines\\PhpEngine.php(58): Illuminate\\Filesystem\\Filesystem->getRequire('D:\\\\laragon\\\\www\\\\...', Array)
#3 D:\\laragon\\www\\PuraniJeans\\vendor\\laravel\\framework\\src\\Illuminate\\View\\Engines\\CompilerEngine.php(70): Illuminate\\View\\Engines\\PhpEngine->evaluatePath('D:\\\\laragon\\\\www\\\\...', Array)
#4 D:\\laragon\\www\\PuraniJeans\\vendor\\sentry\\sentry-laravel\\src\\Sentry\\Laravel\\Tracing\\ViewEngineDecorator.php(45): Illuminate\\View\\Engines\\CompilerEngine->get('D:\\\\laragon\\\\www\\\\...', Array)
#5 D:\\laragon\\www\\PuraniJeans\\vendor\\laravel\\framework\\src\\Illuminate\\View\\View.php(195): Sentry\\Laravel\\Tracing\\ViewEngineDecorator->get('D:\\\\laragon\\\\www\\\\...', Array)
#6 D:\\laragon\\www\\PuraniJeans\\vendor\\laravel\\framework\\src\\Illuminate\\View\\View.php(178): Illuminate\\View\\View->getContents()
#7 D:\\laragon\\www\\PuraniJeans\\vendor\\laravel\\framework\\src\\Illuminate\\View\\View.php(147): Illuminate\\View\\View->renderContents()
#8 D:\\laragon\\www\\PuraniJeans\\vendor\\laravel\\framework\\src\\Illuminate\\Http\\Response.php(69): Illuminate\\View\\View->render()
#9 D:\\laragon\\www\\PuraniJeans\\vendor\\laravel\\framework\\src\\Illuminate\\Http\\Response.php(35): Illuminate\\Http\\Response->setContent(Object(Illuminate\\View\\View))
#10 D:\\laragon\\www\\PuraniJeans\\vendor\\laravel\\framework\\src\\Illuminate\\Routing\\Router.php(911): Illuminate\\Http\\Response->__construct(Object(Illuminate\\View\\View), 200, Array)
#11 D:\\laragon\\www\\PuraniJeans\\vendor\\laravel\\framework\\src\\Illuminate\\Routing\\Router.php(878): Illuminate\\Routing\\Router::toResponse(Object(Illuminate\\Http\\Request), Object(Illuminate\\View\\View))
#12 D:\\laragon\\www\\PuraniJeans\\vendor\\laravel\\framework\\src\\Illuminate\\Routing\\Router.php(799): Illuminate\\Routing\\Router->prepareResponse(Object(Illuminate\\Http\\Request), Object(Illuminate\\View\\View))
#13 D:\\laragon\\www\\PuraniJeans\\vendor\\laravel\\framework\\src\\Illuminate\\Pipeline\\Pipeline.php(141): Illuminate\\Routing\\Router->Illuminate\\Routing\\{closure}(Object(Illuminate\\Http\\Request))
#14 D:\\laragon\\www\\PuraniJeans\\vendor\\laravel\\framework\\src\\Illuminate\\Routing\\Middleware\\SubstituteBindings.php(50): Illuminate\\Pipeline\\Pipeline->Illuminate\\Pipeline\\{closure}(Object(Illuminate\\Http\\Request))
#15 D:\\laragon\\www\\PuraniJeans\\vendor\\laravel\\framework\\src\\Illuminate\\Pipeline\\Pipeline.php(180): Illuminate\\Routing\\Middleware\\SubstituteBindings->handle(Object(Illuminate\\Http\\Request), Object(Closure))
#16 D:\\laragon\\www\\PuraniJeans\\vendor\\laravel\\framework\\src\\Illuminate\\Auth\\Middleware\\Authenticate.php(57): Illuminate\\Pipeline\\Pipeline->Illuminate\\Pipeline\\{closure}(Object(Illuminate\\Http\\Request))
#17 D:\\laragon\\www\\PuraniJeans\\vendor\\laravel\\framework\\src\\Illuminate\\Pipeline\\Pipeline.php(180): Illuminate\\Auth\\Middleware\\Authenticate->handle(Object(Illuminate\\Http\\Request), Object(Closure))
#18 D:\\laragon\\www\\PuraniJeans\\vendor\\laravel\\framework\\src\\Illuminate\\Foundation\\Http\\Middleware\\VerifyCsrfToken.php(78): Illuminate\\Pipeline\\Pipeline->Illuminate\\Pipeline\\{closure}(Object(Illuminate\\Http\\Request))
#19 D:\\laragon\\www\\PuraniJeans\\vendor\\laravel\\framework\\src\\Illuminate\\Pipeline\\Pipeline.php(180): Illuminate\\Foundation\\Http\\Middleware\\VerifyCsrfToken->handle(Object(Illuminate\\Http\\Request), Object(Closure))
#20 D:\\laragon\\www\\PuraniJeans\\vendor\\laravel\\framework\\src\\Illuminate\\View\\Middleware\\ShareErrorsFromSession.php(49): Illuminate\\Pipeline\\Pipeline->Illuminate\\Pipeline\\{closure}(Object(Illuminate\\Http\\Request))
#21 D:\\laragon\\www\\PuraniJeans\\vendor\\laravel\\framework\\src\\Illuminate\\Pipeline\\Pipeline.php(180): Illuminate\\View\\Middleware\\ShareErrorsFromSession->handle(Object(Illuminate\\Http\\Request), Object(Closure))
#22 D:\\laragon\\www\\PuraniJeans\\vendor\\laravel\\framework\\src\\Illuminate\\Session\\Middleware\\StartSession.php(121): Illuminate\\Pipeline\\Pipeline->Illuminate\\Pipeline\\{closure}(Object(Illuminate\\Http\\Request))
#23 D:\\laragon\\www\\PuraniJeans\\vendor\\laravel\\framework\\src\\Illuminate\\Session\\Middleware\\StartSession.php(64): Illuminate\\Session\\Middleware\\StartSession->handleStatefulRequest(Object(Illuminate\\Http\\Request), Object(Illuminate\\Session\\Store), Object(Closure))
#24 D:\\laragon\\www\\PuraniJeans\\vendor\\laravel\\framework\\src\\Illuminate\\Pipeline\\Pipeline.php(180): Illuminate\\Session\\Middleware\\StartSession->handle(Object(Illuminate\\Http\\Request), Object(Closure))
#25 D:\\laragon\\www\\PuraniJeans\\vendor\\laravel\\framework\\src\\Illuminate\\Cookie\\Middleware\\AddQueuedCookiesToResponse.php(37): Illuminate\\Pipeline\\Pipeline->Illuminate\\Pipeline\\{closure}(Object(Illuminate\\Http\\Request))
#26 D:\\laragon\\www\\PuraniJeans\\vendor\\laravel\\framework\\src\\Illuminate\\Pipeline\\Pipeline.php(180): Illuminate\\Cookie\\Middleware\\AddQueuedCookiesToResponse->handle(Object(Illuminate\\Http\\Request), Object(Closure))
#27 D:\\laragon\\www\\PuraniJeans\\vendor\\laravel\\framework\\src\\Illuminate\\Cookie\\Middleware\\EncryptCookies.php(67): Illuminate\\Pipeline\\Pipeline->Illuminate\\Pipeline\\{closure}(Object(Illuminate\\Http\\Request))
#28 D:\\laragon\\www\\PuraniJeans\\vendor\\laravel\\framework\\src\\Illuminate\\Pipeline\\Pipeline.php(180): Illuminate\\Cookie\\Middleware\\EncryptCookies->handle(Object(Illuminate\\Http\\Request), Object(Closure))
#29 D:\\laragon\\www\\PuraniJeans\\vendor\\laravel\\framework\\src\\Illuminate\\Pipeline\\Pipeline.php(116): Illuminate\\Pipeline\\Pipeline->Illuminate\\Pipeline\\{closure}(Object(Illuminate\\Http\\Request))
#30 D:\\laragon\\www\\PuraniJeans\\vendor\\laravel\\framework\\src\\Illuminate\\Routing\\Router.php(800): Illuminate\\Pipeline\\Pipeline->then(Object(Closure))
#31 D:\\laragon\\www\\PuraniJeans\\vendor\\laravel\\framework\\src\\Illuminate\\Routing\\Router.php(777): Illuminate\\Routing\\Router->runRouteWithinStack(Object(Illuminate\\Routing\\Route), Object(Illuminate\\Http\\Request))
#32 D:\\laragon\\www\\PuraniJeans\\vendor\\laravel\\framework\\src\\Illuminate\\Routing\\Router.php(741): Illuminate\\Routing\\Router->runRoute(Object(Illuminate\\Http\\Request), Object(Illuminate\\Routing\\Route))
#33 D:\\laragon\\www\\PuraniJeans\\vendor\\laravel\\framework\\src\\Illuminate\\Routing\\Router.php(730): Illuminate\\Routing\\Router->dispatchToRoute(Object(Illuminate\\Http\\Request))
#34 D:\\laragon\\www\\PuraniJeans\\vendor\\laravel\\framework\\src\\Illuminate\\Foundation\\Http\\Kernel.php(200): Illuminate\\Routing\\Router->dispatch(Object(Illuminate\\Http\\Request))
#35 D:\\laragon\\www\\PuraniJeans\\vendor\\laravel\\framework\\src\\Illuminate\\Pipeline\\Pipeline.php(141): Illuminate\\Foundation\\Http\\Kernel->Illuminate\\Foundation\\Http\\{closure}(Object(Illuminate\\Http\\Request))
#36 D:\\laragon\\www\\PuraniJeans\\vendor\\sentry\\sentry-laravel\\src\\Sentry\\Laravel\\Http\\SetRequestIpMiddleware.php(45): Illuminate\\Pipeline\\Pipeline->Illuminate\\Pipeline\\{closure}(Object(Illuminate\\Http\\Request))
#37 D:\\laragon\\www\\PuraniJeans\\vendor\\laravel\\framework\\src\\Illuminate\\Pipeline\\Pipeline.php(180): Sentry\\Laravel\\Http\\SetRequestIpMiddleware->handle(Object(Illuminate\\Http\\Request), Object(Closure))
#38 D:\\laragon\\www\\PuraniJeans\\vendor\\sentry\\sentry-laravel\\src\\Sentry\\Laravel\\Http\\SetRequestMiddleware.php(30): Illuminate\\Pipeline\\Pipeline->Illuminate\\Pipeline\\{closure}(Object(Illuminate\\Http\\Request))
#39 D:\\laragon\\www\\PuraniJeans\\vendor\\laravel\\framework\\src\\Illuminate\\Pipeline\\Pipeline.php(180): Sentry\\Laravel\\Http\\SetRequestMiddleware->handle(Object(Illuminate\\Http\\Request), Object(Closure))
#40 D:\\laragon\\www\\PuraniJeans\\vendor\\laravel\\framework\\src\\Illuminate\\Foundation\\Http\\Middleware\\TransformsRequest.php(21): Illuminate\\Pipeline\\Pipeline->Illuminate\\Pipeline\\{closure}(Object(Illuminate\\Http\\Request))
#41 D:\\laragon\\www\\PuraniJeans\\vendor\\laravel\\framework\\src\\Illuminate\\Foundation\\Http\\Middleware\\ConvertEmptyStringsToNull.php(31): Illuminate\\Foundation\\Http\\Middleware\\TransformsRequest->handle(Object(Illuminate\\Http\\Request), Object(Closure))
#42 D:\\laragon\\www\\PuraniJeans\\vendor\\laravel\\framework\\src\\Illuminate\\Pipeline\\Pipeline.php(180): Illuminate\\Foundation\\Http\\Middleware\\ConvertEmptyStringsToNull->handle(Object(Illuminate\\Http\\Request), Object(Closure))
#43 D:\\laragon\\www\\PuraniJeans\\vendor\\laravel\\framework\\src\\Illuminate\\Foundation\\Http\\Middleware\\TransformsRequest.php(21): Illuminate\\Pipeline\\Pipeline->Illuminate\\Pipeline\\{closure}(Object(Illuminate\\Http\\Request))
#44 D:\\laragon\\www\\PuraniJeans\\vendor\\laravel\\framework\\src\\Illuminate\\Foundation\\Http\\Middleware\\TrimStrings.php(40): Illuminate\\Foundation\\Http\\Middleware\\TransformsRequest->handle(Object(Illuminate\\Http\\Request), Object(Closure))
#45 D:\\laragon\\www\\PuraniJeans\\vendor\\laravel\\framework\\src\\Illuminate\\Pipeline\\Pipeline.php(180): Illuminate\\Foundation\\Http\\Middleware\\TrimStrings->handle(Object(Illuminate\\Http\\Request), Object(Closure))
#46 D:\\laragon\\www\\PuraniJeans\\vendor\\laravel\\framework\\src\\Illuminate\\Foundation\\Http\\Middleware\\ValidatePostSize.php(27): Illuminate\\Pipeline\\Pipeline->Illuminate\\Pipeline\\{closure}(Object(Illuminate\\Http\\Request))
#47 D:\\laragon\\www\\PuraniJeans\\vendor\\laravel\\framework\\src\\Illuminate\\Pipeline\\Pipeline.php(180): Illuminate\\Foundation\\Http\\Middleware\\ValidatePostSize->handle(Object(Illuminate\\Http\\Request), Object(Closure))
#48 D:\\laragon\\www\\PuraniJeans\\vendor\\laravel\\framework\\src\\Illuminate\\Foundation\\Http\\Middleware\\PreventRequestsDuringMaintenance.php(86): Illuminate\\Pipeline\\Pipeline->Illuminate\\Pipeline\\{closure}(Object(Illuminate\\Http\\Request))
#49 D:\\laragon\\www\\PuraniJeans\\vendor\\laravel\\framework\\src\\Illuminate\\Pipeline\\Pipeline.php(180): Illuminate\\Foundation\\Http\\Middleware\\PreventRequestsDuringMaintenance->handle(Object(Illuminate\\Http\\Request), Object(Closure))
#50 D:\\laragon\\www\\PuraniJeans\\vendor\\laravel\\framework\\src\\Illuminate\\Http\\Middleware\\HandleCors.php(49): Illuminate\\Pipeline\\Pipeline->Illuminate\\Pipeline\\{closure}(Object(Illuminate\\Http\\Request))
#51 D:\\laragon\\www\\PuraniJeans\\vendor\\laravel\\framework\\src\\Illuminate\\Pipeline\\Pipeline.php(180): Illuminate\\Http\\Middleware\\HandleCors->handle(Object(Illuminate\\Http\\Request), Object(Closure))
#52 D:\\laragon\\www\\PuraniJeans\\vendor\\laravel\\framework\\src\\Illuminate\\Http\\Middleware\\TrustProxies.php(39): Illuminate\\Pipeline\\Pipeline->Illuminate\\Pipeline\\{closure}(Object(Illuminate\\Http\\Request))
#53 D:\\laragon\\www\\PuraniJeans\\vendor\\laravel\\framework\\src\\Illuminate\\Pipeline\\Pipeline.php(180): Illuminate\\Http\\Middleware\\TrustProxies->handle(Object(Illuminate\\Http\\Request), Object(Closure))
#54 D:\\laragon\\www\\PuraniJeans\\vendor\\sentry\\sentry-laravel\\src\\Sentry\\Laravel\\Tracing\\Middleware.php(77): Illuminate\\Pipeline\\Pipeline->Illuminate\\Pipeline\\{closure}(Object(Illuminate\\Http\\Request))
#55 D:\\laragon\\www\\PuraniJeans\\vendor\\laravel\\framework\\src\\Illuminate\\Pipeline\\Pipeline.php(180): Sentry\\Laravel\\Tracing\\Middleware->handle(Object(Illuminate\\Http\\Request), Object(Closure))
#56 D:\\laragon\\www\\PuraniJeans\\vendor\\laravel\\framework\\src\\Illuminate\\Pipeline\\Pipeline.php(116): Illuminate\\Pipeline\\Pipeline->Illuminate\\Pipeline\\{closure}(Object(Illuminate\\Http\\Request))
#57 D:\\laragon\\www\\PuraniJeans\\vendor\\laravel\\framework\\src\\Illuminate\\Foundation\\Http\\Kernel.php(175): Illuminate\\Pipeline\\Pipeline->then(Object(Closure))
#58 D:\\laragon\\www\\PuraniJeans\\vendor\\laravel\\framework\\src\\Illuminate\\Foundation\\Http\\Kernel.php(144): Illuminate\\Foundation\\Http\\Kernel->sendRequestThroughRouter(Object(Illuminate\\Http\\Request))
#59 D:\\laragon\\www\\PuraniJeans\\public\\index.php(52): Illuminate\\Foundation\\Http\\Kernel->handle(Object(Illuminate\\Http\\Request))
#60 {main}
"} 
[2023-09-02 05:26:51] dev.ERROR: SQLSTATE[42S22]: Column not found: 1054 Unknown column 'NULL' in 'where clause' (Connection: mysql, SQL: select count(*) as aggregate from `users` where `email` = sara.hasan@nextgeni.com and `NULL` <> deleted_at) {"userId":1,"exception":"[object] (Illuminate\\Database\\QueryException(code: 42S22): SQLSTATE[42S22]: Column not found: 1054 Unknown column 'NULL' in 'where clause' (Connection: mysql, SQL: select count(*) as aggregate from `users` where `email` = sara.hasan@nextgeni.com and `NULL` <> deleted_at) at D:\\laragon\\www\\PuraniJeans\\vendor\\laravel\\framework\\src\\Illuminate\\Database\\Connection.php:795)
[stacktrace]
#0 D:\\laragon\\www\\PuraniJeans\\vendor\\laravel\\framework\\src\\Illuminate\\Database\\Connection.php(755): Illuminate\\Database\\Connection->runQueryCallback('select count(*)...', Array, Object(Closure))
#1 D:\\laragon\\www\\PuraniJeans\\vendor\\laravel\\framework\\src\\Illuminate\\Database\\Connection.php(424): Illuminate\\Database\\Connection->run('select count(*)...', Array, Object(Closure))
#2 D:\\laragon\\www\\PuraniJeans\\vendor\\laravel\\framework\\src\\Illuminate\\Database\\Query\\Builder.php(2736): Illuminate\\Database\\Connection->select('select count(*)...', Array, false)
#3 D:\\laragon\\www\\PuraniJeans\\vendor\\laravel\\framework\\src\\Illuminate\\Database\\Query\\Builder.php(2724): Illuminate\\Database\\Query\\Builder->runSelect()
#4 D:\\laragon\\www\\PuraniJeans\\vendor\\laravel\\framework\\src\\Illuminate\\Database\\Query\\Builder.php(3278): Illuminate\\Database\\Query\\Builder->Illuminate\\Database\\Query\\{closure}()
#5 D:\\laragon\\www\\PuraniJeans\\vendor\\laravel\\framework\\src\\Illuminate\\Database\\Query\\Builder.php(2725): Illuminate\\Database\\Query\\Builder->onceWithColumns(Array, Object(Closure))
#6 D:\\laragon\\www\\PuraniJeans\\vendor\\laravel\\framework\\src\\Illuminate\\Database\\Query\\Builder.php(3205): Illuminate\\Database\\Query\\Builder->get(Array)
#7 D:\\laragon\\www\\PuraniJeans\\vendor\\laravel\\framework\\src\\Illuminate\\Database\\Query\\Builder.php(3133): Illuminate\\Database\\Query\\Builder->aggregate('count', Array)
#8 D:\\laragon\\www\\PuraniJeans\\vendor\\laravel\\framework\\src\\Illuminate\\Validation\\DatabasePresenceVerifier.php(54): Illuminate\\Database\\Query\\Builder->count()
#9 D:\\laragon\\www\\PuraniJeans\\vendor\\laravel\\framework\\src\\Illuminate\\Validation\\Concerns\\ValidatesAttributes.php(940): Illuminate\\Validation\\DatabasePresenceVerifier->getCount('users', 'email', 'sara.hasan@next...', 'deleted_at', 'NULL', Array)
#10 D:\\laragon\\www\\PuraniJeans\\vendor\\laravel\\framework\\src\\Illuminate\\Validation\\Validator.php(624): Illuminate\\Validation\\Validator->validateUnique('email', 'sara.hasan@next...', Array, Object(Illuminate\\Validation\\Validator))
#11 D:\\laragon\\www\\PuraniJeans\\vendor\\laravel\\framework\\src\\Illuminate\\Validation\\Validator.php(430): Illuminate\\Validation\\Validator->validateAttribute('email', 'Unique')
#12 D:\\laragon\\www\\PuraniJeans\\vendor\\laravel\\framework\\src\\Illuminate\\Validation\\Validator.php(461): Illuminate\\Validation\\Validator->passes()
#13 D:\\laragon\\www\\PuraniJeans\\app\\Http\\Controllers\\Web\\UserController.php(69): Illuminate\\Validation\\Validator->fails()
#14 D:\\laragon\\www\\PuraniJeans\\vendor\\laravel\\framework\\src\\Illuminate\\Routing\\Controller.php(54): App\\Http\\Controllers\\Web\\UserController->store(Object(Illuminate\\Http\\Request))
#15 D:\\laragon\\www\\PuraniJeans\\vendor\\laravel\\framework\\src\\Illuminate\\Routing\\ControllerDispatcher.php(43): Illuminate\\Routing\\Controller->callAction('store', Array)
#16 D:\\laragon\\www\\PuraniJeans\\vendor\\sentry\\sentry-laravel\\src\\Sentry\\Laravel\\Tracing\\Routing\\TracingControllerDispatcherTracing.php(21): Illuminate\\Routing\\ControllerDispatcher->dispatch(Object(Illuminate\\Routing\\Route), Object(App\\Http\\Controllers\\Web\\UserController), 'store')
#17 D:\\laragon\\www\\PuraniJeans\\vendor\\sentry\\sentry-laravel\\src\\Sentry\\Laravel\\Tracing\\Routing\\TracingRoutingDispatcher.php(31): Sentry\\Laravel\\Tracing\\Routing\\TracingControllerDispatcherTracing->Sentry\\Laravel\\Tracing\\Routing\\{closure}()
#18 D:\\laragon\\www\\PuraniJeans\\vendor\\sentry\\sentry-laravel\\src\\Sentry\\Laravel\\Tracing\\Routing\\TracingControllerDispatcherTracing.php(20): Sentry\\Laravel\\Tracing\\Routing\\TracingRoutingDispatcher->wrapRouteDispatch(Object(Closure), Object(Illuminate\\Routing\\Route))
#19 D:\\laragon\\www\\PuraniJeans\\vendor\\laravel\\framework\\src\\Illuminate\\Routing\\Route.php(260): Sentry\\Laravel\\Tracing\\Routing\\TracingControllerDispatcherTracing->dispatch(Object(Illuminate\\Routing\\Route), Object(App\\Http\\Controllers\\Web\\UserController), 'store')
#20 D:\\laragon\\www\\PuraniJeans\\vendor\\laravel\\framework\\src\\Illuminate\\Routing\\Route.php(205): Illuminate\\Routing\\Route->runController()
#21 D:\\laragon\\www\\PuraniJeans\\vendor\\laravel\\framework\\src\\Illuminate\\Routing\\Router.php(799): Illuminate\\Routing\\Route->run()
#22 D:\\laragon\\www\\PuraniJeans\\vendor\\laravel\\framework\\src\\Illuminate\\Pipeline\\Pipeline.php(141): Illuminate\\Routing\\Router->Illuminate\\Routing\\{closure}(Object(Illuminate\\Http\\Request))
#23 D:\\laragon\\www\\PuraniJeans\\vendor\\laravel\\framework\\src\\Illuminate\\Routing\\Middleware\\SubstituteBindings.php(50): Illuminate\\Pipeline\\Pipeline->Illuminate\\Pipeline\\{closure}(Object(Illuminate\\Http\\Request))
#24 D:\\laragon\\www\\PuraniJeans\\vendor\\laravel\\framework\\src\\Illuminate\\Pipeline\\Pipeline.php(180): Illuminate\\Routing\\Middleware\\SubstituteBindings->handle(Object(Illuminate\\Http\\Request), Object(Closure))
#25 D:\\laragon\\www\\PuraniJeans\\vendor\\laravel\\framework\\src\\Illuminate\\Auth\\Middleware\\Authenticate.php(57): Illuminate\\Pipeline\\Pipeline->Illuminate\\Pipeline\\{closure}(Object(Illuminate\\Http\\Request))
#26 D:\\laragon\\www\\PuraniJeans\\vendor\\laravel\\framework\\src\\Illuminate\\Pipeline\\Pipeline.php(180): Illuminate\\Auth\\Middleware\\Authenticate->handle(Object(Illuminate\\Http\\Request), Object(Closure))
#27 D:\\laragon\\www\\PuraniJeans\\vendor\\laravel\\framework\\src\\Illuminate\\Foundation\\Http\\Middleware\\VerifyCsrfToken.php(78): Illuminate\\Pipeline\\Pipeline->Illuminate\\Pipeline\\{closure}(Object(Illuminate\\Http\\Request))
#28 D:\\laragon\\www\\PuraniJeans\\vendor\\laravel\\framework\\src\\Illuminate\\Pipeline\\Pipeline.php(180): Illuminate\\Foundation\\Http\\Middleware\\VerifyCsrfToken->handle(Object(Illuminate\\Http\\Request), Object(Closure))
#29 D:\\laragon\\www\\PuraniJeans\\vendor\\laravel\\framework\\src\\Illuminate\\View\\Middleware\\ShareErrorsFromSession.php(49): Illuminate\\Pipeline\\Pipeline->Illuminate\\Pipeline\\{closure}(Object(Illuminate\\Http\\Request))
#30 D:\\laragon\\www\\PuraniJeans\\vendor\\laravel\\framework\\src\\Illuminate\\Pipeline\\Pipeline.php(180): Illuminate\\View\\Middleware\\ShareErrorsFromSession->handle(Object(Illuminate\\Http\\Request), Object(Closure))
#31 D:\\laragon\\www\\PuraniJeans\\vendor\\laravel\\framework\\src\\Illuminate\\Session\\Middleware\\StartSession.php(121): Illuminate\\Pipeline\\Pipeline->Illuminate\\Pipeline\\{closure}(Object(Illuminate\\Http\\Request))
#32 D:\\laragon\\www\\PuraniJeans\\vendor\\laravel\\framework\\src\\Illuminate\\Session\\Middleware\\StartSession.php(64): Illuminate\\Session\\Middleware\\StartSession->handleStatefulRequest(Object(Illuminate\\Http\\Request), Object(Illuminate\\Session\\Store), Object(Closure))
#33 D:\\laragon\\www\\PuraniJeans\\vendor\\laravel\\framework\\src\\Illuminate\\Pipeline\\Pipeline.php(180): Illuminate\\Session\\Middleware\\StartSession->handle(Object(Illuminate\\Http\\Request), Object(Closure))
#34 D:\\laragon\\www\\PuraniJeans\\vendor\\laravel\\framework\\src\\Illuminate\\Cookie\\Middleware\\AddQueuedCookiesToResponse.php(37): Illuminate\\Pipeline\\Pipeline->Illuminate\\Pipeline\\{closure}(Object(Illuminate\\Http\\Request))
#35 D:\\laragon\\www\\PuraniJeans\\vendor\\laravel\\framework\\src\\Illuminate\\Pipeline\\Pipeline.php(180): Illuminate\\Cookie\\Middleware\\AddQueuedCookiesToResponse->handle(Object(Illuminate\\Http\\Request), Object(Closure))
#36 D:\\laragon\\www\\PuraniJeans\\vendor\\laravel\\framework\\src\\Illuminate\\Cookie\\Middleware\\EncryptCookies.php(67): Illuminate\\Pipeline\\Pipeline->Illuminate\\Pipeline\\{closure}(Object(Illuminate\\Http\\Request))
#37 D:\\laragon\\www\\PuraniJeans\\vendor\\laravel\\framework\\src\\Illuminate\\Pipeline\\Pipeline.php(180): Illuminate\\Cookie\\Middleware\\EncryptCookies->handle(Object(Illuminate\\Http\\Request), Object(Closure))
#38 D:\\laragon\\www\\PuraniJeans\\vendor\\laravel\\framework\\src\\Illuminate\\Pipeline\\Pipeline.php(116): Illuminate\\Pipeline\\Pipeline->Illuminate\\Pipeline\\{closure}(Object(Illuminate\\Http\\Request))
#39 D:\\laragon\\www\\PuraniJeans\\vendor\\laravel\\framework\\src\\Illuminate\\Routing\\Router.php(800): Illuminate\\Pipeline\\Pipeline->then(Object(Closure))
#40 D:\\laragon\\www\\PuraniJeans\\vendor\\laravel\\framework\\src\\Illuminate\\Routing\\Router.php(777): Illuminate\\Routing\\Router->runRouteWithinStack(Object(Illuminate\\Routing\\Route), Object(Illuminate\\Http\\Request))
#41 D:\\laragon\\www\\PuraniJeans\\vendor\\laravel\\framework\\src\\Illuminate\\Routing\\Router.php(741): Illuminate\\Routing\\Router->runRoute(Object(Illuminate\\Http\\Request), Object(Illuminate\\Routing\\Route))
#42 D:\\laragon\\www\\PuraniJeans\\vendor\\laravel\\framework\\src\\Illuminate\\Routing\\Router.php(730): Illuminate\\Routing\\Router->dispatchToRoute(Object(Illuminate\\Http\\Request))
#43 D:\\laragon\\www\\PuraniJeans\\vendor\\laravel\\framework\\src\\Illuminate\\Foundation\\Http\\Kernel.php(200): Illuminate\\Routing\\Router->dispatch(Object(Illuminate\\Http\\Request))
#44 D:\\laragon\\www\\PuraniJeans\\vendor\\laravel\\framework\\src\\Illuminate\\Pipeline\\Pipeline.php(141): Illuminate\\Foundation\\Http\\Kernel->Illuminate\\Foundation\\Http\\{closure}(Object(Illuminate\\Http\\Request))
#45 D:\\laragon\\www\\PuraniJeans\\vendor\\sentry\\sentry-laravel\\src\\Sentry\\Laravel\\Http\\SetRequestIpMiddleware.php(45): Illuminate\\Pipeline\\Pipeline->Illuminate\\Pipeline\\{closure}(Object(Illuminate\\Http\\Request))
#46 D:\\laragon\\www\\PuraniJeans\\vendor\\laravel\\framework\\src\\Illuminate\\Pipeline\\Pipeline.php(180): Sentry\\Laravel\\Http\\SetRequestIpMiddleware->handle(Object(Illuminate\\Http\\Request), Object(Closure))
#47 D:\\laragon\\www\\PuraniJeans\\vendor\\sentry\\sentry-laravel\\src\\Sentry\\Laravel\\Http\\SetRequestMiddleware.php(30): Illuminate\\Pipeline\\Pipeline->Illuminate\\Pipeline\\{closure}(Object(Illuminate\\Http\\Request))
#48 D:\\laragon\\www\\PuraniJeans\\vendor\\laravel\\framework\\src\\Illuminate\\Pipeline\\Pipeline.php(180): Sentry\\Laravel\\Http\\SetRequestMiddleware->handle(Object(Illuminate\\Http\\Request), Object(Closure))
#49 D:\\laragon\\www\\PuraniJeans\\vendor\\laravel\\framework\\src\\Illuminate\\Foundation\\Http\\Middleware\\TransformsRequest.php(21): Illuminate\\Pipeline\\Pipeline->Illuminate\\Pipeline\\{closure}(Object(Illuminate\\Http\\Request))
#50 D:\\laragon\\www\\PuraniJeans\\vendor\\laravel\\framework\\src\\Illuminate\\Foundation\\Http\\Middleware\\ConvertEmptyStringsToNull.php(31): Illuminate\\Foundation\\Http\\Middleware\\TransformsRequest->handle(Object(Illuminate\\Http\\Request), Object(Closure))
#51 D:\\laragon\\www\\PuraniJeans\\vendor\\laravel\\framework\\src\\Illuminate\\Pipeline\\Pipeline.php(180): Illuminate\\Foundation\\Http\\Middleware\\ConvertEmptyStringsToNull->handle(Object(Illuminate\\Http\\Request), Object(Closure))
#52 D:\\laragon\\www\\PuraniJeans\\vendor\\laravel\\framework\\src\\Illuminate\\Foundation\\Http\\Middleware\\TransformsRequest.php(21): Illuminate\\Pipeline\\Pipeline->Illuminate\\Pipeline\\{closure}(Object(Illuminate\\Http\\Request))
#53 D:\\laragon\\www\\PuraniJeans\\vendor\\laravel\\framework\\src\\Illuminate\\Foundation\\Http\\Middleware\\TrimStrings.php(40): Illuminate\\Foundation\\Http\\Middleware\\TransformsRequest->handle(Object(Illuminate\\Http\\Request), Object(Closure))
#54 D:\\laragon\\www\\PuraniJeans\\vendor\\laravel\\framework\\src\\Illuminate\\Pipeline\\Pipeline.php(180): Illuminate\\Foundation\\Http\\Middleware\\TrimStrings->handle(Object(Illuminate\\Http\\Request), Object(Closure))
#55 D:\\laragon\\www\\PuraniJeans\\vendor\\laravel\\framework\\src\\Illuminate\\Foundation\\Http\\Middleware\\ValidatePostSize.php(27): Illuminate\\Pipeline\\Pipeline->Illuminate\\Pipeline\\{closure}(Object(Illuminate\\Http\\Request))
#56 D:\\laragon\\www\\PuraniJeans\\vendor\\laravel\\framework\\src\\Illuminate\\Pipeline\\Pipeline.php(180): Illuminate\\Foundation\\Http\\Middleware\\ValidatePostSize->handle(Object(Illuminate\\Http\\Request), Object(Closure))
#57 D:\\laragon\\www\\PuraniJeans\\vendor\\laravel\\framework\\src\\Illuminate\\Foundation\\Http\\Middleware\\PreventRequestsDuringMaintenance.php(86): Illuminate\\Pipeline\\Pipeline->Illuminate\\Pipeline\\{closure}(Object(Illuminate\\Http\\Request))
#58 D:\\laragon\\www\\PuraniJeans\\vendor\\laravel\\framework\\src\\Illuminate\\Pipeline\\Pipeline.php(180): Illuminate\\Foundation\\Http\\Middleware\\PreventRequestsDuringMaintenance->handle(Object(Illuminate\\Http\\Request), Object(Closure))
#59 D:\\laragon\\www\\PuraniJeans\\vendor\\laravel\\framework\\src\\Illuminate\\Http\\Middleware\\HandleCors.php(49): Illuminate\\Pipeline\\Pipeline->Illuminate\\Pipeline\\{closure}(Object(Illuminate\\Http\\Request))
#60 D:\\laragon\\www\\PuraniJeans\\vendor\\laravel\\framework\\src\\Illuminate\\Pipeline\\Pipeline.php(180): Illuminate\\Http\\Middleware\\HandleCors->handle(Object(Illuminate\\Http\\Request), Object(Closure))
#61 D:\\laragon\\www\\PuraniJeans\\vendor\\laravel\\framework\\src\\Illuminate\\Http\\Middleware\\TrustProxies.php(39): Illuminate\\Pipeline\\Pipeline->Illuminate\\Pipeline\\{closure}(Object(Illuminate\\Http\\Request))
#62 D:\\laragon\\www\\PuraniJeans\\vendor\\laravel\\framework\\src\\Illuminate\\Pipeline\\Pipeline.php(180): Illuminate\\Http\\Middleware\\TrustProxies->handle(Object(Illuminate\\Http\\Request), Object(Closure))
#63 D:\\laragon\\www\\PuraniJeans\\vendor\\sentry\\sentry-laravel\\src\\Sentry\\Laravel\\Tracing\\Middleware.php(77): Illuminate\\Pipeline\\Pipeline->Illuminate\\Pipeline\\{closure}(Object(Illuminate\\Http\\Request))
#64 D:\\laragon\\www\\PuraniJeans\\vendor\\laravel\\framework\\src\\Illuminate\\Pipeline\\Pipeline.php(180): Sentry\\Laravel\\Tracing\\Middleware->handle(Object(Illuminate\\Http\\Request), Object(Closure))
#65 D:\\laragon\\www\\PuraniJeans\\vendor\\laravel\\framework\\src\\Illuminate\\Pipeline\\Pipeline.php(116): Illuminate\\Pipeline\\Pipeline->Illuminate\\Pipeline\\{closure}(Object(Illuminate\\Http\\Request))
#66 D:\\laragon\\www\\PuraniJeans\\vendor\\laravel\\framework\\src\\Illuminate\\Foundation\\Http\\Kernel.php(175): Illuminate\\Pipeline\\Pipeline->then(Object(Closure))
#67 D:\\laragon\\www\\PuraniJeans\\vendor\\laravel\\framework\\src\\Illuminate\\Foundation\\Http\\Kernel.php(144): Illuminate\\Foundation\\Http\\Kernel->sendRequestThroughRouter(Object(Illuminate\\Http\\Request))
#68 D:\\laragon\\www\\PuraniJeans\\public\\index.php(52): Illuminate\\Foundation\\Http\\Kernel->handle(Object(Illuminate\\Http\\Request))
#69 {main}

[previous exception] [object] (PDOException(code: 42S22): SQLSTATE[42S22]: Column not found: 1054 Unknown column 'NULL' in 'where clause' at D:\\laragon\\www\\PuraniJeans\\vendor\\laravel\\framework\\src\\Illuminate\\Database\\Connection.php:416)
[stacktrace]
#0 D:\\laragon\\www\\PuraniJeans\\vendor\\laravel\\framework\\src\\Illuminate\\Database\\Connection.php(416): PDO->prepare('select count(*)...')
#1 D:\\laragon\\www\\PuraniJeans\\vendor\\laravel\\framework\\src\\Illuminate\\Database\\Connection.php(788): Illuminate\\Database\\Connection->Illuminate\\Database\\{closure}('select count(*)...', Array)
#2 D:\\laragon\\www\\PuraniJeans\\vendor\\laravel\\framework\\src\\Illuminate\\Database\\Connection.php(755): Illuminate\\Database\\Connection->runQueryCallback('select count(*)...', Array, Object(Closure))
#3 D:\\laragon\\www\\PuraniJeans\\vendor\\laravel\\framework\\src\\Illuminate\\Database\\Connection.php(424): Illuminate\\Database\\Connection->run('select count(*)...', Array, Object(Closure))
#4 D:\\laragon\\www\\PuraniJeans\\vendor\\laravel\\framework\\src\\Illuminate\\Database\\Query\\Builder.php(2736): Illuminate\\Database\\Connection->select('select count(*)...', Array, false)
#5 D:\\laragon\\www\\PuraniJeans\\vendor\\laravel\\framework\\src\\Illuminate\\Database\\Query\\Builder.php(2724): Illuminate\\Database\\Query\\Builder->runSelect()
#6 D:\\laragon\\www\\PuraniJeans\\vendor\\laravel\\framework\\src\\Illuminate\\Database\\Query\\Builder.php(3278): Illuminate\\Database\\Query\\Builder->Illuminate\\Database\\Query\\{closure}()
#7 D:\\laragon\\www\\PuraniJeans\\vendor\\laravel\\framework\\src\\Illuminate\\Database\\Query\\Builder.php(2725): Illuminate\\Database\\Query\\Builder->onceWithColumns(Array, Object(Closure))
#8 D:\\laragon\\www\\PuraniJeans\\vendor\\laravel\\framework\\src\\Illuminate\\Database\\Query\\Builder.php(3205): Illuminate\\Database\\Query\\Builder->get(Array)
#9 D:\\laragon\\www\\PuraniJeans\\vendor\\laravel\\framework\\src\\Illuminate\\Database\\Query\\Builder.php(3133): Illuminate\\Database\\Query\\Builder->aggregate('count', Array)
#10 D:\\laragon\\www\\PuraniJeans\\vendor\\laravel\\framework\\src\\Illuminate\\Validation\\DatabasePresenceVerifier.php(54): Illuminate\\Database\\Query\\Builder->count()
#11 D:\\laragon\\www\\PuraniJeans\\vendor\\laravel\\framework\\src\\Illuminate\\Validation\\Concerns\\ValidatesAttributes.php(940): Illuminate\\Validation\\DatabasePresenceVerifier->getCount('users', 'email', 'sara.hasan@next...', 'deleted_at', 'NULL', Array)
#12 D:\\laragon\\www\\PuraniJeans\\vendor\\laravel\\framework\\src\\Illuminate\\Validation\\Validator.php(624): Illuminate\\Validation\\Validator->validateUnique('email', 'sara.hasan@next...', Array, Object(Illuminate\\Validation\\Validator))
#13 D:\\laragon\\www\\PuraniJeans\\vendor\\laravel\\framework\\src\\Illuminate\\Validation\\Validator.php(430): Illuminate\\Validation\\Validator->validateAttribute('email', 'Unique')
#14 D:\\laragon\\www\\PuraniJeans\\vendor\\laravel\\framework\\src\\Illuminate\\Validation\\Validator.php(461): Illuminate\\Validation\\Validator->passes()
#15 D:\\laragon\\www\\PuraniJeans\\app\\Http\\Controllers\\Web\\UserController.php(69): Illuminate\\Validation\\Validator->fails()
#16 D:\\laragon\\www\\PuraniJeans\\vendor\\laravel\\framework\\src\\Illuminate\\Routing\\Controller.php(54): App\\Http\\Controllers\\Web\\UserController->store(Object(Illuminate\\Http\\Request))
#17 D:\\laragon\\www\\PuraniJeans\\vendor\\laravel\\framework\\src\\Illuminate\\Routing\\ControllerDispatcher.php(43): Illuminate\\Routing\\Controller->callAction('store', Array)
#18 D:\\laragon\\www\\PuraniJeans\\vendor\\sentry\\sentry-laravel\\src\\Sentry\\Laravel\\Tracing\\Routing\\TracingControllerDispatcherTracing.php(21): Illuminate\\Routing\\ControllerDispatcher->dispatch(Object(Illuminate\\Routing\\Route), Object(App\\Http\\Controllers\\Web\\UserController), 'store')
#19 D:\\laragon\\www\\PuraniJeans\\vendor\\sentry\\sentry-laravel\\src\\Sentry\\Laravel\\Tracing\\Routing\\TracingRoutingDispatcher.php(31): Sentry\\Laravel\\Tracing\\Routing\\TracingControllerDispatcherTracing->Sentry\\Laravel\\Tracing\\Routing\\{closure}()
#20 D:\\laragon\\www\\PuraniJeans\\vendor\\sentry\\sentry-laravel\\src\\Sentry\\Laravel\\Tracing\\Routing\\TracingControllerDispatcherTracing.php(20): Sentry\\Laravel\\Tracing\\Routing\\TracingRoutingDispatcher->wrapRouteDispatch(Object(Closure), Object(Illuminate\\Routing\\Route))
#21 D:\\laragon\\www\\PuraniJeans\\vendor\\laravel\\framework\\src\\Illuminate\\Routing\\Route.php(260): Sentry\\Laravel\\Tracing\\Routing\\TracingControllerDispatcherTracing->dispatch(Object(Illuminate\\Routing\\Route), Object(App\\Http\\Controllers\\Web\\UserController), 'store')
#22 D:\\laragon\\www\\PuraniJeans\\vendor\\laravel\\framework\\src\\Illuminate\\Routing\\Route.php(205): Illuminate\\Routing\\Route->runController()
#23 D:\\laragon\\www\\PuraniJeans\\vendor\\laravel\\framework\\src\\Illuminate\\Routing\\Router.php(799): Illuminate\\Routing\\Route->run()
#24 D:\\laragon\\www\\PuraniJeans\\vendor\\laravel\\framework\\src\\Illuminate\\Pipeline\\Pipeline.php(141): Illuminate\\Routing\\Router->Illuminate\\Routing\\{closure}(Object(Illuminate\\Http\\Request))
#25 D:\\laragon\\www\\PuraniJeans\\vendor\\laravel\\framework\\src\\Illuminate\\Routing\\Middleware\\SubstituteBindings.php(50): Illuminate\\Pipeline\\Pipeline->Illuminate\\Pipeline\\{closure}(Object(Illuminate\\Http\\Request))
#26 D:\\laragon\\www\\PuraniJeans\\vendor\\laravel\\framework\\src\\Illuminate\\Pipeline\\Pipeline.php(180): Illuminate\\Routing\\Middleware\\SubstituteBindings->handle(Object(Illuminate\\Http\\Request), Object(Closure))
#27 D:\\laragon\\www\\PuraniJeans\\vendor\\laravel\\framework\\src\\Illuminate\\Auth\\Middleware\\Authenticate.php(57): Illuminate\\Pipeline\\Pipeline->Illuminate\\Pipeline\\{closure}(Object(Illuminate\\Http\\Request))
#28 D:\\laragon\\www\\PuraniJeans\\vendor\\laravel\\framework\\src\\Illuminate\\Pipeline\\Pipeline.php(180): Illuminate\\Auth\\Middleware\\Authenticate->handle(Object(Illuminate\\Http\\Request), Object(Closure))
#29 D:\\laragon\\www\\PuraniJeans\\vendor\\laravel\\framework\\src\\Illuminate\\Foundation\\Http\\Middleware\\VerifyCsrfToken.php(78): Illuminate\\Pipeline\\Pipeline->Illuminate\\Pipeline\\{closure}(Object(Illuminate\\Http\\Request))
#30 D:\\laragon\\www\\PuraniJeans\\vendor\\laravel\\framework\\src\\Illuminate\\Pipeline\\Pipeline.php(180): Illuminate\\Foundation\\Http\\Middleware\\VerifyCsrfToken->handle(Object(Illuminate\\Http\\Request), Object(Closure))
#31 D:\\laragon\\www\\PuraniJeans\\vendor\\laravel\\framework\\src\\Illuminate\\View\\Middleware\\ShareErrorsFromSession.php(49): Illuminate\\Pipeline\\Pipeline->Illuminate\\Pipeline\\{closure}(Object(Illuminate\\Http\\Request))
#32 D:\\laragon\\www\\PuraniJeans\\vendor\\laravel\\framework\\src\\Illuminate\\Pipeline\\Pipeline.php(180): Illuminate\\View\\Middleware\\ShareErrorsFromSession->handle(Object(Illuminate\\Http\\Request), Object(Closure))
#33 D:\\laragon\\www\\PuraniJeans\\vendor\\laravel\\framework\\src\\Illuminate\\Session\\Middleware\\StartSession.php(121): Illuminate\\Pipeline\\Pipeline->Illuminate\\Pipeline\\{closure}(Object(Illuminate\\Http\\Request))
#34 D:\\laragon\\www\\PuraniJeans\\vendor\\laravel\\framework\\src\\Illuminate\\Session\\Middleware\\StartSession.php(64): Illuminate\\Session\\Middleware\\StartSession->handleStatefulRequest(Object(Illuminate\\Http\\Request), Object(Illuminate\\Session\\Store), Object(Closure))
#35 D:\\laragon\\www\\PuraniJeans\\vendor\\laravel\\framework\\src\\Illuminate\\Pipeline\\Pipeline.php(180): Illuminate\\Session\\Middleware\\StartSession->handle(Object(Illuminate\\Http\\Request), Object(Closure))
#36 D:\\laragon\\www\\PuraniJeans\\vendor\\laravel\\framework\\src\\Illuminate\\Cookie\\Middleware\\AddQueuedCookiesToResponse.php(37): Illuminate\\Pipeline\\Pipeline->Illuminate\\Pipeline\\{closure}(Object(Illuminate\\Http\\Request))
#37 D:\\laragon\\www\\PuraniJeans\\vendor\\laravel\\framework\\src\\Illuminate\\Pipeline\\Pipeline.php(180): Illuminate\\Cookie\\Middleware\\AddQueuedCookiesToResponse->handle(Object(Illuminate\\Http\\Request), Object(Closure))
#38 D:\\laragon\\www\\PuraniJeans\\vendor\\laravel\\framework\\src\\Illuminate\\Cookie\\Middleware\\EncryptCookies.php(67): Illuminate\\Pipeline\\Pipeline->Illuminate\\Pipeline\\{closure}(Object(Illuminate\\Http\\Request))
#39 D:\\laragon\\www\\PuraniJeans\\vendor\\laravel\\framework\\src\\Illuminate\\Pipeline\\Pipeline.php(180): Illuminate\\Cookie\\Middleware\\EncryptCookies->handle(Object(Illuminate\\Http\\Request), Object(Closure))
#40 D:\\laragon\\www\\PuraniJeans\\vendor\\laravel\\framework\\src\\Illuminate\\Pipeline\\Pipeline.php(116): Illuminate\\Pipeline\\Pipeline->Illuminate\\Pipeline\\{closure}(Object(Illuminate\\Http\\Request))
#41 D:\\laragon\\www\\PuraniJeans\\vendor\\laravel\\framework\\src\\Illuminate\\Routing\\Router.php(800): Illuminate\\Pipeline\\Pipeline->then(Object(Closure))
#42 D:\\laragon\\www\\PuraniJeans\\vendor\\laravel\\framework\\src\\Illuminate\\Routing\\Router.php(777): Illuminate\\Routing\\Router->runRouteWithinStack(Object(Illuminate\\Routing\\Route), Object(Illuminate\\Http\\Request))
#43 D:\\laragon\\www\\PuraniJeans\\vendor\\laravel\\framework\\src\\Illuminate\\Routing\\Router.php(741): Illuminate\\Routing\\Router->runRoute(Object(Illuminate\\Http\\Request), Object(Illuminate\\Routing\\Route))
#44 D:\\laragon\\www\\PuraniJeans\\vendor\\laravel\\framework\\src\\Illuminate\\Routing\\Router.php(730): Illuminate\\Routing\\Router->dispatchToRoute(Object(Illuminate\\Http\\Request))
#45 D:\\laragon\\www\\PuraniJeans\\vendor\\laravel\\framework\\src\\Illuminate\\Foundation\\Http\\Kernel.php(200): Illuminate\\Routing\\Router->dispatch(Object(Illuminate\\Http\\Request))
#46 D:\\laragon\\www\\PuraniJeans\\vendor\\laravel\\framework\\src\\Illuminate\\Pipeline\\Pipeline.php(141): Illuminate\\Foundation\\Http\\Kernel->Illuminate\\Foundation\\Http\\{closure}(Object(Illuminate\\Http\\Request))
#47 D:\\laragon\\www\\PuraniJeans\\vendor\\sentry\\sentry-laravel\\src\\Sentry\\Laravel\\Http\\SetRequestIpMiddleware.php(45): Illuminate\\Pipeline\\Pipeline->Illuminate\\Pipeline\\{closure}(Object(Illuminate\\Http\\Request))
#48 D:\\laragon\\www\\PuraniJeans\\vendor\\laravel\\framework\\src\\Illuminate\\Pipeline\\Pipeline.php(180): Sentry\\Laravel\\Http\\SetRequestIpMiddleware->handle(Object(Illuminate\\Http\\Request), Object(Closure))
#49 D:\\laragon\\www\\PuraniJeans\\vendor\\sentry\\sentry-laravel\\src\\Sentry\\Laravel\\Http\\SetRequestMiddleware.php(30): Illuminate\\Pipeline\\Pipeline->Illuminate\\Pipeline\\{closure}(Object(Illuminate\\Http\\Request))
#50 D:\\laragon\\www\\PuraniJeans\\vendor\\laravel\\framework\\src\\Illuminate\\Pipeline\\Pipeline.php(180): Sentry\\Laravel\\Http\\SetRequestMiddleware->handle(Object(Illuminate\\Http\\Request), Object(Closure))
#51 D:\\laragon\\www\\PuraniJeans\\vendor\\laravel\\framework\\src\\Illuminate\\Foundation\\Http\\Middleware\\TransformsRequest.php(21): Illuminate\\Pipeline\\Pipeline->Illuminate\\Pipeline\\{closure}(Object(Illuminate\\Http\\Request))
#52 D:\\laragon\\www\\PuraniJeans\\vendor\\laravel\\framework\\src\\Illuminate\\Foundation\\Http\\Middleware\\ConvertEmptyStringsToNull.php(31): Illuminate\\Foundation\\Http\\Middleware\\TransformsRequest->handle(Object(Illuminate\\Http\\Request), Object(Closure))
#53 D:\\laragon\\www\\PuraniJeans\\vendor\\laravel\\framework\\src\\Illuminate\\Pipeline\\Pipeline.php(180): Illuminate\\Foundation\\Http\\Middleware\\ConvertEmptyStringsToNull->handle(Object(Illuminate\\Http\\Request), Object(Closure))
#54 D:\\laragon\\www\\PuraniJeans\\vendor\\laravel\\framework\\src\\Illuminate\\Foundation\\Http\\Middleware\\TransformsRequest.php(21): Illuminate\\Pipeline\\Pipeline->Illuminate\\Pipeline\\{closure}(Object(Illuminate\\Http\\Request))
#55 D:\\laragon\\www\\PuraniJeans\\vendor\\laravel\\framework\\src\\Illuminate\\Foundation\\Http\\Middleware\\TrimStrings.php(40): Illuminate\\Foundation\\Http\\Middleware\\TransformsRequest->handle(Object(Illuminate\\Http\\Request), Object(Closure))
#56 D:\\laragon\\www\\PuraniJeans\\vendor\\laravel\\framework\\src\\Illuminate\\Pipeline\\Pipeline.php(180): Illuminate\\Foundation\\Http\\Middleware\\TrimStrings->handle(Object(Illuminate\\Http\\Request), Object(Closure))
#57 D:\\laragon\\www\\PuraniJeans\\vendor\\laravel\\framework\\src\\Illuminate\\Foundation\\Http\\Middleware\\ValidatePostSize.php(27): Illuminate\\Pipeline\\Pipeline->Illuminate\\Pipeline\\{closure}(Object(Illuminate\\Http\\Request))
#58 D:\\laragon\\www\\PuraniJeans\\vendor\\laravel\\framework\\src\\Illuminate\\Pipeline\\Pipeline.php(180): Illuminate\\Foundation\\Http\\Middleware\\ValidatePostSize->handle(Object(Illuminate\\Http\\Request), Object(Closure))
#59 D:\\laragon\\www\\PuraniJeans\\vendor\\laravel\\framework\\src\\Illuminate\\Foundation\\Http\\Middleware\\PreventRequestsDuringMaintenance.php(86): Illuminate\\Pipeline\\Pipeline->Illuminate\\Pipeline\\{closure}(Object(Illuminate\\Http\\Request))
#60 D:\\laragon\\www\\PuraniJeans\\vendor\\laravel\\framework\\src\\Illuminate\\Pipeline\\Pipeline.php(180): Illuminate\\Foundation\\Http\\Middleware\\PreventRequestsDuringMaintenance->handle(Object(Illuminate\\Http\\Request), Object(Closure))
#61 D:\\laragon\\www\\PuraniJeans\\vendor\\laravel\\framework\\src\\Illuminate\\Http\\Middleware\\HandleCors.php(49): Illuminate\\Pipeline\\Pipeline->Illuminate\\Pipeline\\{closure}(Object(Illuminate\\Http\\Request))
#62 D:\\laragon\\www\\PuraniJeans\\vendor\\laravel\\framework\\src\\Illuminate\\Pipeline\\Pipeline.php(180): Illuminate\\Http\\Middleware\\HandleCors->handle(Object(Illuminate\\Http\\Request), Object(Closure))
#63 D:\\laragon\\www\\PuraniJeans\\vendor\\laravel\\framework\\src\\Illuminate\\Http\\Middleware\\TrustProxies.php(39): Illuminate\\Pipeline\\Pipeline->Illuminate\\Pipeline\\{closure}(Object(Illuminate\\Http\\Request))
#64 D:\\laragon\\www\\PuraniJeans\\vendor\\laravel\\framework\\src\\Illuminate\\Pipeline\\Pipeline.php(180): Illuminate\\Http\\Middleware\\TrustProxies->handle(Object(Illuminate\\Http\\Request), Object(Closure))
#65 D:\\laragon\\www\\PuraniJeans\\vendor\\sentry\\sentry-laravel\\src\\Sentry\\Laravel\\Tracing\\Middleware.php(77): Illuminate\\Pipeline\\Pipeline->Illuminate\\Pipeline\\{closure}(Object(Illuminate\\Http\\Request))
#66 D:\\laragon\\www\\PuraniJeans\\vendor\\laravel\\framework\\src\\Illuminate\\Pipeline\\Pipeline.php(180): Sentry\\Laravel\\Tracing\\Middleware->handle(Object(Illuminate\\Http\\Request), Object(Closure))
#67 D:\\laragon\\www\\PuraniJeans\\vendor\\laravel\\framework\\src\\Illuminate\\Pipeline\\Pipeline.php(116): Illuminate\\Pipeline\\Pipeline->Illuminate\\Pipeline\\{closure}(Object(Illuminate\\Http\\Request))
#68 D:\\laragon\\www\\PuraniJeans\\vendor\\laravel\\framework\\src\\Illuminate\\Foundation\\Http\\Kernel.php(175): Illuminate\\Pipeline\\Pipeline->then(Object(Closure))
#69 D:\\laragon\\www\\PuraniJeans\\vendor\\laravel\\framework\\src\\Illuminate\\Foundation\\Http\\Kernel.php(144): Illuminate\\Foundation\\Http\\Kernel->sendRequestThroughRouter(Object(Illuminate\\Http\\Request))
#70 D:\\laragon\\www\\PuraniJeans\\public\\index.php(52): Illuminate\\Foundation\\Http\\Kernel->handle(Object(Illuminate\\Http\\Request))
#71 {main}
"} 
[2023-09-02 15:47:59] dev.ERROR: ErrorException: Undefined array key 0 in D:\laragon\www\PuraniJeans\app\Http\Controllers\Web\UserController.php:222
Stack trace:
#0 D:\laragon\www\PuraniJeans\vendor\laravel\framework\src\Illuminate\Foundation\Bootstrap\HandleExceptions.php(254): Illuminate\Foundation\Bootstrap\HandleExceptions->handleError(2, 'Undefined array...', 'D:\\laragon\\www\\...', 222)
#1 D:\laragon\www\PuraniJeans\app\Http\Controllers\Web\UserController.php(222): Illuminate\Foundation\Bootstrap\HandleExceptions->Illuminate\Foundation\Bootstrap\{closure}(2, 'Undefined array...', 'D:\\laragon\\www\\...', 222)
#2 D:\laragon\www\PuraniJeans\vendor\laravel\framework\src\Illuminate\Container\BoundMethod.php(36): App\Http\Controllers\Web\UserController->App\Http\Controllers\Web\{closure}(Object(App\Models\User))
#3 D:\laragon\www\PuraniJeans\vendor\laravel\framework\src\Illuminate\Container\Util.php(41): Illuminate\Container\BoundMethod::Illuminate\Container\{closure}()
#4 D:\laragon\www\PuraniJeans\vendor\laravel\framework\src\Illuminate\Container\BoundMethod.php(81): Illuminate\Container\Util::unwrapIfClosure(Object(Closure))
#5 D:\laragon\www\PuraniJeans\vendor\laravel\framework\src\Illuminate\Container\BoundMethod.php(37): Illuminate\Container\BoundMethod::callBoundMethod(Object(Illuminate\Foundation\Application), Object(Closure), Object(Closure))
#6 D:\laragon\www\PuraniJeans\vendor\laravel\framework\src\Illuminate\Container\Container.php(662): Illuminate\Container\BoundMethod::call(Object(Illuminate\Foundation\Application), Object(Closure), Array, NULL)
#7 D:\laragon\www\PuraniJeans\vendor\yajra\laravel-datatables-oracle\src\Utilities\Helper.php(107): Illuminate\Container\Container->call(Object(Closure), Array)
#8 D:\laragon\www\PuraniJeans\vendor\yajra\laravel-datatables-oracle\src\Processors\DataProcessor.php(151): Yajra\DataTables\Utilities\Helper::compileContent(Object(Closure), Array, Object(App\Models\User))
#9 D:\laragon\www\PuraniJeans\vendor\yajra\laravel-datatables-oracle\src\Processors\DataProcessor.php(116): Yajra\DataTables\Processors\DataProcessor->addColumns(Array, Object(App\Models\User))
#10 D:\laragon\www\PuraniJeans\vendor\yajra\laravel-datatables-oracle\src\DataTableAbstract.php(858): Yajra\DataTables\Processors\DataProcessor->process(true)
#11 D:\laragon\www\PuraniJeans\vendor\yajra\laravel-datatables-oracle\src\CollectionDataTable.php(172): Yajra\DataTables\DataTableAbstract->processResults(Object(Illuminate\Database\Eloquent\Collection), true)
#12 D:\laragon\www\PuraniJeans\app\Http\Controllers\Web\UserController.php(248): Yajra\DataTables\CollectionDataTable->make(true)
#13 D:\laragon\www\PuraniJeans\app\Http\Controllers\Web\UserController.php(190): App\Http\Controllers\Web\UserController->makeDatatable(Array)
#14 D:\laragon\www\PuraniJeans\vendor\laravel\framework\src\Illuminate\Routing\Controller.php(54): App\Http\Controllers\Web\UserController->getListingRecord(Object(Illuminate\Http\Request))
#15 D:\laragon\www\PuraniJeans\vendor\laravel\framework\src\Illuminate\Routing\ControllerDispatcher.php(43): Illuminate\Routing\Controller->callAction('getListingRecor...', Array)
#16 D:\laragon\www\PuraniJeans\vendor\sentry\sentry-laravel\src\Sentry\Laravel\Tracing\Routing\TracingControllerDispatcherTracing.php(21): Illuminate\Routing\ControllerDispatcher->dispatch(Object(Illuminate\Routing\Route), Object(App\Http\Controllers\Web\UserController), 'getListingRecor...')
#17 D:\laragon\www\PuraniJeans\vendor\sentry\sentry-laravel\src\Sentry\Laravel\Tracing\Routing\TracingRoutingDispatcher.php(31): Sentry\Laravel\Tracing\Routing\TracingControllerDispatcherTracing->Sentry\Laravel\Tracing\Routing\{closure}()
#18 D:\laragon\www\PuraniJeans\vendor\sentry\sentry-laravel\src\Sentry\Laravel\Tracing\Routing\TracingControllerDispatcherTracing.php(20): Sentry\Laravel\Tracing\Routing\TracingRoutingDispatcher->wrapRouteDispatch(Object(Closure), Object(Illuminate\Routing\Route))
#19 D:\laragon\www\PuraniJeans\vendor\laravel\framework\src\Illuminate\Routing\Route.php(260): Sentry\Laravel\Tracing\Routing\TracingControllerDispatcherTracing->dispatch(Object(Illuminate\Routing\Route), Object(App\Http\Controllers\Web\UserController), 'getListingRecor...')
#20 D:\laragon\www\PuraniJeans\vendor\laravel\framework\src\Illuminate\Routing\Route.php(205): Illuminate\Routing\Route->runController()
#21 D:\laragon\www\PuraniJeans\vendor\laravel\framework\src\Illuminate\Routing\Router.php(799): Illuminate\Routing\Route->run()
#22 D:\laragon\www\PuraniJeans\vendor\laravel\framework\src\Illuminate\Pipeline\Pipeline.php(141): Illuminate\Routing\Router->Illuminate\Routing\{closure}(Object(Illuminate\Http\Request))
#23 D:\laragon\www\PuraniJeans\vendor\laravel\framework\src\Illuminate\Routing\Middleware\SubstituteBindings.php(50): Illuminate\Pipeline\Pipeline->Illuminate\Pipeline\{closure}(Object(Illuminate\Http\Request))
#24 D:\laragon\www\PuraniJeans\vendor\laravel\framework\src\Illuminate\Pipeline\Pipeline.php(180): Illuminate\Routing\Middleware\SubstituteBindings->handle(Object(Illuminate\Http\Request), Object(Closure))
#25 D:\laragon\www\PuraniJeans\vendor\laravel\framework\src\Illuminate\Auth\Middleware\Authenticate.php(57): Illuminate\Pipeline\Pipeline->Illuminate\Pipeline\{closure}(Object(Illuminate\Http\Request))
#26 D:\laragon\www\PuraniJeans\vendor\laravel\framework\src\Illuminate\Pipeline\Pipeline.php(180): Illuminate\Auth\Middleware\Authenticate->handle(Object(Illuminate\Http\Request), Object(Closure))
#27 D:\laragon\www\PuraniJeans\vendor\laravel\framework\src\Illuminate\Foundation\Http\Middleware\VerifyCsrfToken.php(78): Illuminate\Pipeline\Pipeline->Illuminate\Pipeline\{closure}(Object(Illuminate\Http\Request))
#28 D:\laragon\www\PuraniJeans\vendor\laravel\framework\src\Illuminate\Pipeline\Pipeline.php(180): Illuminate\Foundation\Http\Middleware\VerifyCsrfToken->handle(Object(Illuminate\Http\Request), Object(Closure))
#29 D:\laragon\www\PuraniJeans\vendor\laravel\framework\src\Illuminate\View\Middleware\ShareErrorsFromSession.php(49): Illuminate\Pipeline\Pipeline->Illuminate\Pipeline\{closure}(Object(Illuminate\Http\Request))
#30 D:\laragon\www\PuraniJeans\vendor\laravel\framework\src\Illuminate\Pipeline\Pipeline.php(180): Illuminate\View\Middleware\ShareErrorsFromSession->handle(Object(Illuminate\Http\Request), Object(Closure))
#31 D:\laragon\www\PuraniJeans\vendor\laravel\framework\src\Illuminate\Session\Middleware\StartSession.php(121): Illuminate\Pipeline\Pipeline->Illuminate\Pipeline\{closure}(Object(Illuminate\Http\Request))
#32 D:\laragon\www\PuraniJeans\vendor\laravel\framework\src\Illuminate\Session\Middleware\StartSession.php(64): Illuminate\Session\Middleware\StartSession->handleStatefulRequest(Object(Illuminate\Http\Request), Object(Illuminate\Session\Store), Object(Closure))
#33 D:\laragon\www\PuraniJeans\vendor\laravel\framework\src\Illuminate\Pipeline\Pipeline.php(180): Illuminate\Session\Middleware\StartSession->handle(Object(Illuminate\Http\Request), Object(Closure))
#34 D:\laragon\www\PuraniJeans\vendor\laravel\framework\src\Illuminate\Cookie\Middleware\AddQueuedCookiesToResponse.php(37): Illuminate\Pipeline\Pipeline->Illuminate\Pipeline\{closure}(Object(Illuminate\Http\Request))
#35 D:\laragon\www\PuraniJeans\vendor\laravel\framework\src\Illuminate\Pipeline\Pipeline.php(180): Illuminate\Cookie\Middleware\AddQueuedCookiesToResponse->handle(Object(Illuminate\Http\Request), Object(Closure))
#36 D:\laragon\www\PuraniJeans\vendor\laravel\framework\src\Illuminate\Cookie\Middleware\EncryptCookies.php(67): Illuminate\Pipeline\Pipeline->Illuminate\Pipeline\{closure}(Object(Illuminate\Http\Request))
#37 D:\laragon\www\PuraniJeans\vendor\laravel\framework\src\Illuminate\Pipeline\Pipeline.php(180): Illuminate\Cookie\Middleware\EncryptCookies->handle(Object(Illuminate\Http\Request), Object(Closure))
#38 D:\laragon\www\PuraniJeans\vendor\laravel\framework\src\Illuminate\Pipeline\Pipeline.php(116): Illuminate\Pipeline\Pipeline->Illuminate\Pipeline\{closure}(Object(Illuminate\Http\Request))
#39 D:\laragon\www\PuraniJeans\vendor\laravel\framework\src\Illuminate\Routing\Router.php(800): Illuminate\Pipeline\Pipeline->then(Object(Closure))
#40 D:\laragon\www\PuraniJeans\vendor\laravel\framework\src\Illuminate\Routing\Router.php(777): Illuminate\Routing\Router->runRouteWithinStack(Object(Illuminate\Routing\Route), Object(Illuminate\Http\Request))
#41 D:\laragon\www\PuraniJeans\vendor\laravel\framework\src\Illuminate\Routing\Router.php(741): Illuminate\Routing\Router->runRoute(Object(Illuminate\Http\Request), Object(Illuminate\Routing\Route))
#42 D:\laragon\www\PuraniJeans\vendor\laravel\framework\src\Illuminate\Routing\Router.php(730): Illuminate\Routing\Router->dispatchToRoute(Object(Illuminate\Http\Request))
#43 D:\laragon\www\PuraniJeans\vendor\laravel\framework\src\Illuminate\Foundation\Http\Kernel.php(200): Illuminate\Routing\Router->dispatch(Object(Illuminate\Http\Request))
#44 D:\laragon\www\PuraniJeans\vendor\laravel\framework\src\Illuminate\Pipeline\Pipeline.php(141): Illuminate\Foundation\Http\Kernel->Illuminate\Foundation\Http\{closure}(Object(Illuminate\Http\Request))
#45 D:\laragon\www\PuraniJeans\vendor\sentry\sentry-laravel\src\Sentry\Laravel\Http\SetRequestIpMiddleware.php(45): Illuminate\Pipeline\Pipeline->Illuminate\Pipeline\{closure}(Object(Illuminate\Http\Request))
#46 D:\laragon\www\PuraniJeans\vendor\laravel\framework\src\Illuminate\Pipeline\Pipeline.php(180): Sentry\Laravel\Http\SetRequestIpMiddleware->handle(Object(Illuminate\Http\Request), Object(Closure))
#47 D:\laragon\www\PuraniJeans\vendor\sentry\sentry-laravel\src\Sentry\Laravel\Http\SetRequestMiddleware.php(30): Illuminate\Pipeline\Pipeline->Illuminate\Pipeline\{closure}(Object(Illuminate\Http\Request))
#48 D:\laragon\www\PuraniJeans\vendor\laravel\framework\src\Illuminate\Pipeline\Pipeline.php(180): Sentry\Laravel\Http\SetRequestMiddleware->handle(Object(Illuminate\Http\Request), Object(Closure))
#49 D:\laragon\www\PuraniJeans\vendor\laravel\framework\src\Illuminate\Foundation\Http\Middleware\TransformsRequest.php(21): Illuminate\Pipeline\Pipeline->Illuminate\Pipeline\{closure}(Object(Illuminate\Http\Request))
#50 D:\laragon\www\PuraniJeans\vendor\laravel\framework\src\Illuminate\Foundation\Http\Middleware\ConvertEmptyStringsToNull.php(31): Illuminate\Foundation\Http\Middleware\TransformsRequest->handle(Object(Illuminate\Http\Request), Object(Closure))
#51 D:\laragon\www\PuraniJeans\vendor\laravel\framework\src\Illuminate\Pipeline\Pipeline.php(180): Illuminate\Foundation\Http\Middleware\ConvertEmptyStringsToNull->handle(Object(Illuminate\Http\Request), Object(Closure))
#52 D:\laragon\www\PuraniJeans\vendor\laravel\framework\src\Illuminate\Foundation\Http\Middleware\TransformsRequest.php(21): Illuminate\Pipeline\Pipeline->Illuminate\Pipeline\{closure}(Object(Illuminate\Http\Request))
#53 D:\laragon\www\PuraniJeans\vendor\laravel\framework\src\Illuminate\Foundation\Http\Middleware\TrimStrings.php(40): Illuminate\Foundation\Http\Middleware\TransformsRequest->handle(Object(Illuminate\Http\Request), Object(Closure))
#54 D:\laragon\www\PuraniJeans\vendor\laravel\framework\src\Illuminate\Pipeline\Pipeline.php(180): Illuminate\Foundation\Http\Middleware\TrimStrings->handle(Object(Illuminate\Http\Request), Object(Closure))
#55 D:\laragon\www\PuraniJeans\vendor\laravel\framework\src\Illuminate\Foundation\Http\Middleware\ValidatePostSize.php(27): Illuminate\Pipeline\Pipeline->Illuminate\Pipeline\{closure}(Object(Illuminate\Http\Request))
#56 D:\laragon\www\PuraniJeans\vendor\laravel\framework\src\Illuminate\Pipeline\Pipeline.php(180): Illuminate\Foundation\Http\Middleware\ValidatePostSize->handle(Object(Illuminate\Http\Request), Object(Closure))
#57 D:\laragon\www\PuraniJeans\vendor\laravel\framework\src\Illuminate\Foundation\Http\Middleware\PreventRequestsDuringMaintenance.php(86): Illuminate\Pipeline\Pipeline->Illuminate\Pipeline\{closure}(Object(Illuminate\Http\Request))
#58 D:\laragon\www\PuraniJeans\vendor\laravel\framework\src\Illuminate\Pipeline\Pipeline.php(180): Illuminate\Foundation\Http\Middleware\PreventRequestsDuringMaintenance->handle(Object(Illuminate\Http\Request), Object(Closure))
#59 D:\laragon\www\PuraniJeans\vendor\laravel\framework\src\Illuminate\Http\Middleware\HandleCors.php(49): Illuminate\Pipeline\Pipeline->Illuminate\Pipeline\{closure}(Object(Illuminate\Http\Request))
#60 D:\laragon\www\PuraniJeans\vendor\laravel\framework\src\Illuminate\Pipeline\Pipeline.php(180): Illuminate\Http\Middleware\HandleCors->handle(Object(Illuminate\Http\Request), Object(Closure))
#61 D:\laragon\www\PuraniJeans\vendor\laravel\framework\src\Illuminate\Http\Middleware\TrustProxies.php(39): Illuminate\Pipeline\Pipeline->Illuminate\Pipeline\{closure}(Object(Illuminate\Http\Request))
#62 D:\laragon\www\PuraniJeans\vendor\laravel\framework\src\Illuminate\Pipeline\Pipeline.php(180): Illuminate\Http\Middleware\TrustProxies->handle(Object(Illuminate\Http\Request), Object(Closure))
#63 D:\laragon\www\PuraniJeans\vendor\sentry\sentry-laravel\src\Sentry\Laravel\Tracing\Middleware.php(77): Illuminate\Pipeline\Pipeline->Illuminate\Pipeline\{closure}(Object(Illuminate\Http\Request))
#64 D:\laragon\www\PuraniJeans\vendor\laravel\framework\src\Illuminate\Pipeline\Pipeline.php(180): Sentry\Laravel\Tracing\Middleware->handle(Object(Illuminate\Http\Request), Object(Closure))
#65 D:\laragon\www\PuraniJeans\vendor\laravel\framework\src\Illuminate\Pipeline\Pipeline.php(116): Illuminate\Pipeline\Pipeline->Illuminate\Pipeline\{closure}(Object(Illuminate\Http\Request))
#66 D:\laragon\www\PuraniJeans\vendor\laravel\framework\src\Illuminate\Foundation\Http\Kernel.php(175): Illuminate\Pipeline\Pipeline->then(Object(Closure))
#67 D:\laragon\www\PuraniJeans\vendor\laravel\framework\src\Illuminate\Foundation\Http\Kernel.php(144): Illuminate\Foundation\Http\Kernel->sendRequestThroughRouter(Object(Illuminate\Http\Request))
#68 D:\laragon\www\PuraniJeans\public\index.php(52): Illuminate\Foundation\Http\Kernel->handle(Object(Illuminate\Http\Request))
#69 {main}  
